aegis_ffi.adb:13:06: warning: redundant with clause in body [-gnatwr]
aegis_ffi.adb:13:18: warning: "Interfaces" is already use-visible through previous use_clause at aegis_ffi.ads:22 [-gnatwr]
aegis_ffi.adb:48:06: warning: unit "Scarab_Aadkg" is not referenced [-gnatwu]
aegis_ffi.adb:49:06: warning: unit "Scarab_Horus" is not referenced [-gnatwu]
aegis_ffi.adb:50:06: warning: unit "Scarab_Tefnut" is not referenced [-gnatwu]
aegis_ffi.adb:51:06: warning: unit "Scarab_Maat" is not referenced [-gnatwu]
aegis_ffi.adb:52:06: warning: unit "Scarab_Thoth" is not referenced [-gnatwu]
aegis_ffi.adb:53:06: warning: unit "Scarab_Sekhmet" is not referenced [-gnatwu]
aegis_ffi.adb:142:61: warning: array aggregate using () is an obsolescent syntax, use [] instead [-gnatwj]
aegis_ffi.adb:190:10: warning: possible aliasing problem for type "Msg_Ptr" [enabled by default]
aegis_ffi.adb:190:10: warning: use -fno-strict-aliasing switch for references [enabled by default]
aegis_ffi.adb:190:10: warning: types for unchecked conversion have different sizes [-gnatwz]
aegis_ffi.adb:192:60: warning: array aggregate using () is an obsolescent syntax, use [] instead [-gnatwj]
aegis_ffi.adb:251:10: warning: possible aliasing problem for type "Msg_Ptr" [enabled by default]
aegis_ffi.adb:251:10: warning: use -fno-strict-aliasing switch for references [enabled by default]
aegis_ffi.adb:251:10: warning: types for unchecked conversion have different sizes [-gnatwz]
aegis_ffi.adb:298:58: warning: array aggregate using () is an obsolescent syntax, use [] instead [-gnatwj]
aegis_ffi.adb:299:58: warning: array aggregate using () is an obsolescent syntax, use [] instead [-gnatwj]
aegis_ffi.adb:306:58: warning: array aggregate using () is an obsolescent syntax, use [] instead [-gnatwj]
aegis_ffi.adb:348:58: warning: array aggregate using () is an obsolescent syntax, use [] instead [-gnatwj]
aegis_ffi.adb:414:67: warning: array aggregate using () is an obsolescent syntax, use [] instead [-gnatwj]
aegis_ffi.adb:457:67: warning: array aggregate using () is an obsolescent syntax, use [] instead [-gnatwj]
aegis_ffi.adb:500:67: warning: array aggregate using () is an obsolescent syntax, use [] instead [-gnatwj]
aegis_ffi.adb:539:67: warning: array aggregate using () is an obsolescent syntax, use [] instead [-gnatwj]
aegis_ffi.adb:582:67: warning: array aggregate using () is an obsolescent syntax, use [] instead [-gnatwj]
aegis_ffi.adb:858:27: warning: use of an anonymous access type allocator [-gnatw_a]
aegis_ffi.adb:860:24: warning: use of an anonymous access type allocator [-gnatw_a]
aegis_ffi.adb:888:27: warning: use of an anonymous access type allocator [-gnatw_a]
aegis_ffi.adb:890:24: warning: use of an anonymous access type allocator [-gnatw_a]
aegis_ffi.adb:1028:38: warning: redundant conversion, expression is of type "unsigned_long" [-gnatwr]
aegis_ffi.adb:1177:38: warning: redundant conversion, expression is of type "unsigned_long" [-gnatwr]
aegis_ffi.adb:1193:35: warning: redundant conversion, expression is of type "unsigned_long" [-gnatwr]
aegis_ffi.adb:1395:24: warning: array aggregate using () is an obsolescent syntax, use [] instead [-gnatwj]
aegis_ffi.adb:1396:24: warning: array aggregate using () is an obsolescent syntax, use [] instead [-gnatwj]
aegis_ffi.adb:1397:25: warning: array aggregate using () is an obsolescent syntax, use [] instead [-gnatwj]
aegis_ffi.adb:1398:33: warning: array aggregate using () is an obsolescent syntax, use [] instead [-gnatwj]
aegis_ffi.adb:1457:24: warning: array aggregate using () is an obsolescent syntax, use [] instead [-gnatwj]
aegis_ffi.adb:1458:24: warning: array aggregate using () is an obsolescent syntax, use [] instead [-gnatwj]
aegis_ffi.adb:1459:25: warning: array aggregate using () is an obsolescent syntax, use [] instead [-gnatwj]
aegis_ffi.adb:1460:33: warning: array aggregate using () is an obsolescent syntax, use [] instead [-gnatwj]
aegis_ffi.adb:1590:37: warning: array aggregate using () is an obsolescent syntax, use [] instead [-gnatwj]
aegis_ffi.adb:1608:40: warning: array aggregate using () is an obsolescent syntax, use [] instead [-gnatwj]
aegis_ffi.adb:1735:26: warning: array aggregate using () is an obsolescent syntax, use [] instead [-gnatwj]
aegis_ffi.adb:2448:07: warning: formal parameter "Input_Values" is not referenced [-gnatwf]
aegis_ffi.adb:2450:07: warning: formal parameter "Output_Values" is not referenced [-gnatwf]
aegis_ffi.adb:2592:66: warning: array aggregate using () is an obsolescent syntax, use [] instead [-gnatwj]
aegis_ffi.adb:2710:10: warning: variable "Attrs" is assigned but never read [-gnatwm]
aegis_ffi.adb:2715:68: warning: array aggregate using () is an obsolescent syntax, use [] instead [-gnatwj]
aegis_ffi.adb:2795:68: warning: array aggregate using () is an obsolescent syntax, use [] instead [-gnatwj]
aegis_ffi.adb:2852:07: warning: formal parameter "TTL_Blocks" is not referenced [-gnatwf]
aegis_ffi.adb:2877:60: warning: array aggregate using () is an obsolescent syntax, use [] instead [-gnatwj]
aegis_ffi.adb:2892:74: warning: array aggregate using () is an obsolescent syntax, use [] instead [-gnatwj]
aegis_ffi.adb:3273:21: warning: array aggregate using () is an obsolescent syntax, use [] instead [-gnatwj]
aegis_ffi.adb:3325:10: warning: "Domain_Sep" is not modified, could be declared constant [-gnatwk]
aegis_ffi.adb:3325:60: warning: array aggregate using () is an obsolescent syntax, use [] instead [-gnatwj]
aegis_ffi.adb:3413:07: warning: formal parameter "Public_Keys" is not referenced [-gnatwf]
aegis_ffi.adb:3414:07: warning: formal parameter "Messages" is not referenced [-gnatwf]
aegis_ffi.adb:3485:98: warning: array aggregate using () is an obsolescent syntax, use [] instead [-gnatwj]
aegis_ffi.adb:3495:10: warning: variable "Msg_Hash" is never read and never assigned [-gnatwu]
aegis_ffi.adb:3498:86: warning: array aggregate using () is an obsolescent syntax, use [] instead [-gnatwj]
aegis_ffi.adb:3505:10: warning: "Group_ID" is not modified, could be declared constant [-gnatwk]
aegis_ffi.adb:3505:58: warning: array aggregate using () is an obsolescent syntax, use [] instead [-gnatwj]
aegis_ffi.adb:3616:07: warning: formal parameter "Sig_Len" is not referenced [-gnatwf]
aegis_ffi.adb:3618:07: warning: formal parameter "Msg_Len" is not referenced [-gnatwf]
aegis_ffi.adb:3701:07: warning: formal parameter "Public_Keys" is not referenced [-gnatwf]
aegis_ffi.adb:3702:07: warning: formal parameter "TX_Hashes" is not referenced [-gnatwf]
aegis_ffi.adb:3724:07: warning: formal parameter "Prev_State" is not referenced [-gnatwf]
aegis_ffi.adb:3725:07: warning: formal parameter "Expected_State" is not referenced [-gnatwf]
aegis_ffi.adb:3755:07: warning: formal parameter "Query_Value" is not referenced [-gnatwf]
aegis_ffi.adb:3756:07: warning: formal parameter "Value_Len" is not referenced [-gnatwf]
aegis_ffi.adb:3811:07: warning: formal parameter "Query_Key" is not referenced [-gnatwf]
aegis_ffi.adb:3812:07: warning: formal parameter "Query_Value" is not referenced [-gnatwf]
aegis_ffi.adb:3813:07: warning: formal parameter "Value_Len" is not referenced [-gnatwf]
aegis_ffi.adb:3814:07: warning: formal parameter "Proof" is not referenced [-gnatwf]
aegis_ffi.adb:3815:07: warning: formal parameter "Proof_Len" is not referenced [-gnatwf]
aegis_ffi.adb:3984:13: warning: function "Aegis_Khepri_Execute" is not referenced [-gnatwu]
clang: warning: overriding deployment version from '16.0' to '26.0' [-Woverriding-deployment-version]
