anubis_mlkem_sample.adb:4:06: warning: redundant with clause in body [-gnatwr]
anubis_mlkem_sample.adb:4:21: warning: "Anubis_Config" is already use-visible through previous use_clause at anubis_mlkem_sample.ads:5 [-gnatwr]
anubis_mlkem_sample.adb:4:21: warning: use clause for package "Anubis_Config" has no effect [-gnatwu]
anubis_mlkem_sample.adb:5:06: warning: redundant with clause in body [-gnatwr]
anubis_mlkem_sample.adb:5:20: warning: "Anubis_Field" is already use-visible through previous use_clause at anubis_mlkem_sample.ads:6 [-gnatwr]
anubis_mlkem_sample.adb:5:20: warning: use clause for package "Anubis_Field" has no effect [-gnatwu]
anubis_mlkem_sample.adb:32:15: warning: array aggregate using () is an obsolescent syntax, use [] instead [-gnatwj]
anubis_mlkem_sample.adb:81:43: warning: array aggregate using () is an obsolescent syntax, use [] instead [-gnatwj]
anubis_mlkem_sample.adb:85:35: warning: explicit membership test may be optimized away [enabled by default]
anubis_mlkem_sample.adb:85:35: warning: use 'Valid attribute instead [enabled by default]
anubis_mlkem_sample.adb:91:35: warning: explicit membership test may be optimized away [enabled by default]
anubis_mlkem_sample.adb:91:35: warning: use 'Valid attribute instead [enabled by default]
anubis_mlkem_sample.adb:93:38: warning: explicit membership test may be optimized away [enabled by default]
anubis_mlkem_sample.adb:93:38: warning: use 'Valid attribute instead [enabled by default]
anubis_mlkem_sample.adb:109:43: warning: array aggregate using () is an obsolescent syntax, use [] instead [-gnatwj]
anubis_mlkem_sample.adb:113:35: warning: explicit membership test may be optimized away [enabled by default]
anubis_mlkem_sample.adb:113:35: warning: use 'Valid attribute instead [enabled by default]
anubis_mlkem_sample.adb:119:35: warning: explicit membership test may be optimized away [enabled by default]
anubis_mlkem_sample.adb:119:35: warning: use 'Valid attribute instead [enabled by default]
anubis_mlkem_sample.adb:121:38: warning: explicit membership test may be optimized away [enabled by default]
anubis_mlkem_sample.adb:121:38: warning: use 'Valid attribute instead [enabled by default]
anubis_mlkem_sample.adb:139:44: warning: array aggregate using () is an obsolescent syntax, use [] instead [-gnatwj]
anubis_mlkem_sample.adb:140:60: warning: array aggregate using () is an obsolescent syntax, use [] instead [-gnatwj]
anubis_mlkem_sample.adb:141:45: warning: array aggregate using () is an obsolescent syntax, use [] instead [-gnatwj]
anubis_mlkem_sample.adb:145:35: warning: explicit membership test may be optimized away [enabled by default]
anubis_mlkem_sample.adb:145:35: warning: use 'Valid attribute instead [enabled by default]
anubis_mlkem_sample.adb:157:15: warning: array aggregate using () is an obsolescent syntax, use [] instead [-gnatwj]
anubis_mlkem_sample.adb:162:35: warning: explicit membership test may be optimized away [enabled by default]
anubis_mlkem_sample.adb:162:35: warning: use 'Valid attribute instead [enabled by default]
anubis_mlkem_sample.adb:179:14: warning: array aggregate using () is an obsolescent syntax, use [] instead [-gnatwj]
anubis_mlkem_sample.adb:179:25: warning: array aggregate using () is an obsolescent syntax, use [] instead [-gnatwj]
anubis_mlkem_sample.adb:181:35: warning: explicit membership test may be optimized away [enabled by default]
anubis_mlkem_sample.adb:181:35: warning: use 'Valid attribute instead [enabled by default]
clang: warning: overriding deployment version from '16.0' to '26.0' [-Woverriding-deployment-version]
