anubis_shield.adb:37:56: warning: array aggregate using () is an obsolescent syntax, use [] instead [-gnatwj]
anubis_shield.adb:61:07: warning: formal parameter "User_KEM_PK" is not referenced [-gnatwf]
anubis_shield.adb:69:46: warning: array aggregate using () is an obsolescent syntax, use [] instead [-gnatwj]
anubis_shield.adb:75:32: warning: array aggregate using () is an obsolescent syntax, use [] instead [-gnatwj]
anubis_shield.adb:77:34: warning: array aggregate using () is an obsolescent syntax, use [] instead [-gnatwj]
anubis_shield.adb:78:27: warning: array aggregate using () is an obsolescent syntax, use [] instead [-gnatwj]
anubis_shield.adb:79:25: warning: array aggregate using () is an obsolescent syntax, use [] instead [-gnatwj]
anubis_shield.adb:80:27: warning: array aggregate using () is an obsolescent syntax, use [] instead [-gnatwj]
anubis_shield.adb:96:45: warning: array aggregate using () is an obsolescent syntax, use [] instead [-gnatwj]
anubis_shield.adb:114:59: warning: array aggregate using () is an obsolescent syntax, use [] instead [-gnatwj]
anubis_shield.adb:155:07: warning: possibly useless assignment to "SS_Buffer", value might not be referenced [-gnatwm]
anubis_shield.adb:155:20: warning: array aggregate using () is an obsolescent syntax, use [] instead [-gnatwj]
anubis_shield.adb:156:07: warning: possibly useless assignment to "AEAD_Key", value might not be referenced [-gnatwm]
anubis_shield.adb:156:19: warning: array aggregate using () is an obsolescent syntax, use [] instead [-gnatwj]
anubis_shield.adb:167:07: warning: formal parameter "User_KEM_SK" is not referenced [-gnatwf]
anubis_shield.adb:174:07: warning: constant "KDF_Label" is not referenced [-gnatwu]
anubis_shield.adb:174:46: warning: array aggregate using () is an obsolescent syntax, use [] instead [-gnatwj]
anubis_shield.adb:178:46: warning: array aggregate using () is an obsolescent syntax, use [] instead [-gnatwj]
anubis_shield.adb:182:20: warning: array aggregate using () is an obsolescent syntax, use [] instead [-gnatwj]
anubis_shield.adb:205:62: warning: array aggregate using () is an obsolescent syntax, use [] instead [-gnatwj]
anubis_shield.adb:245:29: warning: array aggregate using () is an obsolescent syntax, use [] instead [-gnatwj]
anubis_shield.adb:259:07: warning: possibly useless assignment to "SS_Buffer", value might not be referenced [-gnatwm]
anubis_shield.adb:259:20: warning: array aggregate using () is an obsolescent syntax, use [] instead [-gnatwj]
anubis_shield.adb:260:07: warning: possibly useless assignment to "AEAD_Key", value might not be referenced [-gnatwm]
anubis_shield.adb:260:19: warning: array aggregate using () is an obsolescent syntax, use [] instead [-gnatwj]
anubis_shield.adb:309:29: warning: array aggregate using () is an obsolescent syntax, use [] instead [-gnatwj]
anubis_shield.adb:311:29: warning: array aggregate using () is an obsolescent syntax, use [] instead [-gnatwj]
anubis_shield.adb:312:29: warning: array aggregate using () is an obsolescent syntax, use [] instead [-gnatwj]
anubis_shield.adb:313:29: warning: array aggregate using () is an obsolescent syntax, use [] instead [-gnatwj]
anubis_shield.adb:332:07: warning: possibly useless assignment to "Plaintext", value might not be referenced [-gnatwm]
anubis_shield.adb:332:20: warning: array aggregate using () is an obsolescent syntax, use [] instead [-gnatwj]
anubis_shield.adb:343:38: warning: array aggregate using () is an obsolescent syntax, use [] instead [-gnatwj]
anubis_shield.adb:354:38: warning: array aggregate using () is an obsolescent syntax, use [] instead [-gnatwj]
anubis_shield.adb:374:59: warning: array aggregate using () is an obsolescent syntax, use [] instead [-gnatwj]
anubis_shield.adb:406:32: warning: array aggregate using () is an obsolescent syntax, use [] instead [-gnatwj]
anubis_shield.adb:408:34: warning: array aggregate using () is an obsolescent syntax, use [] instead [-gnatwj]
anubis_shield.adb:409:27: warning: array aggregate using () is an obsolescent syntax, use [] instead [-gnatwj]
anubis_shield.adb:410:25: warning: array aggregate using () is an obsolescent syntax, use [] instead [-gnatwj]
anubis_shield.adb:415:28: warning: array aggregate using () is an obsolescent syntax, use [] instead [-gnatwj]
anubis_shield.adb:416:28: warning: array aggregate using () is an obsolescent syntax, use [] instead [-gnatwj]
anubis_shield.adb:417:26: warning: array aggregate using () is an obsolescent syntax, use [] instead [-gnatwj]
anubis_shield.adb:418:31: warning: array aggregate using () is an obsolescent syntax, use [] instead [-gnatwj]
anubis_shield.ads:15:06: warning: no entities of "Anubis_Bytes" are referenced [-gnatwu]
anubis_shield.ads:15:24: warning: use clause for package "Anubis_Bytes" has no effect [-gnatwu]
clang: warning: overriding deployment version from '16.0' to '26.0' [-Woverriding-deployment-version]
