scarab_thoth.adb:43:29: warning: array aggregate using () is an obsolescent syntax, use [] instead [-gnatwj]
scarab_thoth.adb:56:29: warning: array aggregate using () is an obsolescent syntax, use [] instead [-gnatwj]
scarab_thoth.adb:69:29: warning: array aggregate using () is an obsolescent syntax, use [] instead [-gnatwj]
scarab_thoth.adb:82:29: warning: array aggregate using () is an obsolescent syntax, use [] instead [-gnatwj]
scarab_thoth.adb:129:29: warning: array aggregate using () is an obsolescent syntax, use [] instead [-gnatwj]
scarab_thoth.adb:174:29: warning: array aggregate using () is an obsolescent syntax, use [] instead [-gnatwj]
scarab_thoth.adb:255:22: warning: array aggregate using () is an obsolescent syntax, use [] instead [-gnatwj]
scarab_thoth.adb:257:43: warning: array aggregate using () is an obsolescent syntax, use [] instead [-gnatwj]
scarab_thoth.adb:262:26: warning: array aggregate using () is an obsolescent syntax, use [] instead [-gnatwj]
scarab_thoth.adb:267:47: warning: array aggregate using () is an obsolescent syntax, use [] instead [-gnatwj]
scarab_thoth.adb:270:24: warning: array aggregate using () is an obsolescent syntax, use [] instead [-gnatwj]
scarab_thoth.adb:271:47: warning: array aggregate using () is an obsolescent syntax, use [] instead [-gnatwj]
scarab_thoth.adb:392:35: warning: condition is always True [-gnatwc]
scarab_thoth.adb:392:57: warning: condition is always True [-gnatwc]
scarab_thoth.adb:571:07: warning: formal parameter "AIR" is not modified [-gnatwk]
scarab_thoth.adb:571:07: warning: mode could be "in" instead of "in out" [-gnatwk]
scarab_thoth.adb:578:31: warning: array aggregate using () is an obsolescent syntax, use [] instead [-gnatwj]
scarab_thoth.adb:597:40: warning: condition can only be True if invalid values present [-gnatwc]
scarab_thoth.adb:613:25: warning: condition can only be True if invalid values present [-gnatwc]
scarab_thoth.adb:630:60: warning: array aggregate using () is an obsolescent syntax, use [] instead [-gnatwj]
scarab_thoth.adb:771:17: warning: array aggregate using () is an obsolescent syntax, use [] instead [-gnatwj]
scarab_thoth.adb:824:17: warning: array aggregate using () is an obsolescent syntax, use [] instead [-gnatwj]
scarab_thoth.ads:19:06: warning: no entities of "Interfaces" are referenced in spec [-gnatwu]
scarab_thoth.ads:19:06: warning: with clause might be moved to body [-gnatwu]
scarab_thoth.ads:21:06: warning: no entities of "Anubis_Bytes" are referenced [-gnatwu]
scarab_thoth.ads:21:20: warning: use clause for package "Anubis_Bytes" has no effect [-gnatwu]
clang: warning: overriding deployment version from '16.0' to '26.0' [-Woverriding-deployment-version]
