scarab_sekhmet.adb:347:35: warning: condition is always True [-gnatwc]
scarab_sekhmet.adb:347:55: warning: condition is always True [-gnatwc]
scarab_sekhmet.adb:362:35: warning: condition is always True [-gnatwc]
scarab_sekhmet.adb:385:35: warning: condition is always True [-gnatwc]
scarab_sekhmet.adb:401:35: warning: condition is always True [-gnatwc]
scarab_sekhmet.adb:401:52: warning: condition is always True [-gnatwc]
scarab_sekhmet.adb:413:35: warning: condition is always True [-gnatwc]
scarab_sekhmet.adb:413:52: warning: condition is always True [-gnatwc]
scarab_sekhmet.adb:425:35: warning: condition is always True [-gnatwc]
scarab_sekhmet.adb:425:52: warning: condition is always True [-gnatwc]
scarab_sekhmet.adb:438:35: warning: condition is always True [-gnatwc]
scarab_sekhmet.adb:438:52: warning: condition is always True [-gnatwc]
scarab_sekhmet.adb:454:35: warning: condition is always True [-gnatwc]
scarab_sekhmet.adb:454:55: warning: condition is always True [-gnatwc]
scarab_sekhmet.adb:466:35: warning: condition is always True [-gnatwc]
scarab_sekhmet.adb:466:52: warning: condition is always True [-gnatwc]
scarab_sekhmet.adb:487:35: warning: condition is always True [-gnatwc]
scarab_sekhmet.adb:496:35: warning: condition is always True [-gnatwc]
scarab_sekhmet.adb:557:15: warning: array aggregate using () is an obsolescent syntax, use [] instead [-gnatwj]
scarab_sekhmet.adb:583:35: warning: condition is always True [-gnatwc]
scarab_sekhmet.adb:583:62: warning: condition is always True [-gnatwc]
scarab_sekhmet.adb:592:43: warning: array aggregate using () is an obsolescent syntax, use [] instead [-gnatwj]
scarab_sekhmet.adb:593:43: warning: array aggregate using () is an obsolescent syntax, use [] instead [-gnatwj]
scarab_sekhmet.ads:21:06: warning: no entities of "Anubis_Types" are referenced [-gnatwu]
scarab_sekhmet.ads:21:20: warning: use clause for package "Anubis_Types" has no effect [-gnatwu]
scarab_sekhmet.ads:41:61: warning: array aggregate using () is an obsolescent syntax, use [] instead [-gnatwj]
clang: warning: overriding deployment version from '16.0' to '26.0' [-Woverriding-deployment-version]
