scarab_maat.adb:17:07: warning: "Result" is not modified, could be declared constant [-gnatwk]
scarab_maat.adb:17:30: warning: array aggregate using () is an obsolescent syntax, use [] instead [-gnatwj]
scarab_maat.adb:27:32: warning: array aggregate using () is an obsolescent syntax, use [] instead [-gnatwj]
scarab_maat.adb:52:35: warning: condition is always True [-gnatwc]
scarab_maat.adb:68:35: warning: condition is always True [-gnatwc]
scarab_maat.adb:87:16: warning: array aggregate using () is an obsolescent syntax, use [] instead [-gnatwj]
scarab_maat.adb:100:35: warning: condition is always True [-gnatwc]
scarab_maat.adb:109:35: warning: condition is always True [-gnatwc]
scarab_maat.adb:128:23: warning: array aggregate using () is an obsolescent syntax, use [] instead [-gnatwj]
scarab_maat.adb:130:31: warning: array aggregate using () is an obsolescent syntax, use [] instead [-gnatwj]
scarab_maat.adb:299:15: warning: array aggregate using () is an obsolescent syntax, use [] instead [-gnatwj]
scarab_maat.adb:341:35: warning: condition is always True [-gnatwc]
scarab_maat.adb:363:48: warning: array aggregate using () is an obsolescent syntax, use [] instead [-gnatwj]
scarab_maat.adb:370:23: warning: array aggregate using () is an obsolescent syntax, use [] instead [-gnatwj]
scarab_maat.adb:380:41: warning: condition is always True [-gnatwc]
scarab_maat.adb:407:34: warning: array aggregate using () is an obsolescent syntax, use [] instead [-gnatwj]
scarab_maat.adb:409:18: warning: array aggregate using () is an obsolescent syntax, use [] instead [-gnatwj]
scarab_maat.adb:414:31: warning: array aggregate using () is an obsolescent syntax, use [] instead [-gnatwj]
scarab_maat.adb:430:35: warning: condition is always True [-gnatwc]
scarab_maat.adb:490:17: warning: array aggregate using () is an obsolescent syntax, use [] instead [-gnatwj]
scarab_maat.adb:507:19: warning: array aggregate using () is an obsolescent syntax, use [] instead [-gnatwj]
scarab_maat.adb:510:14: warning: condition can only be False if invalid values present [-gnatwc]
scarab_maat.adb:510:14: warning: condition is always True [-gnatwc]
scarab_maat.adb:510:14: warning: (see assignment at line 505) [-gnatwc]
scarab_maat.adb:520:38: warning: condition is always True [-gnatwc]
scarab_maat.adb:530:35: warning: condition is always True [-gnatwc]
scarab_maat.adb:566:35: warning: condition is always True [-gnatwc]
scarab_maat.adb:566:57: warning: condition is always True [-gnatwc]
scarab_maat.adb:597:21: warning: array aggregate using () is an obsolescent syntax, use [] instead [-gnatwj]
scarab_maat.adb:619:33: warning: array aggregate using () is an obsolescent syntax, use [] instead [-gnatwj]
scarab_maat.adb:623:34: warning: array aggregate using () is an obsolescent syntax, use [] instead [-gnatwj]
scarab_maat.adb:625:18: warning: array aggregate using () is an obsolescent syntax, use [] instead [-gnatwj]
scarab_maat.adb:629:31: warning: array aggregate using () is an obsolescent syntax, use [] instead [-gnatwj]
scarab_maat.adb:634:35: warning: condition is always True [-gnatwc]
scarab_maat.adb:634:61: warning: condition is always True [-gnatwc]
scarab_maat.ads:16:06: warning: no entities of "Interfaces" are referenced [-gnatwu]
scarab_maat.ads:16:18: warning: use clause for package "Interfaces" has no effect [-gnatwu]
scarab_maat.ads:18:06: warning: no entities of "Anubis_Bytes" are referenced [-gnatwu]
scarab_maat.ads:18:20: warning: use clause for package "Anubis_Bytes" has no effect [-gnatwu]
scarab_maat.ads:19:06: warning: no entities of "Anubis_STARK_Field" are referenced [-gnatwu]
scarab_maat.ads:19:26: warning: use clause for package "Anubis_STARK_Field" has no effect [-gnatwu]
clang: warning: overriding deployment version from '16.0' to '26.0' [-Woverriding-deployment-version]
