aegis_ffi.adb:13:06: warning: redundant with clause in body [-gnatwr]
aegis_ffi.adb:13:18: warning: "Interfaces" is already use-visible through previous use_clause at aegis_ffi.ads:22 [-gnatwr]
aegis_ffi.adb:48:06: warning: unit "Scarab_Aadkg" is not referenced [-gnatwu]
aegis_ffi.adb:49:06: warning: unit "Scarab_Horus" is not referenced [-gnatwu]
aegis_ffi.adb:50:06: warning: unit "Scarab_Tefnut" is not referenced [-gnatwu]
aegis_ffi.adb:51:06: warning: unit "Scarab_Maat" is not referenced [-gnatwu]
aegis_ffi.adb:52:06: warning: unit "Scarab_Thoth" is not referenced [-gnatwu]
aegis_ffi.adb:53:06: warning: unit "Scarab_Sekhmet" is not referenced [-gnatwu]
aegis_ffi.adb:142:61: warning: array aggregate using () is an obsolescent syntax, use [] instead [-gnatwj]
aegis_ffi.adb:189:60: warning: array aggregate using () is an obsolescent syntax, use [] instead [-gnatwj]
aegis_ffi.adb:312:58: warning: array aggregate using () is an obsolescent syntax, use [] instead [-gnatwj]
aegis_ffi.adb:313:58: warning: array aggregate using () is an obsolescent syntax, use [] instead [-gnatwj]
aegis_ffi.adb:320:58: warning: array aggregate using () is an obsolescent syntax, use [] instead [-gnatwj]
aegis_ffi.adb:362:58: warning: array aggregate using () is an obsolescent syntax, use [] instead [-gnatwj]
aegis_ffi.adb:428:67: warning: array aggregate using () is an obsolescent syntax, use [] instead [-gnatwj]
aegis_ffi.adb:471:67: warning: array aggregate using () is an obsolescent syntax, use [] instead [-gnatwj]
aegis_ffi.adb:514:67: warning: array aggregate using () is an obsolescent syntax, use [] instead [-gnatwj]
aegis_ffi.adb:553:67: warning: array aggregate using () is an obsolescent syntax, use [] instead [-gnatwj]
aegis_ffi.adb:596:67: warning: array aggregate using () is an obsolescent syntax, use [] instead [-gnatwj]
aegis_ffi.adb:872:27: warning: use of an anonymous access type allocator [-gnatw_a]
aegis_ffi.adb:874:24: warning: use of an anonymous access type allocator [-gnatw_a]
aegis_ffi.adb:902:27: warning: use of an anonymous access type allocator [-gnatw_a]
aegis_ffi.adb:904:24: warning: use of an anonymous access type allocator [-gnatw_a]
aegis_ffi.adb:1042:38: warning: redundant conversion, expression is of type "unsigned_long" [-gnatwr]
aegis_ffi.adb:1191:38: warning: redundant conversion, expression is of type "unsigned_long" [-gnatwr]
aegis_ffi.adb:1207:35: warning: redundant conversion, expression is of type "unsigned_long" [-gnatwr]
aegis_ffi.adb:1409:24: warning: array aggregate using () is an obsolescent syntax, use [] instead [-gnatwj]
aegis_ffi.adb:1410:24: warning: array aggregate using () is an obsolescent syntax, use [] instead [-gnatwj]
aegis_ffi.adb:1411:25: warning: array aggregate using () is an obsolescent syntax, use [] instead [-gnatwj]
aegis_ffi.adb:1412:33: warning: array aggregate using () is an obsolescent syntax, use [] instead [-gnatwj]
aegis_ffi.adb:1471:24: warning: array aggregate using () is an obsolescent syntax, use [] instead [-gnatwj]
aegis_ffi.adb:1472:24: warning: array aggregate using () is an obsolescent syntax, use [] instead [-gnatwj]
aegis_ffi.adb:1473:25: warning: array aggregate using () is an obsolescent syntax, use [] instead [-gnatwj]
aegis_ffi.adb:1474:33: warning: array aggregate using () is an obsolescent syntax, use [] instead [-gnatwj]
aegis_ffi.adb:1604:37: warning: array aggregate using () is an obsolescent syntax, use [] instead [-gnatwj]
aegis_ffi.adb:1622:40: warning: array aggregate using () is an obsolescent syntax, use [] instead [-gnatwj]
aegis_ffi.adb:1749:26: warning: array aggregate using () is an obsolescent syntax, use [] instead [-gnatwj]
aegis_ffi.adb:2462:07: warning: formal parameter "Input_Values" is not referenced [-gnatwf]
aegis_ffi.adb:2464:07: warning: formal parameter "Output_Values" is not referenced [-gnatwf]
aegis_ffi.adb:2606:66: warning: array aggregate using () is an obsolescent syntax, use [] instead [-gnatwj]
aegis_ffi.adb:2724:10: warning: variable "Attrs" is assigned but never read [-gnatwm]
aegis_ffi.adb:2729:68: warning: array aggregate using () is an obsolescent syntax, use [] instead [-gnatwj]
aegis_ffi.adb:2809:68: warning: array aggregate using () is an obsolescent syntax, use [] instead [-gnatwj]
aegis_ffi.adb:2866:07: warning: formal parameter "TTL_Blocks" is not referenced [-gnatwf]
aegis_ffi.adb:2891:60: warning: array aggregate using () is an obsolescent syntax, use [] instead [-gnatwj]
aegis_ffi.adb:2906:74: warning: array aggregate using () is an obsolescent syntax, use [] instead [-gnatwj]
aegis_ffi.adb:3287:21: warning: array aggregate using () is an obsolescent syntax, use [] instead [-gnatwj]
aegis_ffi.adb:3339:10: warning: "Domain_Sep" is not modified, could be declared constant [-gnatwk]
aegis_ffi.adb:3339:60: warning: array aggregate using () is an obsolescent syntax, use [] instead [-gnatwj]
aegis_ffi.adb:3427:07: warning: formal parameter "Public_Keys" is not referenced [-gnatwf]
aegis_ffi.adb:3428:07: warning: formal parameter "Messages" is not referenced [-gnatwf]
aegis_ffi.adb:3499:98: warning: array aggregate using () is an obsolescent syntax, use [] instead [-gnatwj]
aegis_ffi.adb:3509:10: warning: variable "Msg_Hash" is never read and never assigned [-gnatwu]
aegis_ffi.adb:3512:86: warning: array aggregate using () is an obsolescent syntax, use [] instead [-gnatwj]
aegis_ffi.adb:3519:10: warning: "Group_ID" is not modified, could be declared constant [-gnatwk]
aegis_ffi.adb:3519:58: warning: array aggregate using () is an obsolescent syntax, use [] instead [-gnatwj]
aegis_ffi.adb:3630:07: warning: formal parameter "Sig_Len" is not referenced [-gnatwf]
aegis_ffi.adb:3632:07: warning: formal parameter "Msg_Len" is not referenced [-gnatwf]
aegis_ffi.adb:3715:07: warning: formal parameter "Public_Keys" is not referenced [-gnatwf]
aegis_ffi.adb:3716:07: warning: formal parameter "TX_Hashes" is not referenced [-gnatwf]
aegis_ffi.adb:3738:07: warning: formal parameter "Prev_State" is not referenced [-gnatwf]
aegis_ffi.adb:3739:07: warning: formal parameter "Expected_State" is not referenced [-gnatwf]
aegis_ffi.adb:3769:07: warning: formal parameter "Query_Value" is not referenced [-gnatwf]
aegis_ffi.adb:3770:07: warning: formal parameter "Value_Len" is not referenced [-gnatwf]
aegis_ffi.adb:3825:07: warning: formal parameter "Query_Key" is not referenced [-gnatwf]
aegis_ffi.adb:3826:07: warning: formal parameter "Query_Value" is not referenced [-gnatwf]
aegis_ffi.adb:3827:07: warning: formal parameter "Value_Len" is not referenced [-gnatwf]
aegis_ffi.adb:3828:07: warning: formal parameter "Proof" is not referenced [-gnatwf]
aegis_ffi.adb:3829:07: warning: formal parameter "Proof_Len" is not referenced [-gnatwf]
aegis_ffi.adb:3998:13: warning: function "Aegis_Khepri_Execute" is not referenced [-gnatwu]
clang: warning: overriding deployment version from '16.0' to '26.0' [-Woverriding-deployment-version]
