aegis_syscall.adb:4:06: warning: no entities of "Aegis_Storage" are referenced [-gnatwu]
aegis_syscall.adb:4:21: warning: use clause for package "Aegis_Storage" has no effect [-gnatwu]
aegis_syscall.adb:53:16: warning: "Data_Hash" is not modified, could be declared constant [-gnatwk]
aegis_syscall.adb:71:16: warning: "Data_Hash" is not modified, could be declared constant [-gnatwk]
aegis_syscall.adb:148:34: warning: array aggregate using () is an obsolescent syntax, use [] instead [-gnatwj]
aegis_syscall.adb:216:07: warning: "Input" is not modified, could be declared constant [-gnatwk]
aegis_syscall.adb:216:40: warning: array aggregate using () is an obsolescent syntax, use [] instead [-gnatwj]
aegis_syscall.adb:235:07: warning: "Input" is not modified, could be declared constant [-gnatwk]
aegis_syscall.adb:235:40: warning: array aggregate using () is an obsolescent syntax, use [] instead [-gnatwj]
aegis_syscall.adb:256:07: warning: "Input" is not modified, could be declared constant [-gnatwk]
aegis_syscall.adb:256:41: warning: array aggregate using () is an obsolescent syntax, use [] instead [-gnatwj]
aegis_syscall.adb:257:07: warning: "Signature" is not modified, could be declared constant [-gnatwk]
aegis_syscall.adb:257:41: warning: array aggregate using () is an obsolescent syntax, use [] instead [-gnatwj]
aegis_syscall.adb:258:07: warning: "Public_Key" is not modified, could be declared constant [-gnatwk]
aegis_syscall.adb:258:42: warning: array aggregate using () is an obsolescent syntax, use [] instead [-gnatwj]
aegis_syscall.adb:282:07: warning: "Ciphertext" is not modified, could be declared constant [-gnatwk]
aegis_syscall.adb:282:44: warning: array aggregate using () is an obsolescent syntax, use [] instead [-gnatwj]
aegis_syscall.adb:283:07: warning: "Decaps_Key" is not modified, could be declared constant [-gnatwk]
aegis_syscall.adb:283:44: warning: array aggregate using () is an obsolescent syntax, use [] instead [-gnatwj]
aegis_syscall.adb:456:30: warning: can never be greater than, could replace by "=" [-gnatwc]
aegis_syscall.adb:482:30: warning: can never be greater than, could replace by "=" [-gnatwc]
aegis_syscall.adb:507:30: warning: can never be greater than, could replace by "=" [-gnatwc]
aegis_syscall.adb:586:07: warning: "Log_Data" is not modified, could be declared constant [-gnatwk]
aegis_syscall.adb:586:37: warning: array aggregate using () is an obsolescent syntax, use [] instead [-gnatwj]
aegis_syscall.ads:3:06: warning: no entities of "Interfaces" are referenced in spec [-gnatwu]
aegis_syscall.ads:3:06: warning: with clause might be moved to body [-gnatwu]
clang: warning: overriding deployment version from '16.0' to '26.0' [-Woverriding-deployment-version]
