anubis_lattice_zk.adb:77:32: warning: array aggregate using () is an obsolescent syntax, use [] instead [-gnatwj]
anubis_lattice_zk.adb:134:31: warning: array aggregate using () is an obsolescent syntax, use [] instead [-gnatwj]
anubis_lattice_zk.adb:268:14: warning: procedure "Hash_Ring_Element" is not referenced [-gnatwu]
anubis_lattice_zk.adb:312:39: warning: explicit membership test may be optimized away [enabled by default]
anubis_lattice_zk.adb:312:39: warning: use 'Valid attribute instead [enabled by default]
anubis_lattice_zk.adb:355:34: warning: array aggregate using () is an obsolescent syntax, use [] instead [-gnatwj]
anubis_lattice_zk.adb:435:22: warning: array aggregate using () is an obsolescent syntax, use [] instead [-gnatwj]
anubis_lattice_zk.adb:479:07: warning: formal parameter "Com" is not referenced [-gnatwf]
anubis_lattice_zk.adb:582:07: warning: formal parameter "Com_X" is not referenced [-gnatwf]
anubis_lattice_zk.adb:582:14: warning: formal parameter "Com_Y" is not referenced [-gnatwf]
anubis_lattice_zk.adb:584:07: warning: formal parameter "A_Coeff" is not referenced [-gnatwf]
anubis_lattice_zk.adb:585:07: warning: formal parameter "B_Coeff" is not referenced [-gnatwf]
anubis_lattice_zk.adb:586:07: warning: formal parameter "C_Result" is not referenced [-gnatwf]
anubis_lattice_zk.adb:639:07: warning: formal parameter "A_Coeff" is not referenced [-gnatwf]
anubis_lattice_zk.adb:640:07: warning: formal parameter "B_Coeff" is not referenced [-gnatwf]
anubis_lattice_zk.adb:641:07: warning: formal parameter "C_Result" is not referenced [-gnatwf]
anubis_lattice_zk.adb:721:37: warning: array aggregate using () is an obsolescent syntax, use [] instead [-gnatwj]
anubis_lattice_zk.adb:722:38: warning: array aggregate using () is an obsolescent syntax, use [] instead [-gnatwj]
anubis_lattice_zk.adb:732:21: warning: array aggregate using () is an obsolescent syntax, use [] instead [-gnatwj]
anubis_lattice_zk.adb:767:41: warning: array aggregate using () is an obsolescent syntax, use [] instead [-gnatwj]
anubis_lattice_zk.adb:768:45: warning: array aggregate using () is an obsolescent syntax, use [] instead [-gnatwj]
anubis_lattice_zk.adb:769:53: warning: array aggregate using () is an obsolescent syntax, use [] instead [-gnatwj]
anubis_lattice_zk.adb:775:10: warning: variable "Total_Open" is assigned but never read [-gnatwm]
anubis_lattice_zk.adb:777:20: warning: possibly useless assignment to "Total_Open", value might not be referenced [-gnatwm]
anubis_lattice_zk.adb:783:29: warning: array aggregate using () is an obsolescent syntax, use [] instead [-gnatwj]
anubis_lattice_zk.adb:784:29: warning: array aggregate using () is an obsolescent syntax, use [] instead [-gnatwj]
anubis_lattice_zk.adb:785:43: warning: array aggregate using () is an obsolescent syntax, use [] instead [-gnatwj]
anubis_lattice_zk.adb:819:24: warning: array aggregate using () is an obsolescent syntax, use [] instead [-gnatwj]
anubis_lattice_zk.adb:849:07: warning: formal parameter "Com_1" is not referenced [-gnatwf]
anubis_lattice_zk.adb:849:14: warning: formal parameter "Com_2" is not referenced [-gnatwf]
anubis_lattice_zk.adb:984:23: warning: array aggregate using () is an obsolescent syntax, use [] instead [-gnatwj]
anubis_lattice_zk.adb:997:29: warning: array aggregate using () is an obsolescent syntax, use [] instead [-gnatwj]
anubis_lattice_zk.adb:1049:25: warning: array aggregate using () is an obsolescent syntax, use [] instead [-gnatwj]
anubis_lattice_zk.adb:1050:33: warning: array aggregate using () is an obsolescent syntax, use [] instead [-gnatwj]
anubis_lattice_zk.ads:22:06: warning: no entities of "Anubis_Bytes" are referenced [-gnatwu]
anubis_lattice_zk.ads:22:20: warning: use clause for package "Anubis_Bytes" has no effect [-gnatwu]
anubis_lattice_zk.ads:312:41: warning: array aggregate using () is an obsolescent syntax, use [] instead [-gnatwj]
anubis_lattice_zk.ads:315:40: warning: array aggregate using () is an obsolescent syntax, use [] instead [-gnatwj]
anubis_lattice_zk.ads:346:42: warning: array aggregate using () is an obsolescent syntax, use [] instead [-gnatwj]
clang: warning: overriding deployment version from '16.0' to '26.0' [-Woverriding-deployment-version]
