anubis_eye.adb:10:06: warning: redundant with clause in body [-gnatwr]
anubis_eye.adb:10:20: warning: "Interfaces" is already use-visible through previous use_clause at anubis_eye.ads:12 [-gnatwr]
anubis_eye.adb:10:20: warning: use clause for package "Interfaces" has no effect [-gnatwu]
anubis_eye.adb:62:55: warning: array aggregate using () is an obsolescent syntax, use [] instead [-gnatwj]
anubis_eye.adb:66:53: warning: array aggregate using () is an obsolescent syntax, use [] instead [-gnatwj]
anubis_eye.adb:70:54: warning: array aggregate using () is an obsolescent syntax, use [] instead [-gnatwj]
anubis_eye.adb:84:07: warning: formal parameter "Key_Type" is not referenced [-gnatwf]
anubis_eye.adb:103:07: warning: formal parameter "Key" is not referenced [-gnatwf]
anubis_eye.adb:143:25: warning: array aggregate using () is an obsolescent syntax, use [] instead [-gnatwj]
anubis_eye.adb:237:27: warning: array aggregate using () is an obsolescent syntax, use [] instead [-gnatwj]
anubis_eye.adb:237:38: warning: array aggregate using () is an obsolescent syntax, use [] instead [-gnatwj]
anubis_eye.adb:238:35: warning: array aggregate using () is an obsolescent syntax, use [] instead [-gnatwj]
anubis_eye.adb:239:31: warning: array aggregate using () is an obsolescent syntax, use [] instead [-gnatwj]
anubis_eye.adb:240:31: warning: array aggregate using () is an obsolescent syntax, use [] instead [-gnatwj]
anubis_eye.adb:269:51: warning: array aggregate using () is an obsolescent syntax, use [] instead [-gnatwj]
anubis_eye.adb:332:27: warning: array aggregate using () is an obsolescent syntax, use [] instead [-gnatwj]
anubis_eye.adb:334:32: warning: array aggregate using () is an obsolescent syntax, use [] instead [-gnatwj]
anubis_eye.adb:370:35: warning: array aggregate using () is an obsolescent syntax, use [] instead [-gnatwj]
anubis_eye.adb:404:07: warning: formal parameter "Issuer_PK" is not referenced [-gnatwf]
anubis_eye.adb:405:07: warning: formal parameter "Challenge" is not referenced [-gnatwf]
anubis_eye.ads:14:06: warning: no entities of "Anubis_Bytes" are referenced [-gnatwu]
anubis_eye.ads:14:20: warning: use clause for package "Anubis_Bytes" has no effect [-gnatwu]
clang: warning: overriding deployment version from '16.0' to '26.0' [-Woverriding-deployment-version]
