anubis_mldsa_ntt.adb:55:35: warning: explicit membership test may be optimized away [enabled by default]
anubis_mldsa_ntt.adb:55:35: warning: use 'Valid attribute instead [enabled by default]
anubis_mldsa_ntt.adb:61:35: warning: explicit membership test may be optimized away [enabled by default]
anubis_mldsa_ntt.adb:61:35: warning: use 'Valid attribute instead [enabled by default]
anubis_mldsa_ntt.adb:65:38: warning: explicit membership test may be optimized away [enabled by default]
anubis_mldsa_ntt.adb:65:38: warning: use 'Valid attribute instead [enabled by default]
anubis_mldsa_ntt.adb:66:53: warning: condition is always True [-gnatwc]
anubis_mldsa_ntt.adb:73:35: warning: explicit membership test may be optimized away [enabled by default]
anubis_mldsa_ntt.adb:73:35: warning: use 'Valid attribute instead [enabled by default]
anubis_mldsa_ntt.adb:77:38: warning: explicit membership test may be optimized away [enabled by default]
anubis_mldsa_ntt.adb:77:38: warning: use 'Valid attribute instead [enabled by default]
anubis_mldsa_ntt.adb:78:52: warning: condition is always True [-gnatwc]
anubis_mldsa_ntt.adb:85:35: warning: explicit membership test may be optimized away [enabled by default]
anubis_mldsa_ntt.adb:85:35: warning: use 'Valid attribute instead [enabled by default]
anubis_mldsa_ntt.adb:89:38: warning: explicit membership test may be optimized away [enabled by default]
anubis_mldsa_ntt.adb:89:38: warning: use 'Valid attribute instead [enabled by default]
anubis_mldsa_ntt.adb:90:52: warning: condition is always True [-gnatwc]
anubis_mldsa_ntt.adb:97:35: warning: explicit membership test may be optimized away [enabled by default]
anubis_mldsa_ntt.adb:97:35: warning: use 'Valid attribute instead [enabled by default]
anubis_mldsa_ntt.adb:101:38: warning: explicit membership test may be optimized away [enabled by default]
anubis_mldsa_ntt.adb:101:38: warning: use 'Valid attribute instead [enabled by default]
anubis_mldsa_ntt.adb:102:51: warning: condition is always True [-gnatwc]
anubis_mldsa_ntt.adb:109:35: warning: explicit membership test may be optimized away [enabled by default]
anubis_mldsa_ntt.adb:109:35: warning: use 'Valid attribute instead [enabled by default]
anubis_mldsa_ntt.adb:113:38: warning: explicit membership test may be optimized away [enabled by default]
anubis_mldsa_ntt.adb:113:38: warning: use 'Valid attribute instead [enabled by default]
anubis_mldsa_ntt.adb:114:50: warning: condition is always True [-gnatwc]
anubis_mldsa_ntt.adb:121:35: warning: explicit membership test may be optimized away [enabled by default]
anubis_mldsa_ntt.adb:121:35: warning: use 'Valid attribute instead [enabled by default]
anubis_mldsa_ntt.adb:125:38: warning: explicit membership test may be optimized away [enabled by default]
anubis_mldsa_ntt.adb:125:38: warning: use 'Valid attribute instead [enabled by default]
anubis_mldsa_ntt.adb:126:50: warning: condition is always True [-gnatwc]
anubis_mldsa_ntt.adb:133:35: warning: explicit membership test may be optimized away [enabled by default]
anubis_mldsa_ntt.adb:133:35: warning: use 'Valid attribute instead [enabled by default]
anubis_mldsa_ntt.adb:147:35: warning: explicit membership test may be optimized away [enabled by default]
anubis_mldsa_ntt.adb:147:35: warning: use 'Valid attribute instead [enabled by default]
anubis_mldsa_ntt.adb:160:35: warning: explicit membership test may be optimized away [enabled by default]
anubis_mldsa_ntt.adb:160:35: warning: use 'Valid attribute instead [enabled by default]
anubis_mldsa_ntt.adb:169:38: warning: explicit membership test may be optimized away [enabled by default]
anubis_mldsa_ntt.adb:169:38: warning: use 'Valid attribute instead [enabled by default]
anubis_mldsa_ntt.adb:170:50: warning: condition is always True [-gnatwc]
anubis_mldsa_ntt.adb:177:35: warning: explicit membership test may be optimized away [enabled by default]
anubis_mldsa_ntt.adb:177:35: warning: use 'Valid attribute instead [enabled by default]
anubis_mldsa_ntt.adb:186:38: warning: explicit membership test may be optimized away [enabled by default]
anubis_mldsa_ntt.adb:186:38: warning: use 'Valid attribute instead [enabled by default]
anubis_mldsa_ntt.adb:187:50: warning: condition is always True [-gnatwc]
anubis_mldsa_ntt.adb:194:35: warning: explicit membership test may be optimized away [enabled by default]
anubis_mldsa_ntt.adb:194:35: warning: use 'Valid attribute instead [enabled by default]
anubis_mldsa_ntt.adb:203:38: warning: explicit membership test may be optimized away [enabled by default]
anubis_mldsa_ntt.adb:203:38: warning: use 'Valid attribute instead [enabled by default]
anubis_mldsa_ntt.adb:204:51: warning: condition is always True [-gnatwc]
anubis_mldsa_ntt.adb:211:35: warning: explicit membership test may be optimized away [enabled by default]
anubis_mldsa_ntt.adb:211:35: warning: use 'Valid attribute instead [enabled by default]
anubis_mldsa_ntt.adb:220:38: warning: explicit membership test may be optimized away [enabled by default]
anubis_mldsa_ntt.adb:220:38: warning: use 'Valid attribute instead [enabled by default]
anubis_mldsa_ntt.adb:221:52: warning: condition is always True [-gnatwc]
anubis_mldsa_ntt.adb:228:35: warning: explicit membership test may be optimized away [enabled by default]
anubis_mldsa_ntt.adb:228:35: warning: use 'Valid attribute instead [enabled by default]
anubis_mldsa_ntt.adb:237:38: warning: explicit membership test may be optimized away [enabled by default]
anubis_mldsa_ntt.adb:237:38: warning: use 'Valid attribute instead [enabled by default]
anubis_mldsa_ntt.adb:238:52: warning: condition is always True [-gnatwc]
anubis_mldsa_ntt.adb:245:35: warning: explicit membership test may be optimized away [enabled by default]
anubis_mldsa_ntt.adb:245:35: warning: use 'Valid attribute instead [enabled by default]
anubis_mldsa_ntt.adb:254:38: warning: explicit membership test may be optimized away [enabled by default]
anubis_mldsa_ntt.adb:254:38: warning: use 'Valid attribute instead [enabled by default]
anubis_mldsa_ntt.adb:255:53: warning: condition is always True [-gnatwc]
anubis_mldsa_ntt.adb:268:35: warning: explicit membership test may be optimized away [enabled by default]
anubis_mldsa_ntt.adb:268:35: warning: use 'Valid attribute instead [enabled by default]
anubis_mldsa_ntt.adb:337:24: warning: array aggregate using () is an obsolescent syntax, use [] instead [-gnatwj]
anubis_mldsa_ntt.adb:355:17: warning: array aggregate using () is an obsolescent syntax, use [] instead [-gnatwj]
anubis_mldsa_ntt.adb:372:17: warning: array aggregate using () is an obsolescent syntax, use [] instead [-gnatwj]
anubis_mldsa_ntt.ads:88:38: warning: array aggregate using () is an obsolescent syntax, use [] instead [-gnatwj]
clang: warning: overriding deployment version from '16.0' to '26.0' [-Woverriding-deployment-version]
