anubis_shield.adb:39:56: warning: array aggregate using () is an obsolescent syntax, use [] instead [-gnatwj]
anubis_shield.adb:71:07: warning: constant "KDF_Label" is not referenced [-gnatwu]
anubis_shield.adb:71:46: warning: array aggregate using () is an obsolescent syntax, use [] instead [-gnatwj]
anubis_shield.adb:81:32: warning: array aggregate using () is an obsolescent syntax, use [] instead [-gnatwj]
anubis_shield.adb:83:34: warning: array aggregate using () is an obsolescent syntax, use [] instead [-gnatwj]
anubis_shield.adb:84:27: warning: array aggregate using () is an obsolescent syntax, use [] instead [-gnatwj]
anubis_shield.adb:85:25: warning: array aggregate using () is an obsolescent syntax, use [] instead [-gnatwj]
anubis_shield.adb:86:27: warning: array aggregate using () is an obsolescent syntax, use [] instead [-gnatwj]
anubis_shield.adb:123:45: warning: array aggregate using () is an obsolescent syntax, use [] instead [-gnatwj]
anubis_shield.adb:141:59: warning: array aggregate using () is an obsolescent syntax, use [] instead [-gnatwj]
anubis_shield.adb:179:07: warning: possibly useless assignment to "SS_Buffer", value might not be referenced [-gnatwm]
anubis_shield.adb:179:20: warning: array aggregate using () is an obsolescent syntax, use [] instead [-gnatwj]
anubis_shield.adb:180:07: warning: possibly useless assignment to "AEAD_Key", value might not be referenced [-gnatwm]
anubis_shield.adb:180:19: warning: array aggregate using () is an obsolescent syntax, use [] instead [-gnatwj]
anubis_shield.adb:198:46: warning: array aggregate using () is an obsolescent syntax, use [] instead [-gnatwj]
anubis_shield.adb:205:20: warning: array aggregate using () is an obsolescent syntax, use [] instead [-gnatwj]
anubis_shield.adb:244:62: warning: array aggregate using () is an obsolescent syntax, use [] instead [-gnatwj]
anubis_shield.adb:284:29: warning: array aggregate using () is an obsolescent syntax, use [] instead [-gnatwj]
anubis_shield.adb:298:07: warning: possibly useless assignment to "SS_Buffer", value might not be referenced [-gnatwm]
anubis_shield.adb:298:20: warning: array aggregate using () is an obsolescent syntax, use [] instead [-gnatwj]
anubis_shield.adb:299:07: warning: possibly useless assignment to "AEAD_Key", value might not be referenced [-gnatwm]
anubis_shield.adb:299:19: warning: array aggregate using () is an obsolescent syntax, use [] instead [-gnatwj]
anubis_shield.adb:348:29: warning: array aggregate using () is an obsolescent syntax, use [] instead [-gnatwj]
anubis_shield.adb:350:29: warning: array aggregate using () is an obsolescent syntax, use [] instead [-gnatwj]
anubis_shield.adb:351:29: warning: array aggregate using () is an obsolescent syntax, use [] instead [-gnatwj]
anubis_shield.adb:352:29: warning: array aggregate using () is an obsolescent syntax, use [] instead [-gnatwj]
anubis_shield.adb:371:07: warning: possibly useless assignment to "Plaintext", value might not be referenced [-gnatwm]
anubis_shield.adb:371:20: warning: array aggregate using () is an obsolescent syntax, use [] instead [-gnatwj]
anubis_shield.adb:382:38: warning: array aggregate using () is an obsolescent syntax, use [] instead [-gnatwj]
anubis_shield.adb:393:38: warning: array aggregate using () is an obsolescent syntax, use [] instead [-gnatwj]
anubis_shield.adb:413:59: warning: array aggregate using () is an obsolescent syntax, use [] instead [-gnatwj]
anubis_shield.adb:445:32: warning: array aggregate using () is an obsolescent syntax, use [] instead [-gnatwj]
anubis_shield.adb:447:34: warning: array aggregate using () is an obsolescent syntax, use [] instead [-gnatwj]
anubis_shield.adb:448:27: warning: array aggregate using () is an obsolescent syntax, use [] instead [-gnatwj]
anubis_shield.adb:449:25: warning: array aggregate using () is an obsolescent syntax, use [] instead [-gnatwj]
anubis_shield.adb:454:28: warning: array aggregate using () is an obsolescent syntax, use [] instead [-gnatwj]
anubis_shield.adb:455:28: warning: array aggregate using () is an obsolescent syntax, use [] instead [-gnatwj]
anubis_shield.adb:456:26: warning: array aggregate using () is an obsolescent syntax, use [] instead [-gnatwj]
anubis_shield.adb:457:31: warning: array aggregate using () is an obsolescent syntax, use [] instead [-gnatwj]
anubis_shield.ads:15:06: warning: no entities of "Anubis_Bytes" are referenced [-gnatwu]
anubis_shield.ads:15:24: warning: use clause for package "Anubis_Bytes" has no effect [-gnatwu]
clang: warning: overriding deployment version from '16.0' to '26.0' [-Woverriding-deployment-version]
