anubis_mldsa_encoding.adb:20:17: warning: array aggregate using () is an obsolescent syntax, use [] instead [-gnatwj]
anubis_mldsa_encoding.adb:23:35: warning: condition is always True [-gnatwc]
anubis_mldsa_encoding.adb:56:15: warning: array aggregate using () is an obsolescent syntax, use [] instead [-gnatwj]
anubis_mldsa_encoding.adb:58:35: warning: condition is always True [-gnatwc]
anubis_mldsa_encoding.adb:86:17: warning: array aggregate using () is an obsolescent syntax, use [] instead [-gnatwj]
anubis_mldsa_encoding.adb:89:35: warning: condition is always True [-gnatwc]
anubis_mldsa_encoding.adb:98:27: warning: redundant conversion, expression is of type "Valid_Field" [-gnatwr]
anubis_mldsa_encoding.adb:151:15: warning: array aggregate using () is an obsolescent syntax, use [] instead [-gnatwj]
anubis_mldsa_encoding.adb:154:35: warning: condition is always True [-gnatwc]
anubis_mldsa_encoding.adb:215:17: warning: array aggregate using () is an obsolescent syntax, use [] instead [-gnatwj]
anubis_mldsa_encoding.adb:218:35: warning: condition is always True [-gnatwc]
anubis_mldsa_encoding.adb:226:30: warning: redundant conversion, expression is of type "Valid_Field" [-gnatwr]
anubis_mldsa_encoding.adb:256:15: warning: array aggregate using () is an obsolescent syntax, use [] instead [-gnatwj]
anubis_mldsa_encoding.adb:258:35: warning: condition is always True [-gnatwc]
anubis_mldsa_encoding.adb:321:17: warning: array aggregate using () is an obsolescent syntax, use [] instead [-gnatwj]
anubis_mldsa_encoding.adb:324:35: warning: condition is always True [-gnatwc]
anubis_mldsa_encoding.adb:331:24: warning: redundant conversion, expression is of type "Valid_Field" [-gnatwr]
anubis_mldsa_encoding.adb:332:24: warning: redundant conversion, expression is of type "Valid_Field" [-gnatwr]
anubis_mldsa_encoding.adb:359:15: warning: array aggregate using () is an obsolescent syntax, use [] instead [-gnatwj]
anubis_mldsa_encoding.adb:361:35: warning: condition is always True [-gnatwc]
anubis_mldsa_encoding.adb:398:17: warning: array aggregate using () is an obsolescent syntax, use [] instead [-gnatwj]
anubis_mldsa_encoding.adb:420:13: warning: array aggregate using () is an obsolescent syntax, use [] instead [-gnatwj]
anubis_mldsa_encoding.adb:477:13: warning: array aggregate using () is an obsolescent syntax, use [] instead [-gnatwj]
anubis_mldsa_encoding.adb:596:14: warning: array aggregate using () is an obsolescent syntax, use [] instead [-gnatwj]
anubis_mldsa_encoding.adb:619:10: warning: "Hint_Idx" is not modified, could be declared constant [-gnatwk]
anubis_mldsa_encoding.adb:672:19: warning: array aggregate using () is an obsolescent syntax, use [] instead [-gnatwj]
clang: warning: overriding deployment version from '16.0' to '26.0' [-Woverriding-deployment-version]
