khepri_registry.adb:21:37: warning: array aggregate using () is an obsolescent syntax, use [] instead [-gnatwj]
khepri_registry.adb:23:41: warning: array aggregate using () is an obsolescent syntax, use [] instead [-gnatwj]
khepri_registry.adb:23:52: warning: array aggregate using () is an obsolescent syntax, use [] instead [-gnatwj]
khepri_registry.adb:25:42: warning: array aggregate using () is an obsolescent syntax, use [] instead [-gnatwj]
khepri_registry.adb:110:29: warning: array aggregate using () is an obsolescent syntax, use [] instead [-gnatwj]
khepri_registry.adb:112:29: warning: array aggregate using () is an obsolescent syntax, use [] instead [-gnatwj]
khepri_registry.adb:113:26: warning: array aggregate using () is an obsolescent syntax, use [] instead [-gnatwj]
khepri_registry.adb:114:26: warning: array aggregate using () is an obsolescent syntax, use [] instead [-gnatwj]
khepri_registry.adb:122:29: warning: array aggregate using () is an obsolescent syntax, use [] instead [-gnatwj]
khepri_registry.adb:190:07: warning: formal parameter "Caller" is not referenced [-gnatwf]
khepri_registry.adb:364:07: warning: formal parameter "Gas_Used" is not referenced [-gnatwf]
khepri_registry.adb:369:07: warning: variable "High" is never read and never assigned [-gnatwu]
khepri_registry.adb:506:18: warning: array aggregate using () is an obsolescent syntax, use [] instead [-gnatwj]
khepri_registry.adb:508:21: warning: array aggregate using () is an obsolescent syntax, use [] instead [-gnatwj]
khepri_registry.adb:508:32: warning: array aggregate using () is an obsolescent syntax, use [] instead [-gnatwj]
khepri_registry.adb:510:21: warning: array aggregate using () is an obsolescent syntax, use [] instead [-gnatwj]
khepri_registry.adb:564:31: warning: array aggregate using () is an obsolescent syntax, use [] instead [-gnatwj]
khepri_registry.ads:24:06: warning: no entities of "Aegis_U256" are referenced in spec [-gnatwu]
khepri_registry.ads:24:06: warning: with clause might be moved to body [-gnatwu]
khepri_registry.ads:100:26: warning: array aggregate using () is an obsolescent syntax, use [] instead [-gnatwj]
khepri_registry.ads:101:26: warning: array aggregate using () is an obsolescent syntax, use [] instead [-gnatwj]
khepri_registry.ads:102:26: warning: array aggregate using () is an obsolescent syntax, use [] instead [-gnatwj]
khepri_registry.ads:104:26: warning: array aggregate using () is an obsolescent syntax, use [] instead [-gnatwj]
khepri_registry.ads:106:26: warning: array aggregate using () is an obsolescent syntax, use [] instead [-gnatwj]
khepri_registry.ads:107:23: warning: array aggregate using () is an obsolescent syntax, use [] instead [-gnatwj]
khepri_registry.ads:108:23: warning: array aggregate using () is an obsolescent syntax, use [] instead [-gnatwj]
khepri_registry.ads:116:26: warning: array aggregate using () is an obsolescent syntax, use [] instead [-gnatwj]
clang: warning: overriding deployment version from '16.0' to '26.0' [-Woverriding-deployment-version]
