khepri_mpt.adb:48:26: warning: array aggregate using () is an obsolescent syntax, use [] instead [-gnatwj]
khepri_mpt.adb:54:31: warning: array aggregate using () is an obsolescent syntax, use [] instead [-gnatwj]
khepri_mpt.adb:59:39: warning: array aggregate using () is an obsolescent syntax, use [] instead [-gnatwj]
khepri_mpt.adb:236:62: warning: array aggregate using () is an obsolescent syntax, use [] instead [-gnatwj]
khepri_mpt.adb:260:17: warning: array aggregate using () is an obsolescent syntax, use [] instead [-gnatwj]
khepri_mpt.adb:274:62: warning: array aggregate using () is an obsolescent syntax, use [] instead [-gnatwj]
khepri_mpt.adb:313:62: warning: array aggregate using () is an obsolescent syntax, use [] instead [-gnatwj]
khepri_mpt.adb:357:56: warning: array aggregate using () is an obsolescent syntax, use [] instead [-gnatwj]
khepri_mpt.adb:431:13: warning: variable "Start" is assigned but never read [-gnatwm]
khepri_mpt.adb:432:13: warning: variable "Elements" is not referenced [-gnatwu]
khepri_mpt.adb:501:07: warning: formal parameter "Root" is not referenced [-gnatwf]
khepri_mpt.adb:647:22: warning: "Old_Suffix" is not modified, could be declared constant [-gnatwk]
khepri_mpt.adb:648:70: warning: array aggregate using () is an obsolescent syntax, use [] instead [-gnatwj]
khepri_mpt.adb:673:22: warning: "New_Suffix" is not modified, could be declared constant [-gnatwk]
khepri_mpt.adb:674:22: warning: "New_Leaf" is not modified, could be declared constant [-gnatwk]
khepri_mpt.adb:749:25: warning: "Rest_Key" is not modified, could be declared constant [-gnatwk]
khepri_mpt.adb:750:25: warning: "New_Ext" is not modified, could be declared constant [-gnatwk]
khepri_mpt.adb:769:22: warning: "New_Suffix" is not modified, could be declared constant [-gnatwk]
khepri_mpt.adb:770:22: warning: "New_Leaf" is not modified, could be declared constant [-gnatwk]
khepri_mpt.adb:817:19: warning: "Rest_Key" is not modified, could be declared constant [-gnatwk]
khepri_mpt.adb:822:25: warning: "New_Leaf" is not modified, could be declared constant [-gnatwk]
khepri_mpt.adb:1014:13: warning: function "Find_Single_Child" is not referenced [-gnatwu]
khepri_mpt.adb:1065:19: warning: "Rest_Key" is not modified, could be declared constant [-gnatwk]
khepri_mpt.adb:1085:42: warning: array aggregate using () is an obsolescent syntax, use [] instead [-gnatwj]
khepri_mpt.adb:1225:29: warning: array aggregate using () is an obsolescent syntax, use [] instead [-gnatwj]
khepri_mpt.adb:1281:20: warning: array aggregate using () is an obsolescent syntax, use [] instead [-gnatwj]
khepri_mpt.adb:1281:40: warning: array aggregate using () is an obsolescent syntax, use [] instead [-gnatwj]
khepri_mpt.adb:1415:07: warning: variable "Expected_Hash" is assigned but never read [-gnatwm]
khepri_mpt.adb:1416:69: warning: array aggregate using () is an obsolescent syntax, use [] instead [-gnatwj]
khepri_mpt.adb:1427:28: warning: array aggregate using () is an obsolescent syntax, use [] instead [-gnatwj]
khepri_mpt.adb:1590:23: warning: array aggregate using () is an obsolescent syntax, use [] instead [-gnatwj]
khepri_mpt.ads:16:06: warning: no entities of "Interfaces" are referenced in spec [-gnatwu]
khepri_mpt.ads:16:06: warning: with clause might be moved to body [-gnatwu]
clang: warning: overriding deployment version from '16.0' to '26.0' [-Woverriding-deployment-version]
