scarab_horus.adb:10:06: warning: redundant with clause in body [-gnatwr]
scarab_horus.adb:10:18: warning: "Interfaces" is already use-visible through previous use_clause at scarab_horus.ads:14 [-gnatwr]
scarab_horus.adb:10:18: warning: use clause for package "Interfaces" has no effect [-gnatwu]
scarab_horus.adb:12:06: warning: unit "Anubis_MLDSA" is not referenced [-gnatwu]
scarab_horus.adb:23:33: warning: array aggregate using () is an obsolescent syntax, use [] instead [-gnatwj]
scarab_horus.adb:24:18: warning: array aggregate using () is an obsolescent syntax, use [] instead [-gnatwj]
scarab_horus.adb:35:24: warning: array aggregate using () is an obsolescent syntax, use [] instead [-gnatwj]
scarab_horus.adb:36:17: warning: array aggregate using () is an obsolescent syntax, use [] instead [-gnatwj]
scarab_horus.adb:38:26: warning: array aggregate using () is an obsolescent syntax, use [] instead [-gnatwj]
scarab_horus.adb:39:26: warning: array aggregate using () is an obsolescent syntax, use [] instead [-gnatwj]
scarab_horus.adb:40:24: warning: array aggregate using () is an obsolescent syntax, use [] instead [-gnatwj]
scarab_horus.adb:45:21: warning: array aggregate using () is an obsolescent syntax, use [] instead [-gnatwj]
scarab_horus.adb:47:26: warning: array aggregate using () is an obsolescent syntax, use [] instead [-gnatwj]
scarab_horus.adb:52:24: warning: array aggregate using () is an obsolescent syntax, use [] instead [-gnatwj]
scarab_horus.adb:56:21: warning: array aggregate using () is an obsolescent syntax, use [] instead [-gnatwj]
scarab_horus.adb:72:15: warning: array aggregate using () is an obsolescent syntax, use [] instead [-gnatwj]
scarab_horus.adb:190:25: warning: array aggregate using () is an obsolescent syntax, use [] instead [-gnatwj]
scarab_horus.adb:311:35: warning: array aggregate using () is an obsolescent syntax, use [] instead [-gnatwj]
scarab_horus.adb:358:32: warning: array aggregate using () is an obsolescent syntax, use [] instead [-gnatwj]
scarab_horus.adb:359:31: warning: array aggregate using () is an obsolescent syntax, use [] instead [-gnatwj]
scarab_horus.adb:360:28: warning: array aggregate using () is an obsolescent syntax, use [] instead [-gnatwj]
scarab_horus.adb:361:32: warning: array aggregate using () is an obsolescent syntax, use [] instead [-gnatwj]
scarab_horus.adb:363:29: warning: array aggregate using () is an obsolescent syntax, use [] instead [-gnatwj]
scarab_horus.adb:480:16: warning: array aggregate using () is an obsolescent syntax, use [] instead [-gnatwj]
scarab_horus.adb:500:37: warning: array aggregate using () is an obsolescent syntax, use [] instead [-gnatwj]
scarab_horus.adb:596:07: warning: formal parameter "Job" is not referenced [-gnatwf]
scarab_horus.adb:627:26: warning: formal parameter "State" is not referenced [-gnatwf]
scarab_horus.ads:16:06: warning: no entities of "Anubis_Bytes" are referenced [-gnatwu]
scarab_horus.ads:16:20: warning: use clause for package "Anubis_Bytes" has no effect [-gnatwu]
clang: warning: overriding deployment version from '16.0' to '26.0' [-Woverriding-deployment-version]
