scarab_aadkg.adb:10:06: warning: redundant with clause in body [-gnatwr]
scarab_aadkg.adb:10:18: warning: "Interfaces" is already use-visible through previous use_clause at scarab_aadkg.ads:13 [-gnatwr]
scarab_aadkg.adb:10:18: warning: use clause for package "Interfaces" has no effect [-gnatwu]
scarab_aadkg.adb:36:37: warning: array aggregate using () is an obsolescent syntax, use [] instead [-gnatwj]
scarab_aadkg.adb:113:35: warning: array aggregate using () is an obsolescent syntax, use [] instead [-gnatwj]
scarab_aadkg.adb:114:34: warning: array aggregate using () is an obsolescent syntax, use [] instead [-gnatwj]
scarab_aadkg.adb:115:34: warning: array aggregate using () is an obsolescent syntax, use [] instead [-gnatwj]
scarab_aadkg.adb:119:25: warning: array aggregate using () is an obsolescent syntax, use [] instead [-gnatwj]
scarab_aadkg.adb:122:19: warning: array aggregate using () is an obsolescent syntax, use [] instead [-gnatwj]
scarab_aadkg.adb:179:38: warning: array aggregate using () is an obsolescent syntax, use [] instead [-gnatwj]
scarab_aadkg.adb:181:37: warning: array aggregate using () is an obsolescent syntax, use [] instead [-gnatwj]
scarab_aadkg.adb:184:32: warning: array aggregate using () is an obsolescent syntax, use [] instead [-gnatwj]
scarab_aadkg.adb:184:43: warning: array aggregate using () is an obsolescent syntax, use [] instead [-gnatwj]
scarab_aadkg.adb:185:34: warning: array aggregate using () is an obsolescent syntax, use [] instead [-gnatwj]
scarab_aadkg.adb:204:23: warning: condition can only be False if invalid values present [-gnatwc]
scarab_aadkg.adb:204:23: warning: condition is always True [-gnatwc]
scarab_aadkg.adb:255:18: warning: array aggregate using () is an obsolescent syntax, use [] instead [-gnatwj]
scarab_aadkg.adb:298:22: warning: array aggregate using () is an obsolescent syntax, use [] instead [-gnatwj]
scarab_aadkg.adb:334:44: warning: array aggregate using () is an obsolescent syntax, use [] instead [-gnatwj]
scarab_aadkg.adb:338:37: warning: array aggregate using () is an obsolescent syntax, use [] instead [-gnatwj]
scarab_aadkg.adb:339:38: warning: array aggregate using () is an obsolescent syntax, use [] instead [-gnatwj]
scarab_aadkg.adb:340:31: warning: array aggregate using () is an obsolescent syntax, use [] instead [-gnatwj]
scarab_aadkg.adb:347:20: warning: condition can only be False if invalid values present [-gnatwc]
scarab_aadkg.adb:347:20: warning: condition is always True [-gnatwc]
scarab_aadkg.adb:400:45: warning: array aggregate using () is an obsolescent syntax, use [] instead [-gnatwj]
scarab_aadkg.adb:404:21: warning: condition can only be False if invalid values present [-gnatwc]
scarab_aadkg.adb:404:21: warning: condition is always True [-gnatwc]
scarab_aadkg.adb:449:20: warning: condition can only be False if invalid values present [-gnatwc]
scarab_aadkg.adb:449:20: warning: condition is always True [-gnatwc]
scarab_aadkg.adb:471:22: warning: array aggregate using () is an obsolescent syntax, use [] instead [-gnatwj]
scarab_aadkg.adb:472:07: warning: useless assignment to "Success", value overwritten at line 489 [-gnatwm]
scarab_aadkg.adb:484:32: warning: array aggregate using () is an obsolescent syntax, use [] instead [-gnatwj]
scarab_aadkg.adb:499:37: warning: array aggregate using () is an obsolescent syntax, use [] instead [-gnatwj]
scarab_aadkg.adb:501:23: warning: array aggregate using () is an obsolescent syntax, use [] instead [-gnatwj]
scarab_aadkg.adb:534:21: warning: condition can only be False if invalid values present [-gnatwc]
scarab_aadkg.adb:534:21: warning: condition is always True [-gnatwc]
scarab_aadkg.ads:15:06: warning: no entities of "Anubis_Bytes" are referenced [-gnatwu]
scarab_aadkg.ads:15:20: warning: use clause for package "Anubis_Bytes" has no effect [-gnatwu]
clang: warning: overriding deployment version from '16.0' to '26.0' [-Woverriding-deployment-version]
