anubis_sha3.adb:25:35: warning: explicit membership test may be optimized away [enabled by default]
anubis_sha3.adb:25:35: warning: use 'Valid attribute instead [enabled by default]
anubis_sha3.adb:51:35: warning: explicit membership test may be optimized away [enabled by default]
anubis_sha3.adb:51:35: warning: use 'Valid attribute instead [enabled by default]
anubis_sha3.adb:214:41: warning: explicit membership test may be optimized away [enabled by default]
anubis_sha3.adb:214:41: warning: use 'Valid attribute instead [enabled by default]
anubis_sha3.adb:231:41: warning: range test optimized away [-gnatwc]
anubis_sha3.adb:231:41: warning: value is known to be in range [-gnatwc]
anubis_sha3.adb:252:38: warning: explicit membership test may be optimized away [enabled by default]
anubis_sha3.adb:252:38: warning: use 'Valid attribute instead [enabled by default]
anubis_sha3.adb:280:41: warning: explicit membership test may be optimized away [enabled by default]
anubis_sha3.adb:280:41: warning: use 'Valid attribute instead [enabled by default]
anubis_sha3.adb:296:41: warning: range test optimized away [-gnatwc]
anubis_sha3.adb:296:41: warning: value is known to be in range [-gnatwc]
anubis_sha3.adb:314:38: warning: explicit membership test may be optimized away [enabled by default]
anubis_sha3.adb:314:38: warning: use 'Valid attribute instead [enabled by default]
anubis_sha3.adb:342:41: warning: explicit membership test may be optimized away [enabled by default]
anubis_sha3.adb:342:41: warning: use 'Valid attribute instead [enabled by default]
anubis_sha3.adb:358:41: warning: range test optimized away [-gnatwc]
anubis_sha3.adb:358:41: warning: value is known to be in range [-gnatwc]
anubis_sha3.adb:376:38: warning: explicit membership test may be optimized away [enabled by default]
anubis_sha3.adb:376:38: warning: use 'Valid attribute instead [enabled by default]
anubis_sha3.adb:403:41: warning: explicit membership test may be optimized away [enabled by default]
anubis_sha3.adb:403:41: warning: use 'Valid attribute instead [enabled by default]
anubis_sha3.adb:418:41: warning: range test optimized away [-gnatwc]
anubis_sha3.adb:418:41: warning: value is known to be in range [-gnatwc]
anubis_sha3.adb:435:38: warning: explicit membership test may be optimized away [enabled by default]
anubis_sha3.adb:435:38: warning: use 'Valid attribute instead [enabled by default]
anubis_sha3.adb:465:41: warning: explicit membership test may be optimized away [enabled by default]
anubis_sha3.adb:465:41: warning: use 'Valid attribute instead [enabled by default]
anubis_sha3.adb:481:41: warning: range test optimized away [-gnatwc]
anubis_sha3.adb:481:41: warning: value is known to be in range [-gnatwc]
anubis_sha3.adb:512:44: warning: range test optimized away [-gnatwc]
anubis_sha3.adb:512:44: warning: value is known to be in range [-gnatwc]
anubis_sha3.adb:554:41: warning: explicit membership test may be optimized away [enabled by default]
anubis_sha3.adb:554:41: warning: use 'Valid attribute instead [enabled by default]
anubis_sha3.adb:569:41: warning: range test optimized away [-gnatwc]
anubis_sha3.adb:569:41: warning: value is known to be in range [-gnatwc]
anubis_sha3.adb:599:44: warning: range test optimized away [-gnatwc]
anubis_sha3.adb:599:44: warning: value is known to be in range [-gnatwc]
clang: warning: overriding deployment version from '16.0' to '26.0' [-Woverriding-deployment-version]
