anubis_mlkem_poly.adb:4:06: warning: redundant with clause in body [-gnatwr]
anubis_mlkem_poly.adb:4:20: warning: "Anubis_Field" is already use-visible through previous use_clause at anubis_mlkem_poly.ads:5 [-gnatwr]
anubis_mlkem_poly.adb:4:20: warning: use clause for package "Anubis_Field" has no effect [-gnatwu]
anubis_mlkem_poly.adb:6:06: warning: no entities of "Anubis_MLKEM_Encoding" are referenced [-gnatwu]
anubis_mlkem_poly.adb:6:29: warning: use clause for package "Anubis_MLKEM_Encoding" has no effect [-gnatwu]
anubis_mlkem_poly.adb:22:35: warning: explicit membership test may be optimized away [enabled by default]
anubis_mlkem_poly.adb:22:35: warning: use 'Valid attribute instead [enabled by default]
anubis_mlkem_poly.adb:34:35: warning: explicit membership test may be optimized away [enabled by default]
anubis_mlkem_poly.adb:34:35: warning: use 'Valid attribute instead [enabled by default]
anubis_mlkem_poly.adb:47:35: warning: explicit membership test may be optimized away [enabled by default]
anubis_mlkem_poly.adb:47:35: warning: use 'Valid attribute instead [enabled by default]
anubis_mlkem_poly.adb:48:60: warning: "NTT_Poly" may be referenced before it has a value [enabled by default]
anubis_mlkem_poly.adb:59:35: warning: explicit membership test may be optimized away [enabled by default]
anubis_mlkem_poly.adb:59:35: warning: use 'Valid attribute instead [enabled by default]
anubis_mlkem_poly.adb:72:35: warning: explicit membership test may be optimized away [enabled by default]
anubis_mlkem_poly.adb:72:35: warning: use 'Valid attribute instead [enabled by default]
anubis_mlkem_poly.adb:81:35: warning: explicit membership test may be optimized away [enabled by default]
anubis_mlkem_poly.adb:81:35: warning: use 'Valid attribute instead [enabled by default]
anubis_mlkem_poly.adb:95:35: warning: explicit membership test may be optimized away [enabled by default]
anubis_mlkem_poly.adb:95:35: warning: use 'Valid attribute instead [enabled by default]
anubis_mlkem_poly.adb:105:35: warning: explicit membership test may be optimized away [enabled by default]
anubis_mlkem_poly.adb:105:35: warning: use 'Valid attribute instead [enabled by default]
anubis_mlkem_poly.adb:117:35: warning: explicit membership test may be optimized away [enabled by default]
anubis_mlkem_poly.adb:117:35: warning: use 'Valid attribute instead [enabled by default]
anubis_mlkem_poly.adb:124:35: warning: explicit membership test may be optimized away [enabled by default]
anubis_mlkem_poly.adb:124:35: warning: use 'Valid attribute instead [enabled by default]
anubis_mlkem_poly.adb:138:35: warning: explicit membership test may be optimized away [enabled by default]
anubis_mlkem_poly.adb:138:35: warning: use 'Valid attribute instead [enabled by default]
anubis_mlkem_poly.adb:140:38: warning: explicit membership test may be optimized away [enabled by default]
anubis_mlkem_poly.adb:140:38: warning: use 'Valid attribute instead [enabled by default]
anubis_mlkem_poly.adb:154:35: warning: explicit membership test may be optimized away [enabled by default]
anubis_mlkem_poly.adb:154:35: warning: use 'Valid attribute instead [enabled by default]
anubis_mlkem_poly.adb:166:35: warning: explicit membership test may be optimized away [enabled by default]
anubis_mlkem_poly.adb:166:35: warning: use 'Valid attribute instead [enabled by default]
anubis_mlkem_poly.adb:177:35: warning: explicit membership test may be optimized away [enabled by default]
anubis_mlkem_poly.adb:177:35: warning: use 'Valid attribute instead [enabled by default]
anubis_mlkem_poly.adb:191:35: warning: explicit membership test may be optimized away [enabled by default]
anubis_mlkem_poly.adb:191:35: warning: use 'Valid attribute instead [enabled by default]
anubis_mlkem_poly.adb:209:35: warning: explicit membership test may be optimized away [enabled by default]
anubis_mlkem_poly.adb:209:35: warning: use 'Valid attribute instead [enabled by default]
anubis_mlkem_poly.adb:226:35: warning: explicit membership test may be optimized away [enabled by default]
anubis_mlkem_poly.adb:226:35: warning: use 'Valid attribute instead [enabled by default]
anubis_mlkem_poly.adb:231:38: warning: explicit membership test may be optimized away [enabled by default]
anubis_mlkem_poly.adb:231:38: warning: use 'Valid attribute instead [enabled by default]
anubis_mlkem_poly.adb:249:35: warning: explicit membership test may be optimized away [enabled by default]
anubis_mlkem_poly.adb:249:35: warning: use 'Valid attribute instead [enabled by default]
anubis_mlkem_poly.adb:254:38: warning: explicit membership test may be optimized away [enabled by default]
anubis_mlkem_poly.adb:254:38: warning: use 'Valid attribute instead [enabled by default]
clang: warning: overriding deployment version from '16.0' to '26.0' [-Woverriding-deployment-version]
