anubis_keccak.adb:17:35: warning: explicit membership test may be optimized away [enabled by default]
anubis_keccak.adb:17:35: warning: use 'Valid attribute instead [enabled by default]
anubis_keccak.adb:24:35: warning: explicit membership test may be optimized away [enabled by default]
anubis_keccak.adb:24:35: warning: use 'Valid attribute instead [enabled by default]
anubis_keccak.adb:38:41: warning: explicit membership test may be optimized away [enabled by default]
anubis_keccak.adb:38:41: warning: use 'Valid attribute instead [enabled by default]
anubis_keccak.adb:49:35: warning: explicit membership test may be optimized away [enabled by default]
anubis_keccak.adb:49:35: warning: use 'Valid attribute instead [enabled by default]
anubis_keccak.adb:51:38: warning: explicit membership test may be optimized away [enabled by default]
anubis_keccak.adb:51:38: warning: use 'Valid attribute instead [enabled by default]
anubis_keccak.adb:69:35: warning: explicit membership test may be optimized away [enabled by default]
anubis_keccak.adb:69:35: warning: use 'Valid attribute instead [enabled by default]
anubis_keccak.adb:71:38: warning: explicit membership test may be optimized away [enabled by default]
anubis_keccak.adb:71:38: warning: use 'Valid attribute instead [enabled by default]
anubis_keccak.adb:99:35: warning: explicit membership test may be optimized away [enabled by default]
anubis_keccak.adb:99:35: warning: use 'Valid attribute instead [enabled by default]
anubis_keccak.adb:103:38: warning: explicit membership test may be optimized away [enabled by default]
anubis_keccak.adb:103:38: warning: use 'Valid attribute instead [enabled by default]
anubis_keccak.adb:111:38: warning: explicit membership test may be optimized away [enabled by default]
anubis_keccak.adb:111:38: warning: use 'Valid attribute instead [enabled by default]
anubis_keccak.adb:140:39: warning: explicit membership test may be optimized away [enabled by default]
anubis_keccak.adb:140:39: warning: use 'Valid attribute instead [enabled by default]
anubis_keccak.ads:3:06: warning: no entities of "Interfaces" are referenced in spec [-gnatwu]
anubis_keccak.ads:3:06: warning: with clause might be moved to body [-gnatwu]
clang: warning: overriding deployment version from '16.0' to '26.0' [-Woverriding-deployment-version]
