anubis_gate.adb:10:06: warning: redundant with clause in body [-gnatwr]
anubis_gate.adb:10:20: warning: "Interfaces" is already use-visible through previous use_clause at anubis_gate.ads:10 [-gnatwr]
anubis_gate.adb:10:20: warning: use clause for package "Interfaces" has no effect [-gnatwu]
anubis_gate.adb:46:07: warning: actuals for this call may be in wrong order [-gnatw.p]
anubis_gate.adb:69:07: warning: use clause for package "Anubis_STARK_Poly" has no effect [-gnatwu]
anubis_gate.adb:229:07: warning: useless assignment to "Success", value overwritten at line 258 [-gnatwm]
anubis_gate.adb:255:27: warning: writable actual for "State" overlaps with actual for "Hash" [-gnatw.i]
anubis_gate.adb:291:27: warning: writable actual for "State" overlaps with actual for "Hash" [-gnatw.i]
anubis_gate.adb:478:07: warning: formal parameter "Contract_Addr" is not referenced [-gnatwf]
anubis_gate.adb:509:07: warning: formal parameter "User_KEM_SK" is not referenced [-gnatwf]
anubis_gate.adb:546:18: warning: condition can only be False if invalid values present [-gnatwc]
anubis_gate.adb:546:18: warning: condition is always True [-gnatwc]
anubis_gate.adb:563:37: warning: condition can only be False if invalid values present [-gnatwc]
anubis_gate.adb:563:37: warning: condition is always True [-gnatwc]
anubis_gate.adb:673:07: warning: formal parameter "Contract_Addr" is not referenced [-gnatwf]
anubis_gate.adb:674:07: warning: formal parameter "New_Policy" is not referenced [-gnatwf]
anubis_gate.adb:735:121: (style) this line is too long [-gnatyM]
anubis_gate.ads:12:06: warning: no entities of "Anubis_Bytes" are referenced [-gnatwu]
anubis_gate.ads:12:20: warning: use clause for package "Anubis_Bytes" has no effect [-gnatwu]
clang: warning: overriding deployment version from '16.0' to '26.0' [-Woverriding-deployment-version]
