anubis_mlkem.adb:25:35: warning: explicit membership test may be optimized away [enabled by default]
anubis_mlkem.adb:25:35: warning: use 'Valid attribute instead [enabled by default]
anubis_mlkem.adb:40:35: warning: explicit membership test may be optimized away [enabled by default]
anubis_mlkem.adb:40:35: warning: use 'Valid attribute instead [enabled by default]
anubis_mlkem.adb:99:35: warning: explicit membership test may be optimized away [enabled by default]
anubis_mlkem.adb:99:35: warning: use 'Valid attribute instead [enabled by default]
anubis_mlkem.adb:107:35: warning: explicit membership test may be optimized away [enabled by default]
anubis_mlkem.adb:107:35: warning: use 'Valid attribute instead [enabled by default]
anubis_mlkem.adb:113:35: warning: explicit membership test may be optimized away [enabled by default]
anubis_mlkem.adb:113:35: warning: use 'Valid attribute instead [enabled by default]
anubis_mlkem.adb:115:121: (style) this line is too long [-gnatyM]
anubis_mlkem.adb:124:35: warning: explicit membership test may be optimized away [enabled by default]
anubis_mlkem.adb:124:35: warning: use 'Valid attribute instead [enabled by default]
anubis_mlkem.adb:131:35: warning: explicit membership test may be optimized away [enabled by default]
anubis_mlkem.adb:131:35: warning: use 'Valid attribute instead [enabled by default]
anubis_mlkem.adb:133:121: (style) this line is too long [-gnatyM]
anubis_mlkem.adb:140:35: warning: explicit membership test may be optimized away [enabled by default]
anubis_mlkem.adb:140:35: warning: use 'Valid attribute instead [enabled by default]
anubis_mlkem.adb:142:121: (style) this line is too long [-gnatyM]
anubis_mlkem.adb:148:35: warning: explicit membership test may be optimized away [enabled by default]
anubis_mlkem.adb:148:35: warning: use 'Valid attribute instead [enabled by default]
anubis_mlkem.adb:149:121: (style) this line is too long [-gnatyM]
anubis_mlkem.adb:150:121: (style) this line is too long [-gnatyM]
anubis_mlkem.adb:184:35: warning: explicit membership test may be optimized away [enabled by default]
anubis_mlkem.adb:184:35: warning: use 'Valid attribute instead [enabled by default]
anubis_mlkem.adb:190:35: warning: explicit membership test may be optimized away [enabled by default]
anubis_mlkem.adb:190:35: warning: use 'Valid attribute instead [enabled by default]
anubis_mlkem.adb:227:35: warning: explicit membership test may be optimized away [enabled by default]
anubis_mlkem.adb:227:35: warning: use 'Valid attribute instead [enabled by default]
anubis_mlkem.adb:236:41: warning: explicit membership test may be optimized away [enabled by default]
anubis_mlkem.adb:236:41: warning: use 'Valid attribute instead [enabled by default]
anubis_mlkem.adb:250:35: warning: explicit membership test may be optimized away [enabled by default]
anubis_mlkem.adb:250:35: warning: use 'Valid attribute instead [enabled by default]
anubis_mlkem.adb:256:35: warning: explicit membership test may be optimized away [enabled by default]
anubis_mlkem.adb:256:35: warning: use 'Valid attribute instead [enabled by default]
anubis_mlkem.adb:283:35: warning: explicit membership test may be optimized away [enabled by default]
anubis_mlkem.adb:283:35: warning: use 'Valid attribute instead [enabled by default]
anubis_mlkem.adb:295:35: warning: explicit membership test may be optimized away [enabled by default]
anubis_mlkem.adb:295:35: warning: use 'Valid attribute instead [enabled by default]
anubis_mlkem.adb:304:41: warning: explicit membership test may be optimized away [enabled by default]
anubis_mlkem.adb:304:41: warning: use 'Valid attribute instead [enabled by default]
anubis_mlkem.adb:316:38: warning: explicit membership test may be optimized away [enabled by default]
anubis_mlkem.adb:316:38: warning: use 'Valid attribute instead [enabled by default]
anubis_mlkem.adb:337:35: warning: explicit membership test may be optimized away [enabled by default]
anubis_mlkem.adb:337:35: warning: use 'Valid attribute instead [enabled by default]
anubis_mlkem.adb:342:41: warning: explicit membership test may be optimized away [enabled by default]
anubis_mlkem.adb:342:41: warning: use 'Valid attribute instead [enabled by default]
anubis_mlkem.adb:381:35: warning: explicit membership test may be optimized away [enabled by default]
anubis_mlkem.adb:381:35: warning: use 'Valid attribute instead [enabled by default]
anubis_mlkem.adb:396:38: warning: explicit membership test may be optimized away [enabled by default]
anubis_mlkem.adb:396:38: warning: use 'Valid attribute instead [enabled by default]
anubis_mlkem.adb:439:35: warning: explicit membership test may be optimized away [enabled by default]
anubis_mlkem.adb:439:35: warning: use 'Valid attribute instead [enabled by default]
anubis_mlkem.adb:444:35: warning: explicit membership test may be optimized away [enabled by default]
anubis_mlkem.adb:444:35: warning: use 'Valid attribute instead [enabled by default]
anubis_mlkem.adb:449:35: warning: explicit membership test may be optimized away [enabled by default]
anubis_mlkem.adb:449:35: warning: use 'Valid attribute instead [enabled by default]
anubis_mlkem.adb:459:35: warning: explicit membership test may be optimized away [enabled by default]
anubis_mlkem.adb:459:35: warning: use 'Valid attribute instead [enabled by default]
anubis_mlkem.adb:471:35: warning: explicit membership test may be optimized away [enabled by default]
anubis_mlkem.adb:471:35: warning: use 'Valid attribute instead [enabled by default]
anubis_mlkem.adb:483:35: warning: explicit membership test may be optimized away [enabled by default]
anubis_mlkem.adb:483:35: warning: use 'Valid attribute instead [enabled by default]
anubis_mlkem.ads:146:27: warning: conjunct in postcondition does not check the outcome of calling "KeyGen" [-gnatw.t]
anubis_mlkem.ads:147:27: warning: conjunct in postcondition does not check the outcome of calling "KeyGen" [-gnatw.t]
anubis_mlkem.ads:173:49: warning: conjunct in postcondition does not check the outcome of calling "Encaps" [-gnatw.t]
anubis_mlkem.ads:206:07: warning: postcondition does not check the outcome of calling "Decaps" [-gnatw.t]
anubis_mlkem.ads:226:36: warning: aspect Unreferenced specified for "EK" [enabled by default]
anubis_mlkem.ads:226:40: warning: aspect Unreferenced specified for "DK" [enabled by default]
anubis_mlkem.ads:242:39: warning: aspect Unreferenced specified for "SS_Encaps" [enabled by default]
anubis_mlkem.ads:242:50: warning: aspect Unreferenced specified for "SS_Decaps" [enabled by default]
anubis_mlkem.ads:299:27: warning: conjunct in postcondition does not check the outcome of calling "K_PKE_Encrypt" [-gnatw.t]
anubis_mlkem.ads:319:07: warning: postcondition does not check the outcome of calling "K_PKE_Decrypt" [-gnatw.t]
clang: warning: overriding deployment version from '16.0' to '26.0' [-Woverriding-deployment-version]
