anubis_mlkem_encoding.adb:4:06: warning: redundant with clause in body [-gnatwr]
anubis_mlkem_encoding.adb:4:21: warning: "Anubis_Config" is already use-visible through previous use_clause at anubis_mlkem_encoding.ads:5 [-gnatwr]
anubis_mlkem_encoding.adb:4:21: warning: use clause for package "Anubis_Config" has no effect [-gnatwu]
anubis_mlkem_encoding.adb:5:06: warning: redundant with clause in body [-gnatwr]
anubis_mlkem_encoding.adb:5:20: warning: "Anubis_Field" is already use-visible through previous use_clause at anubis_mlkem_encoding.ads:6 [-gnatwr]
anubis_mlkem_encoding.adb:5:20: warning: use clause for package "Anubis_Field" has no effect [-gnatwu]
anubis_mlkem_encoding.adb:23:35: warning: explicit membership test may be optimized away [enabled by default]
anubis_mlkem_encoding.adb:23:35: warning: use 'Valid attribute instead [enabled by default]
anubis_mlkem_encoding.adb:57:35: warning: explicit membership test may be optimized away [enabled by default]
anubis_mlkem_encoding.adb:57:35: warning: use 'Valid attribute instead [enabled by default]
anubis_mlkem_encoding.adb:88:35: warning: explicit membership test may be optimized away [enabled by default]
anubis_mlkem_encoding.adb:88:35: warning: use 'Valid attribute instead [enabled by default]
anubis_mlkem_encoding.adb:93:38: warning: explicit membership test may be optimized away [enabled by default]
anubis_mlkem_encoding.adb:93:38: warning: use 'Valid attribute instead [enabled by default]
anubis_mlkem_encoding.adb:124:35: warning: explicit membership test may be optimized away [enabled by default]
anubis_mlkem_encoding.adb:124:35: warning: use 'Valid attribute instead [enabled by default]
anubis_mlkem_encoding.adb:130:38: warning: explicit membership test may be optimized away [enabled by default]
anubis_mlkem_encoding.adb:130:38: warning: use 'Valid attribute instead [enabled by default]
anubis_mlkem_encoding.adb:137:121: (style) this line is too long [-gnatyM]
anubis_mlkem_encoding.adb:140:121: (style) this line is too long [-gnatyM]
anubis_mlkem_encoding.adb:159:35: warning: explicit membership test may be optimized away [enabled by default]
anubis_mlkem_encoding.adb:159:35: warning: use 'Valid attribute instead [enabled by default]
anubis_mlkem_encoding.adb:164:38: warning: explicit membership test may be optimized away [enabled by default]
anubis_mlkem_encoding.adb:164:38: warning: use 'Valid attribute instead [enabled by default]
anubis_mlkem_encoding.adb:189:35: warning: explicit membership test may be optimized away [enabled by default]
anubis_mlkem_encoding.adb:189:35: warning: use 'Valid attribute instead [enabled by default]
anubis_mlkem_encoding.adb:195:38: warning: explicit membership test may be optimized away [enabled by default]
anubis_mlkem_encoding.adb:195:38: warning: use 'Valid attribute instead [enabled by default]
anubis_mlkem_encoding.adb:222:35: warning: explicit membership test may be optimized away [enabled by default]
anubis_mlkem_encoding.adb:222:35: warning: use 'Valid attribute instead [enabled by default]
anubis_mlkem_encoding.adb:243:35: warning: explicit membership test may be optimized away [enabled by default]
anubis_mlkem_encoding.adb:243:35: warning: use 'Valid attribute instead [enabled by default]
anubis_mlkem_encoding.adb:248:38: warning: explicit membership test may be optimized away [enabled by default]
anubis_mlkem_encoding.adb:248:38: warning: use 'Valid attribute instead [enabled by default]
anubis_mlkem_encoding.adb:265:35: warning: explicit membership test may be optimized away [enabled by default]
anubis_mlkem_encoding.adb:265:35: warning: use 'Valid attribute instead [enabled by default]
anubis_mlkem_encoding.adb:271:38: warning: explicit membership test may be optimized away [enabled by default]
anubis_mlkem_encoding.adb:271:38: warning: use 'Valid attribute instead [enabled by default]
anubis_mlkem_encoding.adb:290:35: warning: explicit membership test may be optimized away [enabled by default]
anubis_mlkem_encoding.adb:290:35: warning: use 'Valid attribute instead [enabled by default]
anubis_mlkem_encoding.adb:293:38: warning: explicit membership test may be optimized away [enabled by default]
anubis_mlkem_encoding.adb:293:38: warning: use 'Valid attribute instead [enabled by default]
anubis_mlkem_encoding.ads:4:06: warning: no entities of "Anubis_Types" are referenced in spec [-gnatwu]
anubis_mlkem_encoding.ads:4:06: warning: with clause might be moved to body [-gnatwu]
clang: warning: overriding deployment version from '16.0' to '26.0' [-Woverriding-deployment-version]
