anubis_mldsa_compress.adb:11:04: warning: exception "Not_Implemented" is not referenced [-gnatwu]
anubis_mldsa_compress.adb:14:07: warning: formal parameter "Signature" is not referenced [-gnatwf]
anubis_mldsa_compress.adb:28:07: warning: formal parameter "Compressed" is not referenced [-gnatwf]
anubis_mldsa_compress.adb:38:07: warning: formal parameter "Signature" is not referenced [-gnatwf]
anubis_mldsa_compress.adb:39:07: warning: formal parameter "Message_Hash" is not referenced [-gnatwf]
anubis_mldsa_compress.adb:40:07: warning: formal parameter "Public_Key" is not referenced [-gnatwf]
anubis_mldsa_compress.adb:52:07: warning: formal parameter "Compressed" is not referenced [-gnatwf]
anubis_mldsa_compress.adb:53:07: warning: formal parameter "Message_Hash" is not referenced [-gnatwf]
anubis_mldsa_compress.adb:54:07: warning: formal parameter "Public_Key" is not referenced [-gnatwf]
anubis_mldsa_compress.adb:64:07: warning: formal parameter "Signatures" is not referenced [-gnatwf]
anubis_mldsa_compress.adb:65:07: warning: formal parameter "Num_Sigs" is not referenced [-gnatwf]
anubis_mldsa_compress.adb:79:07: warning: formal parameter "Compressed" is not referenced [-gnatwf]
anubis_mldsa_compress.adb:93:07: warning: formal parameter "Z" is not referenced [-gnatwf]
anubis_mldsa_compress.adb:107:07: warning: formal parameter "Input" is not referenced [-gnatwf]
anubis_mldsa_compress.adb:119:07: warning: formal parameter "Z" is not referenced [-gnatwf]
anubis_mldsa_compress.adb:131:07: warning: formal parameter "Hints" is not referenced [-gnatwf]
anubis_mldsa_compress.adb:145:07: warning: formal parameter "Input" is not referenced [-gnatwf]
anubis_mldsa_compress.adb:170:07: warning: formal parameter "Message_Hash" is not referenced [-gnatwf]
anubis_mldsa_compress.adb:171:07: warning: formal parameter "Public_Key" is not referenced [-gnatwf]
anubis_mldsa_compress.adb:178:07: warning: formal parameter "Z" is not referenced [-gnatwf]
anubis_mldsa_compress.adb:179:07: warning: formal parameter "Hints" is not referenced [-gnatwf]
anubis_mldsa_compress.adb:180:07: warning: formal parameter "Message_Hash" is not referenced [-gnatwf]
anubis_mldsa_compress.adb:181:07: warning: formal parameter "Public_Key" is not referenced [-gnatwf]
anubis_mldsa_compress.adb:191:07: warning: formal parameter "Signature" is not referenced [-gnatwf]
anubis_mldsa_compress.adb:205:07: warning: formal parameter "C_Tilde" is not referenced [-gnatwf]
anubis_mldsa_compress.adb:206:07: warning: formal parameter "Z" is not referenced [-gnatwf]
anubis_mldsa_compress.adb:207:07: warning: formal parameter "Hints" is not referenced [-gnatwf]
anubis_mldsa_compress.adb:216:28: warning: formal parameter "Data" is not referenced [-gnatwf]
anubis_mldsa_compress.adb:242:42: warning: redundant conversion, "Checksum" is of type "Unsigned_16" [-gnatwr]
anubis_mldsa_compress.adb:243:42: warning: redundant conversion, "Checksum" is of type "Unsigned_16" [-gnatwr]
anubis_mldsa_compress.adb:273:07: warning: formal parameter "Signature" is not referenced [-gnatwf]
anubis_mldsa_compress.adb:280:07: warning: formal parameter "Signature" is not referenced [-gnatwf]
anubis_mldsa_compress.adb:301:07: warning: formal parameter "Buffer" is not referenced [-gnatwf]
anubis_mldsa_compress.adb:316:07: warning: formal parameter "Signature" is not referenced [-gnatwf]
anubis_mldsa_compress.ads:28:06: warning: no entities of "Anubis_Bytes" are referenced [-gnatwu]
anubis_mldsa_compress.ads:28:20: warning: use clause for package "Anubis_Bytes" has no effect [-gnatwu]
clang: warning: overriding deployment version from '16.0' to '26.0' [-Woverriding-deployment-version]
