khepri_mpt.adb:147:38: warning: range test optimized away [-gnatwc]
khepri_mpt.adb:147:38: warning: value is known to be in range [-gnatwc]
khepri_mpt.adb:444:13: warning: variable "Start" is assigned but never read [-gnatwm]
khepri_mpt.adb:445:13: warning: variable "Elements" is not referenced [-gnatwu]
khepri_mpt.adb:514:07: warning: formal parameter "Root" is not referenced [-gnatwf]
khepri_mpt.adb:660:22: warning: "Old_Suffix" is not modified, could be declared constant [-gnatwk]
khepri_mpt.adb:686:22: warning: "New_Suffix" is not modified, could be declared constant [-gnatwk]
khepri_mpt.adb:687:22: warning: "New_Leaf" is not modified, could be declared constant [-gnatwk]
khepri_mpt.adb:762:25: warning: "Rest_Key" is not modified, could be declared constant [-gnatwk]
khepri_mpt.adb:763:25: warning: "New_Ext" is not modified, could be declared constant [-gnatwk]
khepri_mpt.adb:782:22: warning: "New_Suffix" is not modified, could be declared constant [-gnatwk]
khepri_mpt.adb:783:22: warning: "New_Leaf" is not modified, could be declared constant [-gnatwk]
khepri_mpt.adb:830:19: warning: "Rest_Key" is not modified, could be declared constant [-gnatwk]
khepri_mpt.adb:835:25: warning: "New_Leaf" is not modified, could be declared constant [-gnatwk]
khepri_mpt.adb:1027:13: warning: function "Find_Single_Child" is not referenced [-gnatwu]
khepri_mpt.adb:1078:19: warning: "Rest_Key" is not modified, could be declared constant [-gnatwk]
khepri_mpt.adb:1428:07: warning: variable "Expected_Hash" is assigned but never read [-gnatwm]
khepri_mpt.ads:35:06: warning: no entities of "Interfaces" are referenced in spec [-gnatwu]
khepri_mpt.ads:35:06: warning: with clause might be moved to body [-gnatwu]
clang: warning: overriding deployment version from '16.0' to '26.0' [-Woverriding-deployment-version]
