khepri_cli.adb:7:17: warning: no entities of "Ada.Strings.Fixed" are referenced [-gnatwu]
khepri_cli.adb:7:32: warning: use clause for package "Fixed" has no effect [-gnatwu]
khepri_cli.adb:8:17: warning: no entities of "Ada.Strings.Maps" are referenced [-gnatwu]
khepri_cli.adb:8:32: warning: use clause for package "Maps" has no effect [-gnatwu]
khepri_cli.adb:17:06: warning: no entities of "Aegis_U256" are referenced [-gnatwu]
khepri_cli.adb:17:32: warning: use clause for package "Aegis_U256" has no effect [-gnatwu]
khepri_cli.adb:22:32: warning: use clause for package "Anubis_MLDSA_Types" has no effect [-gnatwu]
khepri_cli.adb:76:07: warning: variable "Status" is never read and never assigned [-gnatwu]
khepri_cli.adb:105:14: warning: procedure "Run_Command_With_Output" is not referenced [-gnatwu]
khepri_cli.adb:261:14: warning: "Directories" is already use-visible through previous use_clause at line 6 [-gnatwr]
khepri_cli.adb:301:121: (style) this line is too long [-gnatyM]
khepri_cli.adb:303:121: (style) this line is too long [-gnatyM]
khepri_cli.adb:304:121: (style) this line is too long [-gnatyM]
khepri_cli.adb:305:121: (style) this line is too long [-gnatyM]
khepri_cli.adb:306:121: (style) this line is too long [-gnatyM]
khepri_cli.adb:307:121: (style) this line is too long [-gnatyM]
khepri_cli.adb:308:121: (style) this line is too long [-gnatyM]
khepri_cli.adb:313:121: (style) this line is too long [-gnatyM]
khepri_cli.adb:1069:07: warning: possibly useless assignment to "Exit_Code", value might not be referenced [-gnatwm]
khepri_cli.adb:1098:07: warning: variable "Exit_Code" is assigned but never read [-gnatwm]
khepri_cli.adb:1118:07: warning: useless assignment to "Exit_Code", value overwritten at line 1125 [-gnatwm]
khepri_cli.adb:1125:07: warning: useless assignment to "Exit_Code", value overwritten at line 1128 [-gnatwm]
khepri_cli.adb:1128:07: warning: useless assignment to "Exit_Code", value overwritten at line 1131 [-gnatwm]
khepri_cli.adb:1131:07: warning: useless assignment to "Exit_Code", value overwritten at line 1136 [-gnatwm]
khepri_cli.adb:1136:07: warning: useless assignment to "Exit_Code", value overwritten at line 1143 [-gnatwm]
khepri_cli.adb:1143:07: warning: useless assignment to "Exit_Code", value overwritten at line 1146 [-gnatwm]
khepri_cli.adb:1147:121: (style) this line is too long [-gnatyM]
khepri_cli.adb:1152:17: warning: "Text_IO" is already use-visible through previous use_clause at line 4 [-gnatwr]
khepri_cli.adb:1283:07: warning: useless assignment to "Exit_Code", value overwritten at line 1291 [-gnatwm]
khepri_cli.adb:1291:07: warning: useless assignment to "Exit_Code", value overwritten at line 1299 [-gnatwm]
khepri_cli.adb:1299:07: warning: possibly useless assignment to "Exit_Code", value might not be referenced [-gnatwm]
khepri_cli.adb:1315:07: warning: variable "Exit_Code" is assigned but never read [-gnatwm]
khepri_cli.adb:1317:07: warning: "Hangs" is not modified, could be declared constant [-gnatwk]
khepri_cli.adb:1325:07: warning: useless assignment to "Exit_Code", value overwritten at line 1332 [-gnatwm]
khepri_cli.adb:1361:07: warning: possibly useless assignment to "Exit_Code", value might not be referenced [-gnatwm]
khepri_cli.adb:1406:07: warning: "From_Addr" is not modified, could be declared constant [-gnatwk]
khepri_cli.adb:1443:07: warning: "From_Addr" is not modified, could be declared constant [-gnatwk]
khepri_cli.adb:1719:121: (style) this line is too long [-gnatyM]
clang: warning: overriding deployment version from '16.0' to '26.0' [-Woverriding-deployment-version]
