khepri_drivers.adb:24:07: warning: formal parameter "Input" is not referenced [-gnatwf]
khepri_drivers.adb:39:07: warning: formal parameter "Input" is not referenced [-gnatwf]
khepri_drivers.adb:66:07: warning: formal parameter "Acc" is not referenced [-gnatwf]
khepri_drivers.adb:90:07: warning: formal parameter "Acc" is not referenced [-gnatwf]
khepri_drivers.adb:116:07: warning: formal parameter "Acc" is not referenced [-gnatwf]
khepri_drivers.adb:132:07: warning: formal parameter "Acc" is not referenced [-gnatwf]
khepri_drivers.adb:133:07: warning: formal parameter "Data" is not modified [-gnatwk]
khepri_drivers.adb:133:07: warning: mode could be "in" instead of "in out" [-gnatwk]
khepri_drivers.adb:142:07: warning: formal parameter "Acc" is not referenced [-gnatwf]
khepri_drivers.adb:143:07: warning: formal parameter "Data" is not modified [-gnatwk]
khepri_drivers.adb:143:07: warning: mode could be "in" instead of "in out" [-gnatwk]
khepri_drivers.adb:169:07: warning: formal parameter "Drv" is not referenced [-gnatwf]
khepri_drivers.adb:170:07: warning: formal parameter "Addr" is not referenced [-gnatwf]
khepri_drivers.adb:180:07: warning: formal parameter "Drv" is not referenced [-gnatwf]
khepri_drivers.adb:181:07: warning: formal parameter "Addr" is not referenced [-gnatwf]
khepri_drivers.adb:190:07: warning: formal parameter "Drv" is not modified [-gnatwk]
khepri_drivers.adb:190:07: warning: mode could be "in" instead of "in out" [-gnatwk]
khepri_drivers.adb:191:07: warning: formal parameter "Sector" is not referenced [-gnatwf]
khepri_drivers.adb:208:07: warning: formal parameter "Drv" is not referenced [-gnatwf]
khepri_drivers.adb:209:07: warning: formal parameter "Addr" is not referenced [-gnatwf]
khepri_drivers.adb:219:07: warning: formal parameter "Drv" is not referenced [-gnatwf]
khepri_drivers.adb:220:07: warning: formal parameter "Addr" is not referenced [-gnatwf]
khepri_drivers.adb:248:07: warning: formal parameter "Drv" is not referenced [-gnatwf]
khepri_drivers.adb:257:07: warning: formal parameter "Drv" is not referenced [-gnatwf]
khepri_drivers.adb:277:07: warning: formal parameter "Drv" is not referenced [-gnatwf]
khepri_drivers.adb:298:07: warning: formal parameter "Drv" is not referenced [-gnatwf]
khepri_drivers.adb:299:07: warning: formal parameter "Address" is not referenced [-gnatwf]
khepri_drivers.adb:308:07: warning: formal parameter "Drv" is not referenced [-gnatwf]
khepri_drivers.adb:309:07: warning: formal parameter "Address" is not referenced [-gnatwf]
khepri_drivers.adb:329:07: warning: formal parameter "Drv" is not referenced [-gnatwf]
khepri_drivers.adb:338:07: warning: formal parameter "Drv" is not referenced [-gnatwf]
khepri_drivers.adb:380:07: warning: formal parameter "Drv" is not modified [-gnatwk]
khepri_drivers.adb:380:07: warning: mode could be "in" instead of "in out" [-gnatwk]
khepri_drivers.adb:399:07: warning: formal parameter "Drv" is not referenced [-gnatwf]
khepri_drivers.adb:449:24: warning: formal parameter "Pin" is not referenced [-gnatwf]
clang: warning: overriding deployment version from '16.0' to '26.0' [-Woverriding-deployment-version]
