aegis_syscall.adb:4:06: warning: no entities of "Aegis_Storage" are referenced [-gnatwu]
aegis_syscall.adb:4:21: warning: use clause for package "Aegis_Storage" has no effect [-gnatwu]
aegis_syscall.adb:53:16: warning: "Data_Hash" is not modified, could be declared constant [-gnatwk]
aegis_syscall.adb:64:16: warning: "Data_Hash" is not modified, could be declared constant [-gnatwk]
aegis_syscall.adb:134:34: warning: array aggregate using () is an obsolescent syntax, use [] instead [-gnatwj]
aegis_syscall.adb:200:07: warning: "Input" is not modified, could be declared constant [-gnatwk]
aegis_syscall.adb:200:40: warning: array aggregate using () is an obsolescent syntax, use [] instead [-gnatwj]
aegis_syscall.adb:219:07: warning: "Input" is not modified, could be declared constant [-gnatwk]
aegis_syscall.adb:219:40: warning: array aggregate using () is an obsolescent syntax, use [] instead [-gnatwj]
aegis_syscall.adb:240:07: warning: "Input" is not modified, could be declared constant [-gnatwk]
aegis_syscall.adb:240:41: warning: array aggregate using () is an obsolescent syntax, use [] instead [-gnatwj]
aegis_syscall.adb:241:07: warning: "Signature" is not modified, could be declared constant [-gnatwk]
aegis_syscall.adb:241:41: warning: array aggregate using () is an obsolescent syntax, use [] instead [-gnatwj]
aegis_syscall.adb:242:07: warning: "Public_Key" is not modified, could be declared constant [-gnatwk]
aegis_syscall.adb:242:42: warning: array aggregate using () is an obsolescent syntax, use [] instead [-gnatwj]
aegis_syscall.adb:266:07: warning: "Ciphertext" is not modified, could be declared constant [-gnatwk]
aegis_syscall.adb:266:44: warning: array aggregate using () is an obsolescent syntax, use [] instead [-gnatwj]
aegis_syscall.adb:267:07: warning: "Decaps_Key" is not modified, could be declared constant [-gnatwk]
aegis_syscall.adb:267:44: warning: array aggregate using () is an obsolescent syntax, use [] instead [-gnatwj]
aegis_syscall.adb:438:30: warning: can never be greater than, could replace by "=" [-gnatwc]
aegis_syscall.adb:464:30: warning: can never be greater than, could replace by "=" [-gnatwc]
aegis_syscall.adb:489:30: warning: can never be greater than, could replace by "=" [-gnatwc]
aegis_syscall.adb:568:07: warning: "Log_Data" is not modified, could be declared constant [-gnatwk]
aegis_syscall.adb:568:37: warning: array aggregate using () is an obsolescent syntax, use [] instead [-gnatwj]
aegis_syscall.ads:3:06: warning: no entities of "Interfaces" are referenced [-gnatwu]
aegis_syscall.ads:8:06: warning: no entities of "Aegis_Crypto_API" are referenced in spec [-gnatwu]
aegis_syscall.ads:8:06: warning: with clause might be moved to body [-gnatwu]
clang: warning: overriding deployment version from '16.0' to '26.0' [-Woverriding-deployment-version]
