aegis_execution.adb:3:06: warning: no entities of "Aegis_U256" are referenced [-gnatwu]
aegis_execution.adb:3:18: warning: use clause for package "Aegis_U256" has no effect [-gnatwu]
aegis_execution.adb:79:28: warning: can never be greater than, could replace by "=" [-gnatwc]
aegis_execution.adb:114:07: warning: formal parameter "Success" is not referenced [-gnatwf]
aegis_execution.adb:224:07: warning: formal parameter "Address" is not referenced [-gnatwf]
aegis_execution.adb:225:07: warning: formal parameter "Key" is not referenced [-gnatwf]
aegis_execution.adb:246:07: warning: formal parameter "Address" is not referenced [-gnatwf]
aegis_execution.adb:247:07: warning: formal parameter "Key" is not referenced [-gnatwf]
aegis_execution.adb:248:07: warning: formal parameter "Value" is not referenced [-gnatwf]
aegis_execution.adb:271:07: warning: formal parameter "Ctx" is not referenced [-gnatwf]
aegis_execution.adb:272:07: warning: formal parameter "Address" is not referenced [-gnatwf]
aegis_execution.adb:280:07: warning: formal parameter "Ctx" is not modified [-gnatwk]
aegis_execution.adb:280:07: warning: mode could be "in" instead of "in out" [-gnatwk]
aegis_execution.adb:281:07: warning: formal parameter "From" is not referenced [-gnatwf]
aegis_execution.adb:282:07: warning: formal parameter "To" is not referenced [-gnatwf]
aegis_execution.adb:283:07: warning: formal parameter "Amount" is not referenced [-gnatwf]
aegis_execution.adb:342:07: warning: formal parameter "Topics" is not referenced [-gnatwf]
aegis_execution.adb:344:07: warning: formal parameter "Data" is not referenced [-gnatwf]
aegis_execution.adb:375:07: warning: formal parameter "Return_Data" is not referenced [-gnatwf]
aegis_execution.ads:5:06: warning: no entities of "Aegis_Gas" are referenced in spec [-gnatwu]
aegis_execution.ads:5:06: warning: with clause might be moved to body [-gnatwu]
clang: warning: overriding deployment version from '16.0' to '26.0' [-Woverriding-deployment-version]
