aegis_ffi.adb:14:06: warning: redundant with clause in body [-gnatwr]
aegis_ffi.adb:14:18: warning: "Interfaces" is already use-visible through previous use_clause at aegis_ffi.ads:22 [-gnatwr]
aegis_ffi.adb:49:06: warning: unit "Scarab_Aadkg" is not referenced [-gnatwu]
aegis_ffi.adb:50:06: warning: unit "Scarab_Horus" is not referenced [-gnatwu]
aegis_ffi.adb:51:06: warning: unit "Scarab_Tefnut" is not referenced [-gnatwu]
aegis_ffi.adb:52:06: warning: unit "Scarab_Maat" is not referenced [-gnatwu]
aegis_ffi.adb:53:06: warning: unit "Scarab_Thoth" is not referenced [-gnatwu]
aegis_ffi.adb:54:06: warning: unit "Scarab_Sekhmet" is not referenced [-gnatwu]
aegis_ffi.adb:143:61: warning: array aggregate using () is an obsolescent syntax, use [] instead [-gnatwj]
aegis_ffi.adb:199:60: warning: array aggregate using () is an obsolescent syntax, use [] instead [-gnatwj]
aegis_ffi.adb:325:58: warning: array aggregate using () is an obsolescent syntax, use [] instead [-gnatwj]
aegis_ffi.adb:326:58: warning: array aggregate using () is an obsolescent syntax, use [] instead [-gnatwj]
aegis_ffi.adb:333:58: warning: array aggregate using () is an obsolescent syntax, use [] instead [-gnatwj]
aegis_ffi.adb:375:58: warning: array aggregate using () is an obsolescent syntax, use [] instead [-gnatwj]
aegis_ffi.adb:441:67: warning: array aggregate using () is an obsolescent syntax, use [] instead [-gnatwj]
aegis_ffi.adb:484:67: warning: array aggregate using () is an obsolescent syntax, use [] instead [-gnatwj]
aegis_ffi.adb:527:67: warning: array aggregate using () is an obsolescent syntax, use [] instead [-gnatwj]
aegis_ffi.adb:566:67: warning: array aggregate using () is an obsolescent syntax, use [] instead [-gnatwj]
aegis_ffi.adb:609:67: warning: array aggregate using () is an obsolescent syntax, use [] instead [-gnatwj]
aegis_ffi.adb:885:27: warning: use of an anonymous access type allocator [-gnatw_a]
aegis_ffi.adb:887:24: warning: use of an anonymous access type allocator [-gnatw_a]
aegis_ffi.adb:915:27: warning: use of an anonymous access type allocator [-gnatw_a]
aegis_ffi.adb:917:24: warning: use of an anonymous access type allocator [-gnatw_a]
aegis_ffi.adb:1055:38: warning: redundant conversion, expression is of type "unsigned_long" [-gnatwr]
aegis_ffi.adb:1204:38: warning: redundant conversion, expression is of type "unsigned_long" [-gnatwr]
aegis_ffi.adb:1220:35: warning: redundant conversion, expression is of type "unsigned_long" [-gnatwr]
aegis_ffi.adb:1422:24: warning: array aggregate using () is an obsolescent syntax, use [] instead [-gnatwj]
aegis_ffi.adb:1423:24: warning: array aggregate using () is an obsolescent syntax, use [] instead [-gnatwj]
aegis_ffi.adb:1424:25: warning: array aggregate using () is an obsolescent syntax, use [] instead [-gnatwj]
aegis_ffi.adb:1425:33: warning: array aggregate using () is an obsolescent syntax, use [] instead [-gnatwj]
aegis_ffi.adb:1484:24: warning: array aggregate using () is an obsolescent syntax, use [] instead [-gnatwj]
aegis_ffi.adb:1485:24: warning: array aggregate using () is an obsolescent syntax, use [] instead [-gnatwj]
aegis_ffi.adb:1486:25: warning: array aggregate using () is an obsolescent syntax, use [] instead [-gnatwj]
aegis_ffi.adb:1487:33: warning: array aggregate using () is an obsolescent syntax, use [] instead [-gnatwj]
aegis_ffi.adb:1617:37: warning: array aggregate using () is an obsolescent syntax, use [] instead [-gnatwj]
aegis_ffi.adb:1635:40: warning: array aggregate using () is an obsolescent syntax, use [] instead [-gnatwj]
aegis_ffi.adb:1762:26: warning: array aggregate using () is an obsolescent syntax, use [] instead [-gnatwj]
aegis_ffi.adb:2475:07: warning: formal parameter "Input_Values" is not referenced [-gnatwf]
aegis_ffi.adb:2477:07: warning: formal parameter "Output_Values" is not referenced [-gnatwf]
aegis_ffi.adb:2619:66: warning: array aggregate using () is an obsolescent syntax, use [] instead [-gnatwj]
aegis_ffi.adb:2737:10: warning: variable "Attrs" is assigned but never read [-gnatwm]
aegis_ffi.adb:2742:68: warning: array aggregate using () is an obsolescent syntax, use [] instead [-gnatwj]
aegis_ffi.adb:2822:68: warning: array aggregate using () is an obsolescent syntax, use [] instead [-gnatwj]
aegis_ffi.adb:2879:07: warning: formal parameter "TTL_Blocks" is not referenced [-gnatwf]
aegis_ffi.adb:2904:60: warning: array aggregate using () is an obsolescent syntax, use [] instead [-gnatwj]
aegis_ffi.adb:2919:74: warning: array aggregate using () is an obsolescent syntax, use [] instead [-gnatwj]
aegis_ffi.adb:3300:21: warning: array aggregate using () is an obsolescent syntax, use [] instead [-gnatwj]
aegis_ffi.adb:3352:10: warning: "Domain_Sep" is not modified, could be declared constant [-gnatwk]
aegis_ffi.adb:3352:60: warning: array aggregate using () is an obsolescent syntax, use [] instead [-gnatwj]
aegis_ffi.adb:3440:07: warning: formal parameter "Public_Keys" is not referenced [-gnatwf]
aegis_ffi.adb:3441:07: warning: formal parameter "Messages" is not referenced [-gnatwf]
aegis_ffi.adb:3512:98: warning: array aggregate using () is an obsolescent syntax, use [] instead [-gnatwj]
aegis_ffi.adb:3522:10: warning: variable "Msg_Hash" is never read and never assigned [-gnatwu]
aegis_ffi.adb:3525:86: warning: array aggregate using () is an obsolescent syntax, use [] instead [-gnatwj]
aegis_ffi.adb:3532:10: warning: "Group_ID" is not modified, could be declared constant [-gnatwk]
aegis_ffi.adb:3532:58: warning: array aggregate using () is an obsolescent syntax, use [] instead [-gnatwj]
aegis_ffi.adb:3643:07: warning: formal parameter "Sig_Len" is not referenced [-gnatwf]
aegis_ffi.adb:3645:07: warning: formal parameter "Msg_Len" is not referenced [-gnatwf]
aegis_ffi.adb:3728:07: warning: formal parameter "Public_Keys" is not referenced [-gnatwf]
aegis_ffi.adb:3729:07: warning: formal parameter "TX_Hashes" is not referenced [-gnatwf]
aegis_ffi.adb:3751:07: warning: formal parameter "Prev_State" is not referenced [-gnatwf]
aegis_ffi.adb:3752:07: warning: formal parameter "Expected_State" is not referenced [-gnatwf]
aegis_ffi.adb:3782:07: warning: formal parameter "Query_Value" is not referenced [-gnatwf]
aegis_ffi.adb:3783:07: warning: formal parameter "Value_Len" is not referenced [-gnatwf]
aegis_ffi.adb:3838:07: warning: formal parameter "Query_Key" is not referenced [-gnatwf]
aegis_ffi.adb:3839:07: warning: formal parameter "Query_Value" is not referenced [-gnatwf]
aegis_ffi.adb:3840:07: warning: formal parameter "Value_Len" is not referenced [-gnatwf]
aegis_ffi.adb:3841:07: warning: formal parameter "Proof" is not referenced [-gnatwf]
aegis_ffi.adb:3842:07: warning: formal parameter "Proof_Len" is not referenced [-gnatwf]
aegis_ffi.adb:4011:13: warning: function "Aegis_Khepri_Execute" is not referenced [-gnatwu]
clang: warning: overriding deployment version from '16.0' to '26.0' [-Woverriding-deployment-version]
