anubis_ntt.adb:16:35: warning: explicit membership test may be optimized away [enabled by default]
anubis_ntt.adb:16:35: warning: use 'Valid attribute instead [enabled by default]
anubis_ntt.adb:42:39: warning: explicit membership test may be optimized away [enabled by default]
anubis_ntt.adb:42:39: warning: use 'Valid attribute instead [enabled by default]
anubis_ntt.adb:50:42: warning: condition is always True [-gnatwc]
anubis_ntt.adb:95:39: warning: explicit membership test may be optimized away [enabled by default]
anubis_ntt.adb:95:39: warning: use 'Valid attribute instead [enabled by default]
anubis_ntt.adb:102:42: warning: condition is always True [-gnatwc]
anubis_ntt.adb:139:35: warning: explicit membership test may be optimized away [enabled by default]
anubis_ntt.adb:139:35: warning: use 'Valid attribute instead [enabled by default]
anubis_ntt.adb:145:35: warning: explicit membership test may be optimized away [enabled by default]
anubis_ntt.adb:145:35: warning: use 'Valid attribute instead [enabled by default]
anubis_ntt.adb:191:35: warning: explicit membership test may be optimized away [enabled by default]
anubis_ntt.adb:191:35: warning: use 'Valid attribute instead [enabled by default]
anubis_ntt.adb:222:35: warning: explicit membership test may be optimized away [enabled by default]
anubis_ntt.adb:222:35: warning: use 'Valid attribute instead [enabled by default]
anubis_ntt.adb:231:35: warning: explicit membership test may be optimized away [enabled by default]
anubis_ntt.adb:231:35: warning: use 'Valid attribute instead [enabled by default]
anubis_ntt.ads:88:34: warning: explicit membership test may be optimized away [enabled by default]
anubis_ntt.ads:88:34: warning: use 'Valid attribute instead [enabled by default]
anubis_ntt.ads:93:38: warning: array aggregate using () is an obsolescent syntax, use [] instead [-gnatwj]
anubis_ntt.ads:125:42: warning: array aggregate using () is an obsolescent syntax, use [] instead [-gnatwj]
clang: warning: overriding deployment version from '16.0' to '26.0' [-Woverriding-deployment-version]
