anubis_sha3.adb:14:35: warning: explicit membership test may be optimized away [enabled by default]
anubis_sha3.adb:14:35: warning: use 'Valid attribute instead [enabled by default]
anubis_sha3.adb:32:35: warning: explicit membership test may be optimized away [enabled by default]
anubis_sha3.adb:32:35: warning: use 'Valid attribute instead [enabled by default]
anubis_sha3.adb:54:35: warning: condition is always True [-gnatwc]
anubis_sha3.adb:54:46: warning: condition is always True [-gnatwc]
anubis_sha3.adb:81:35: warning: condition is always True [-gnatwc]
anubis_sha3.adb:81:46: warning: condition is always True [-gnatwc]
anubis_sha3.adb:93:41: warning: explicit membership test may be optimized away [enabled by default]
anubis_sha3.adb:93:41: warning: use 'Valid attribute instead [enabled by default]
anubis_sha3.adb:111:30: warning: array aggregate using () is an obsolescent syntax, use [] instead [-gnatwj]
anubis_sha3.adb:111:41: warning: array aggregate using () is an obsolescent syntax, use [] instead [-gnatwj]
anubis_sha3.adb:116:37: warning: condition is always True [-gnatwc]
anubis_sha3.adb:134:38: warning: condition is always True [-gnatwc]
anubis_sha3.adb:134:49: warning: condition is always True [-gnatwc]
anubis_sha3.adb:171:47: warning: condition is always True [-gnatwc]
anubis_sha3.adb:171:58: warning: condition is always True [-gnatwc]
anubis_sha3.adb:231:30: warning: array aggregate using () is an obsolescent syntax, use [] instead [-gnatwj]
anubis_sha3.adb:231:41: warning: array aggregate using () is an obsolescent syntax, use [] instead [-gnatwj]
anubis_sha3.adb:239:37: warning: condition is always True [-gnatwc]
anubis_sha3.adb:258:38: warning: condition is always True [-gnatwc]
anubis_sha3.adb:258:49: warning: condition is always True [-gnatwc]
anubis_sha3.adb:273:44: warning: condition is always True [-gnatwc]
anubis_sha3.adb:287:41: warning: condition is always True [-gnatwc]
anubis_sha3.adb:287:52: warning: condition is always True [-gnatwc]
anubis_sha3.ads:59:07: warning: postcondition does not check the outcome of calling "SHA3_256" [-gnatw.t]
anubis_sha3.ads:68:07: warning: postcondition does not check the outcome of calling "SHA3_384" [-gnatw.t]
anubis_sha3.ads:77:07: warning: postcondition does not check the outcome of calling "SHA3_512" [-gnatw.t]
anubis_sha3.ads:88:07: warning: postcondition does not check the outcome of calling "Keccak_256" [-gnatw.t]
clang: warning: overriding deployment version from '16.0' to '26.0' [-Woverriding-deployment-version]
