anubis_mlkem_poly.adb:4:06: warning: redundant with clause in body [-gnatwr]
anubis_mlkem_poly.adb:4:20: warning: "Anubis_Field" is already use-visible through previous use_clause at anubis_mlkem_poly.ads:5 [-gnatwr]
anubis_mlkem_poly.adb:4:20: warning: use clause for package "Anubis_Field" has no effect [-gnatwu]
anubis_mlkem_poly.adb:6:06: warning: no entities of "Anubis_MLKEM_Encoding" are referenced [-gnatwu]
anubis_mlkem_poly.adb:6:29: warning: use clause for package "Anubis_MLKEM_Encoding" has no effect [-gnatwu]
anubis_mlkem_poly.adb:22:35: warning: explicit membership test may be optimized away [enabled by default]
anubis_mlkem_poly.adb:22:35: warning: use 'Valid attribute instead [enabled by default]
anubis_mlkem_poly.adb:34:35: warning: explicit membership test may be optimized away [enabled by default]
anubis_mlkem_poly.adb:34:35: warning: use 'Valid attribute instead [enabled by default]
anubis_mlkem_poly.adb:47:35: warning: explicit membership test may be optimized away [enabled by default]
anubis_mlkem_poly.adb:47:35: warning: use 'Valid attribute instead [enabled by default]
anubis_mlkem_poly.adb:56:35: warning: explicit membership test may be optimized away [enabled by default]
anubis_mlkem_poly.adb:56:35: warning: use 'Valid attribute instead [enabled by default]
anubis_mlkem_poly.adb:69:35: warning: explicit membership test may be optimized away [enabled by default]
anubis_mlkem_poly.adb:69:35: warning: use 'Valid attribute instead [enabled by default]
anubis_mlkem_poly.adb:78:35: warning: explicit membership test may be optimized away [enabled by default]
anubis_mlkem_poly.adb:78:35: warning: use 'Valid attribute instead [enabled by default]
anubis_mlkem_poly.adb:92:35: warning: explicit membership test may be optimized away [enabled by default]
anubis_mlkem_poly.adb:92:35: warning: use 'Valid attribute instead [enabled by default]
anubis_mlkem_poly.adb:102:35: warning: explicit membership test may be optimized away [enabled by default]
anubis_mlkem_poly.adb:102:35: warning: use 'Valid attribute instead [enabled by default]
anubis_mlkem_poly.adb:114:35: warning: explicit membership test may be optimized away [enabled by default]
anubis_mlkem_poly.adb:114:35: warning: use 'Valid attribute instead [enabled by default]
anubis_mlkem_poly.adb:121:35: warning: explicit membership test may be optimized away [enabled by default]
anubis_mlkem_poly.adb:121:35: warning: use 'Valid attribute instead [enabled by default]
anubis_mlkem_poly.adb:135:35: warning: explicit membership test may be optimized away [enabled by default]
anubis_mlkem_poly.adb:135:35: warning: use 'Valid attribute instead [enabled by default]
anubis_mlkem_poly.adb:137:38: warning: explicit membership test may be optimized away [enabled by default]
anubis_mlkem_poly.adb:137:38: warning: use 'Valid attribute instead [enabled by default]
anubis_mlkem_poly.adb:151:35: warning: explicit membership test may be optimized away [enabled by default]
anubis_mlkem_poly.adb:151:35: warning: use 'Valid attribute instead [enabled by default]
anubis_mlkem_poly.adb:163:35: warning: explicit membership test may be optimized away [enabled by default]
anubis_mlkem_poly.adb:163:35: warning: use 'Valid attribute instead [enabled by default]
anubis_mlkem_poly.adb:174:35: warning: explicit membership test may be optimized away [enabled by default]
anubis_mlkem_poly.adb:174:35: warning: use 'Valid attribute instead [enabled by default]
anubis_mlkem_poly.adb:185:35: warning: explicit membership test may be optimized away [enabled by default]
anubis_mlkem_poly.adb:185:35: warning: use 'Valid attribute instead [enabled by default]
anubis_mlkem_poly.adb:198:17: warning: array aggregate using () is an obsolescent syntax, use [] instead [-gnatwj]
anubis_mlkem_poly.adb:202:35: warning: explicit membership test may be optimized away [enabled by default]
anubis_mlkem_poly.adb:202:35: warning: use 'Valid attribute instead [enabled by default]
anubis_mlkem_poly.adb:204:20: warning: writable actual for "A" overlaps with actual for "Result" [-gnatw.i]
anubis_mlkem_poly.adb:217:35: warning: explicit membership test may be optimized away [enabled by default]
anubis_mlkem_poly.adb:217:35: warning: use 'Valid attribute instead [enabled by default]
anubis_mlkem_poly.adb:220:24: warning: array aggregate using () is an obsolescent syntax, use [] instead [-gnatwj]
anubis_mlkem_poly.adb:222:38: warning: explicit membership test may be optimized away [enabled by default]
anubis_mlkem_poly.adb:222:38: warning: use 'Valid attribute instead [enabled by default]
anubis_mlkem_poly.adb:224:23: warning: writable actual for "A" overlaps with actual for "Result" [-gnatw.i]
anubis_mlkem_poly.adb:238:35: warning: explicit membership test may be optimized away [enabled by default]
anubis_mlkem_poly.adb:238:35: warning: use 'Valid attribute instead [enabled by default]
anubis_mlkem_poly.adb:241:24: warning: array aggregate using () is an obsolescent syntax, use [] instead [-gnatwj]
anubis_mlkem_poly.adb:243:38: warning: explicit membership test may be optimized away [enabled by default]
anubis_mlkem_poly.adb:243:38: warning: use 'Valid attribute instead [enabled by default]
anubis_mlkem_poly.adb:245:23: warning: writable actual for "A" overlaps with actual for "Result" [-gnatw.i]
clang: warning: overriding deployment version from '16.0' to '26.0' [-Woverriding-deployment-version]
