anubis_mlkem.adb:5:06: warning: no entities of "Anubis_Field" are referenced [-gnatwu]
anubis_mlkem.adb:5:20: warning: use clause for package "Anubis_Field" has no effect [-gnatwu]
anubis_mlkem.adb:25:35: warning: explicit membership test may be optimized away [enabled by default]
anubis_mlkem.adb:25:35: warning: use 'Valid attribute instead [enabled by default]
anubis_mlkem.adb:40:35: warning: explicit membership test may be optimized away [enabled by default]
anubis_mlkem.adb:40:35: warning: use 'Valid attribute instead [enabled by default]
anubis_mlkem.adb:99:35: warning: explicit membership test may be optimized away [enabled by default]
anubis_mlkem.adb:99:35: warning: use 'Valid attribute instead [enabled by default]
anubis_mlkem.adb:107:35: warning: explicit membership test may be optimized away [enabled by default]
anubis_mlkem.adb:107:35: warning: use 'Valid attribute instead [enabled by default]
anubis_mlkem.adb:113:35: warning: explicit membership test may be optimized away [enabled by default]
anubis_mlkem.adb:113:35: warning: use 'Valid attribute instead [enabled by default]
anubis_mlkem.adb:124:35: warning: explicit membership test may be optimized away [enabled by default]
anubis_mlkem.adb:124:35: warning: use 'Valid attribute instead [enabled by default]
anubis_mlkem.adb:131:35: warning: explicit membership test may be optimized away [enabled by default]
anubis_mlkem.adb:131:35: warning: use 'Valid attribute instead [enabled by default]
anubis_mlkem.adb:140:35: warning: explicit membership test may be optimized away [enabled by default]
anubis_mlkem.adb:140:35: warning: use 'Valid attribute instead [enabled by default]
anubis_mlkem.adb:148:35: warning: explicit membership test may be optimized away [enabled by default]
anubis_mlkem.adb:148:35: warning: use 'Valid attribute instead [enabled by default]
anubis_mlkem.adb:184:35: warning: explicit membership test may be optimized away [enabled by default]
anubis_mlkem.adb:184:35: warning: use 'Valid attribute instead [enabled by default]
anubis_mlkem.adb:190:35: warning: explicit membership test may be optimized away [enabled by default]
anubis_mlkem.adb:190:35: warning: use 'Valid attribute instead [enabled by default]
anubis_mlkem.adb:227:35: warning: explicit membership test may be optimized away [enabled by default]
anubis_mlkem.adb:227:35: warning: use 'Valid attribute instead [enabled by default]
anubis_mlkem.adb:236:41: warning: explicit membership test may be optimized away [enabled by default]
anubis_mlkem.adb:236:41: warning: use 'Valid attribute instead [enabled by default]
anubis_mlkem.adb:250:35: warning: explicit membership test may be optimized away [enabled by default]
anubis_mlkem.adb:250:35: warning: use 'Valid attribute instead [enabled by default]
anubis_mlkem.adb:256:35: warning: explicit membership test may be optimized away [enabled by default]
anubis_mlkem.adb:256:35: warning: use 'Valid attribute instead [enabled by default]
anubis_mlkem.adb:283:35: warning: explicit membership test may be optimized away [enabled by default]
anubis_mlkem.adb:283:35: warning: use 'Valid attribute instead [enabled by default]
anubis_mlkem.adb:291:35: warning: explicit membership test may be optimized away [enabled by default]
anubis_mlkem.adb:291:35: warning: use 'Valid attribute instead [enabled by default]
anubis_mlkem.adb:297:41: warning: explicit membership test may be optimized away [enabled by default]
anubis_mlkem.adb:297:41: warning: use 'Valid attribute instead [enabled by default]
anubis_mlkem.adb:309:38: warning: explicit membership test may be optimized away [enabled by default]
anubis_mlkem.adb:309:38: warning: use 'Valid attribute instead [enabled by default]
anubis_mlkem.adb:330:35: warning: explicit membership test may be optimized away [enabled by default]
anubis_mlkem.adb:330:35: warning: use 'Valid attribute instead [enabled by default]
anubis_mlkem.adb:335:41: warning: explicit membership test may be optimized away [enabled by default]
anubis_mlkem.adb:335:41: warning: use 'Valid attribute instead [enabled by default]
anubis_mlkem.adb:360:41: warning: array aggregate using () is an obsolescent syntax, use [] instead [-gnatwj]
anubis_mlkem.adb:364:43: warning: array aggregate using () is an obsolescent syntax, use [] instead [-gnatwj]
anubis_mlkem.adb:374:35: warning: explicit membership test may be optimized away [enabled by default]
anubis_mlkem.adb:374:35: warning: use 'Valid attribute instead [enabled by default]
anubis_mlkem.adb:389:38: warning: explicit membership test may be optimized away [enabled by default]
anubis_mlkem.adb:389:38: warning: use 'Valid attribute instead [enabled by default]
anubis_mlkem.adb:419:41: warning: array aggregate using () is an obsolescent syntax, use [] instead [-gnatwj]
anubis_mlkem.adb:427:43: warning: array aggregate using () is an obsolescent syntax, use [] instead [-gnatwj]
anubis_mlkem.adb:432:35: warning: explicit membership test may be optimized away [enabled by default]
anubis_mlkem.adb:432:35: warning: use 'Valid attribute instead [enabled by default]
anubis_mlkem.adb:437:35: warning: explicit membership test may be optimized away [enabled by default]
anubis_mlkem.adb:437:35: warning: use 'Valid attribute instead [enabled by default]
anubis_mlkem.adb:442:35: warning: explicit membership test may be optimized away [enabled by default]
anubis_mlkem.adb:442:35: warning: use 'Valid attribute instead [enabled by default]
anubis_mlkem.adb:452:35: warning: explicit membership test may be optimized away [enabled by default]
anubis_mlkem.adb:452:35: warning: use 'Valid attribute instead [enabled by default]
anubis_mlkem.adb:464:35: warning: explicit membership test may be optimized away [enabled by default]
anubis_mlkem.adb:464:35: warning: use 'Valid attribute instead [enabled by default]
anubis_mlkem.adb:476:35: warning: explicit membership test may be optimized away [enabled by default]
anubis_mlkem.adb:476:35: warning: use 'Valid attribute instead [enabled by default]
clang: warning: overriding deployment version from '16.0' to '26.0' [-Woverriding-deployment-version]
