anubis_mlkem_sample.adb:4:06: warning: redundant with clause in body [-gnatwr]
anubis_mlkem_sample.adb:4:21: warning: "Anubis_Config" is already use-visible through previous use_clause at anubis_mlkem_sample.ads:5 [-gnatwr]
anubis_mlkem_sample.adb:4:21: warning: use clause for package "Anubis_Config" has no effect [-gnatwu]
anubis_mlkem_sample.adb:5:06: warning: redundant with clause in body [-gnatwr]
anubis_mlkem_sample.adb:5:20: warning: "Anubis_Field" is already use-visible through previous use_clause at anubis_mlkem_sample.ads:6 [-gnatwr]
anubis_mlkem_sample.adb:5:20: warning: use clause for package "Anubis_Field" has no effect [-gnatwu]
anubis_mlkem_sample.adb:32:15: warning: array aggregate using () is an obsolescent syntax, use [] instead [-gnatwj]
anubis_mlkem_sample.adb:81:35: warning: explicit membership test may be optimized away [enabled by default]
anubis_mlkem_sample.adb:81:35: warning: use 'Valid attribute instead [enabled by default]
anubis_mlkem_sample.adb:87:35: warning: explicit membership test may be optimized away [enabled by default]
anubis_mlkem_sample.adb:87:35: warning: use 'Valid attribute instead [enabled by default]
anubis_mlkem_sample.adb:89:38: warning: explicit membership test may be optimized away [enabled by default]
anubis_mlkem_sample.adb:89:38: warning: use 'Valid attribute instead [enabled by default]
anubis_mlkem_sample.adb:109:35: warning: explicit membership test may be optimized away [enabled by default]
anubis_mlkem_sample.adb:109:35: warning: use 'Valid attribute instead [enabled by default]
anubis_mlkem_sample.adb:115:35: warning: explicit membership test may be optimized away [enabled by default]
anubis_mlkem_sample.adb:115:35: warning: use 'Valid attribute instead [enabled by default]
anubis_mlkem_sample.adb:117:38: warning: explicit membership test may be optimized away [enabled by default]
anubis_mlkem_sample.adb:117:38: warning: use 'Valid attribute instead [enabled by default]
anubis_mlkem_sample.adb:141:35: warning: explicit membership test may be optimized away [enabled by default]
anubis_mlkem_sample.adb:141:35: warning: use 'Valid attribute instead [enabled by default]
anubis_mlkem_sample.adb:154:35: warning: explicit membership test may be optimized away [enabled by default]
anubis_mlkem_sample.adb:154:35: warning: use 'Valid attribute instead [enabled by default]
anubis_mlkem_sample.adb:167:35: warning: explicit membership test may be optimized away [enabled by default]
anubis_mlkem_sample.adb:167:35: warning: use 'Valid attribute instead [enabled by default]
clang: warning: overriding deployment version from '16.0' to '26.0' [-Woverriding-deployment-version]
