aegis_contract.adb:15:07: info: initialization of "Result" proved
aegis_contract.adb:25:07: info: initialization of "Bytes" proved
aegis_contract.adb:37:14: info: initialization of "Result" proved
aegis_contract.adb:45:07: info: initialization of "Result" proved
aegis_contract.adb:78:07: info: initialization of "Result" proved
aegis_contract.adb:93:36: info: range check proved
aegis_contract.ads:206:13: info: implicit aspect Always_Terminates on "Encode_U256" has been proved, subprogram will terminate
aegis_contract.ads:207:07: info: data dependencies proved
aegis_contract.ads:210:13: info: implicit aspect Always_Terminates on "Decode_U256" has been proved, subprogram will terminate
aegis_contract.ads:211:07: info: data dependencies proved
aegis_contract.ads:214:13: info: implicit aspect Always_Terminates on "Encode_Address" has been proved, subprogram will terminate
aegis_contract.ads:215:07: info: data dependencies proved
aegis_contract.ads:218:13: info: implicit aspect Always_Terminates on "Decode_Address" has been proved, subprogram will terminate
aegis_contract.ads:219:07: info: data dependencies proved
aegis_contract.ads:222:13: info: implicit aspect Always_Terminates on "Encode_Bool" has been proved, subprogram will terminate
aegis_contract.ads:223:07: info: data dependencies proved
aegis_contract.ads:226:13: info: implicit aspect Always_Terminates on "Decode_Bool" has been proved, subprogram will terminate
aegis_contract.ads:227:07: info: data dependencies proved
aegis_contract.ads:235:13: info: implicit aspect Always_Terminates on "Compute_Selector" has been proved, subprogram will terminate
aegis_contract.ads:236:07: info: data dependencies proved
aegis_contract.ads:239:13: info: implicit aspect Always_Terminates on "Find_Function" has been proved, subprogram will terminate
aegis_contract.ads:244:07: info: data dependencies proved
aegis_contract.ads:246:17: info: postcondition proved
aegis_contract.ads:253:13: info: implicit aspect Always_Terminates on "Validate_Manifest" has been proved, subprogram will terminate
aegis_contract.ads:254:07: info: data dependencies proved
aegis_contract.ads:257:13: info: implicit aspect Always_Terminates on "Can_Call_Function" has been proved, subprogram will terminate
aegis_contract.ads:262:07: info: data dependencies proved
