aegis_u256.adb:17:07: info: initialization of "Sum" proved
aegis_u256.adb:34:07: info: initialization of "Diff" proved
aegis_u256.adb:51:35: info: range check proved
aegis_u256.adb:52:33: info: range check proved
aegis_u256.adb:53:35: info: range check proved
aegis_u256.adb:54:33: info: range check proved
aegis_u256.adb:57:36: info: range check proved
aegis_u256.adb:58:36: info: range check proved
aegis_u256.adb:59:36: info: range check proved
aegis_u256.adb:60:36: info: range check proved
aegis_u256.adb:63:07: info: initialization of "Mid" proved
aegis_u256.adb:64:07: info: initialization of "Carry" proved
aegis_u256.adb:72:38: info: range check proved
aegis_u256.adb:73:43: info: range check proved
aegis_u256.adb:142:07: info: initialization of "Result" proved

aegis_u256.adb:145:26: warning: "Overflow" is set by "Add" but not used after the call
  145 |      Add (A, B, Result, Overflow);
      |                         ^~~~~~~~
aegis_u256.adb:164:07: info: initialization of "Result" proved

aegis_u256.adb:167:26: warning: "Underflow" is set by "Sub" but not used after the call
  167 |      Sub (A, B, Result, Underflow);
      |                         ^~~~~~~~~
aegis_u256.adb:178:07: info: initialization of "H" proved
aegis_u256.adb:178:10: info: initialization of "L" proved
aegis_u256.adb:179:07: info: initialization of "Sum" proved
aegis_u256.adb:180:07: info: initialization of "Carry" proved

aegis_u256.adb:197:10: warning: statement has no effect
  197 |         if I + 4 <= 7 then
      |         ^~
aegis_u256.adb:207:13: info: initialization of "Low" proved

aegis_u256.adb:209:18: warning: "High" is set by "Mul" but not used after the call
  209 |      Mul (A, B, High, Low);
      |                 ^~~~
aegis_u256.adb:226:22: info: precondition proved
aegis_u256.adb:230:48: info: division check proved
aegis_u256.adb:230:48: info: range check proved
aegis_u256.adb:231:47: info: division check proved
aegis_u256.adb:231:47: info: range check proved
aegis_u256.adb:233:38: info: index check proved
aegis_u256.adb:233:58: info: range check proved
aegis_u256.adb:241:16: info: initialization of "Sub_Result" proved

aegis_u256.adb:244:46: warning: "Underflow" is set by "Sub" but not used after the call
  244 |               Sub (Temp_Rem, B, Sub_Result, Underflow);
      |                                             ^~~~~~~~~
aegis_u256.adb:249:51: info: division check proved
aegis_u256.adb:249:51: info: range check proved
aegis_u256.adb:250:50: info: division check proved
aegis_u256.adb:250:50: info: range check proved
aegis_u256.adb:252:33: info: index check proved
aegis_u256.adb:253:36: info: index check proved
aegis_u256.adb:263:07: info: initialization of "Q" proved
aegis_u256.adb:265:07: info: precondition proved

aegis_u256.adb:265:25: warning: "R" is set by "Div_Mod" but not used after the call
  265 |      Div_Mod (A, B, Q, R);
      |                        ^ here
aegis_u256.adb:270:10: info: initialization of "R" proved
aegis_u256.adb:272:07: info: precondition proved

aegis_u256.adb:272:22: warning: "Q" is set by "Div_Mod" but not used after the call
  272 |      Div_Mod (A, B, Q, R);
      |                     ^ here
aegis_u256.adb:281:07: info: initialization of "Result" proved
aegis_u256.adb:290:07: info: initialization of "Result" proved
aegis_u256.adb:299:07: info: initialization of "Result" proved
aegis_u256.adb:308:07: info: initialization of "Result" proved
aegis_u256.adb:318:42: info: division check proved
aegis_u256.adb:318:42: info: range check proved
aegis_u256.adb:319:41: info: division check proved
aegis_u256.adb:319:41: info: range check proved
aegis_u256.adb:332:44: info: overflow check proved
aegis_u256.adb:332:44: info: index check proved
aegis_u256.adb:337:67: info: overflow check proved
aegis_u256.adb:337:67: info: index check proved
aegis_u256.adb:340:54: info: overflow check proved
aegis_u256.adb:340:67: info: overflow check proved
aegis_u256.adb:340:67: info: index check proved
aegis_u256.adb:340:76: info: range check proved
aegis_u256.adb:350:42: info: division check proved
aegis_u256.adb:350:42: info: range check proved
aegis_u256.adb:351:41: info: division check proved
aegis_u256.adb:351:41: info: range check proved
aegis_u256.adb:364:44: info: overflow check proved
aegis_u256.adb:364:44: info: index check proved
aegis_u256.adb:369:68: info: overflow check proved
aegis_u256.adb:369:68: info: index check proved
aegis_u256.adb:370:18: info: overflow check proved
aegis_u256.adb:372:53: info: overflow check proved
aegis_u256.adb:372:66: info: overflow check proved
aegis_u256.adb:372:66: info: index check proved
aegis_u256.adb:372:75: info: range check proved
aegis_u256.adb:395:07: info: initialization of "Result" proved
aegis_u256.adb:400:51: info: range check proved
aegis_u256.adb:404:76: info: overflow check proved
aegis_u256.adb:404:76: info: index check proved
aegis_u256.adb:417:51: info: range check proved
aegis_u256.adb:421:29: info: overflow check proved
aegis_u256.adb:421:29: info: index check proved
aegis_u256.adb:421:47: info: range check proved
aegis_u256.adb:430:07: info: initialization of "Result" proved
aegis_u256.adb:435:45: info: range check proved
aegis_u256.adb:439:76: info: overflow check proved
aegis_u256.adb:439:76: info: index check proved
aegis_u256.adb:452:45: info: range check proved
aegis_u256.adb:456:29: info: overflow check proved
aegis_u256.adb:456:29: info: index check proved
aegis_u256.adb:456:47: info: range check proved
aegis_u256.adb:481:07: info: initialization of "Bytes" proved
aegis_u256.adb:491:07: info: initialization of "Result" proved
aegis_u256.adb:505:07: info: initialization of "Val" proved
aegis_u256.adb:509:33: info: loop invariant preservation proved
aegis_u256.adb:509:33: info: loop invariant initialization proved
aegis_u256.adb:515:39: info: loop invariant preservation proved
aegis_u256.adb:515:39: info: loop invariant initialization proved
aegis_u256.adb:516:39: info: loop invariant initialization proved
aegis_u256.adb:516:39: info: loop invariant preservation proved
aegis_u256.adb:518:31: info: overflow check proved
aegis_u256.adb:523:25: info: overflow check proved
aegis_u256.adb:530:07: info: initialization of "Val" proved
aegis_u256.adb:534:33: info: loop invariant preservation proved
aegis_u256.adb:534:33: info: loop invariant initialization proved
aegis_u256.adb:540:39: info: loop invariant initialization proved
aegis_u256.adb:540:39: info: loop invariant preservation proved
aegis_u256.adb:541:39: info: loop invariant preservation proved
aegis_u256.adb:541:39: info: loop invariant initialization proved
aegis_u256.adb:543:31: info: overflow check proved
aegis_u256.adb:548:25: info: overflow check proved
aegis_u256.adb:555:18: info: range check proved
aegis_u256.adb:561:20: info: overflow check proved
aegis_u256.adb:561:25: info: division check proved
aegis_u256.adb:574:19: info: precondition proved
aegis_u256.adb:584:23: info: precondition proved
aegis_u256.adb:587:15: info: precondition proved
aegis_u256.adb:589:15: info: precondition proved
aegis_u256.ads:31:13: info: implicit aspect Always_Terminates on "Equal" has been proved, subprogram will terminate
aegis_u256.ads:32:07: info: data dependencies proved
aegis_u256.ads:33:17: info: postcondition proved
aegis_u256.ads:36:13: info: implicit aspect Always_Terminates on "Less_Than" has been proved, subprogram will terminate
aegis_u256.ads:37:07: info: data dependencies proved
aegis_u256.ads:40:13: info: implicit aspect Always_Terminates on "Less_Than_Or_Equal" has been proved, subprogram will terminate
aegis_u256.ads:41:07: info: data dependencies proved
aegis_u256.ads:42:17: info: postcondition proved
aegis_u256.ads:45:13: info: implicit aspect Always_Terminates on "Greater_Than" has been proved, subprogram will terminate
aegis_u256.ads:46:07: info: data dependencies proved
aegis_u256.ads:47:17: info: postcondition proved
aegis_u256.ads:50:13: info: implicit aspect Always_Terminates on "Greater_Than_Or_Equal" has been proved, subprogram will terminate
aegis_u256.ads:51:07: info: data dependencies proved
aegis_u256.ads:52:17: info: postcondition proved
aegis_u256.ads:55:13: info: implicit aspect Always_Terminates on "Is_Zero" has been proved, subprogram will terminate
aegis_u256.ads:56:07: info: data dependencies proved
aegis_u256.ads:57:17: info: postcondition proved
aegis_u256.ads:66:07: info: initialization of "Result" proved
aegis_u256.ads:67:07: info: initialization of "Overflow" proved
aegis_u256.ads:69:07: info: data dependencies proved
aegis_u256.ads:72:13: info: implicit aspect Always_Terminates on "Add_Mod" has been proved, subprogram will terminate
aegis_u256.ads:73:07: info: data dependencies proved
aegis_u256.ads:78:07: info: initialization of "Result" proved
aegis_u256.ads:79:07: info: initialization of "Underflow" proved
aegis_u256.ads:81:07: info: data dependencies proved
aegis_u256.ads:84:13: info: implicit aspect Always_Terminates on "Sub_Mod" has been proved, subprogram will terminate
aegis_u256.ads:85:07: info: data dependencies proved
aegis_u256.ads:91:07: info: initialization of "High" proved
aegis_u256.ads:92:07: info: initialization of "Low" proved
aegis_u256.ads:94:07: info: data dependencies proved
aegis_u256.ads:97:13: info: implicit aspect Always_Terminates on "Mul_Mod" has been proved, subprogram will terminate
aegis_u256.ads:98:07: info: data dependencies proved
aegis_u256.ads:104:07: info: initialization of "Quotient" proved
aegis_u256.ads:105:07: info: initialization of "Remainder" proved
aegis_u256.ads:107:07: info: data dependencies proved
aegis_u256.ads:111:13: info: implicit aspect Always_Terminates on "Div" has been proved, subprogram will terminate
aegis_u256.ads:112:07: info: data dependencies proved
aegis_u256.ads:116:13: info: implicit aspect Always_Terminates on "Mod_Op" has been proved, subprogram will terminate
aegis_u256.ads:117:07: info: data dependencies proved
aegis_u256.ads:125:13: info: implicit aspect Always_Terminates on "Bit_And" has been proved, subprogram will terminate
aegis_u256.ads:126:07: info: data dependencies proved
aegis_u256.ads:129:13: info: implicit aspect Always_Terminates on "Bit_Or" has been proved, subprogram will terminate
aegis_u256.ads:130:07: info: data dependencies proved
aegis_u256.ads:133:13: info: implicit aspect Always_Terminates on "Bit_Xor" has been proved, subprogram will terminate
aegis_u256.ads:134:07: info: data dependencies proved
aegis_u256.ads:137:13: info: implicit aspect Always_Terminates on "Bit_Not" has been proved, subprogram will terminate
aegis_u256.ads:138:07: info: data dependencies proved
aegis_u256.ads:141:13: info: implicit aspect Always_Terminates on "Shift_Left" has been proved, subprogram will terminate
aegis_u256.ads:142:07: info: data dependencies proved
aegis_u256.ads:146:13: info: implicit aspect Always_Terminates on "Shift_Right" has been proved, subprogram will terminate
aegis_u256.ads:147:07: info: data dependencies proved
aegis_u256.ads:155:13: info: implicit aspect Always_Terminates on "From_Word64" has been proved, subprogram will terminate
aegis_u256.ads:156:07: info: data dependencies proved
aegis_u256.ads:157:17: info: postcondition proved
aegis_u256.ads:163:13: info: implicit aspect Always_Terminates on "To_Word64" has been proved, subprogram will terminate
aegis_u256.ads:164:07: info: data dependencies proved
aegis_u256.ads:165:17: info: postcondition proved
aegis_u256.ads:168:13: info: implicit aspect Always_Terminates on "From_Bytes_BE" has been proved, subprogram will terminate
aegis_u256.ads:169:07: info: data dependencies proved
aegis_u256.ads:172:13: info: implicit aspect Always_Terminates on "To_Bytes_BE" has been proved, subprogram will terminate
aegis_u256.ads:173:07: info: data dependencies proved
aegis_u256.ads:176:13: info: implicit aspect Always_Terminates on "From_Bytes_LE" has been proved, subprogram will terminate
aegis_u256.ads:177:07: info: data dependencies proved
aegis_u256.ads:180:13: info: implicit aspect Always_Terminates on "To_Bytes_LE" has been proved, subprogram will terminate
aegis_u256.ads:181:07: info: data dependencies proved
aegis_u256.ads:184:13: info: implicit aspect Always_Terminates on "U64_To_U256" has been proved, subprogram will terminate
aegis_u256.ads:185:07: info: data dependencies proved
aegis_u256.ads:186:17: info: postcondition proved
aegis_u256.ads:189:13: info: implicit aspect Always_Terminates on "U256_To_U64" has been proved, subprogram will terminate
aegis_u256.ads:190:07: info: data dependencies proved
aegis_u256.ads:191:17: info: postcondition proved
aegis_u256.ads:194:13: info: implicit aspect Always_Terminates on "Gas_To_U256" has been proved, subprogram will terminate
aegis_u256.ads:195:07: info: data dependencies proved
aegis_u256.ads:198:13: info: implicit aspect Always_Terminates on "Address_To_U256" has been proved, subprogram will terminate
aegis_u256.ads:199:07: info: data dependencies proved
aegis_u256.ads:202:13: info: implicit aspect Always_Terminates on "U256_To_Address" has been proved, subprogram will terminate
aegis_u256.ads:203:07: info: data dependencies proved
aegis_u256.ads:210:13: info: implicit aspect Always_Terminates on "CLZ" has been proved, subprogram will terminate
aegis_u256.ads:211:07: info: data dependencies proved
aegis_u256.ads:212:17: info: postcondition proved
aegis_u256.ads:215:13: info: implicit aspect Always_Terminates on "CTZ" has been proved, subprogram will terminate
aegis_u256.ads:216:07: info: data dependencies proved
aegis_u256.ads:217:17: info: postcondition proved
aegis_u256.ads:220:13: info: implicit aspect Always_Terminates on "Bit_Length" has been proved, subprogram will terminate
aegis_u256.ads:221:07: info: data dependencies proved
aegis_u256.ads:222:17: info: postcondition proved
aegis_u256.ads:225:13: info: implicit aspect Always_Terminates on "Byte_Length" has been proved, subprogram will terminate
aegis_u256.ads:226:07: info: data dependencies proved
aegis_u256.ads:227:17: info: postcondition proved
aegis_u256.ads:235:13: info: implicit aspect Always_Terminates on "Mod_Exp" has been proved, subprogram will terminate
aegis_u256.ads:240:07: info: data dependencies proved
aegis_u256.ads:251:07: info: initialization of "Result" proved
aegis_u256.ads:252:07: info: initialization of "Carry_Out" proved
aegis_u256.ads:254:07: info: data dependencies proved
aegis_u256.ads:261:07: info: initialization of "Result" proved
aegis_u256.ads:262:07: info: initialization of "Borrow_Out" proved
aegis_u256.ads:264:07: info: data dependencies proved
aegis_u256.ads:270:07: info: initialization of "High" proved
aegis_u256.ads:271:07: info: initialization of "Low" proved
aegis_u256.ads:273:07: info: data dependencies proved
