aegis_execution.adb:24:07: info: data dependencies proved
aegis_execution.adb:26:07: info: initialization of "Success" proved
aegis_execution.adb:36:13: info: implicit aspect Always_Terminates on "Storage_Key_To_Bytes" has been proved, subprogram will terminate
aegis_execution.adb:42:07: info: initialization of "Digest" proved

aegis_execution.adb:43:07: warning: initialization of "Result" has no effect
   43 |      Result   : Aegis_VM_Types.Byte_Array (0 .. 31) := (others => 0);
      |      ^~~~~~~~~~~~~~~~~~~~~~~~~~~~~~~~~~~~~~~~~~~~~~~~~~~~~~~~~~~~~~
aegis_execution.adb:56:62: info: range check proved
aegis_execution.adb:61:18: info: precondition proved
aegis_execution.adb:69:13: info: implicit aspect Always_Terminates on "U256_To_Bytes" has been proved, subprogram will terminate
aegis_execution.adb:78:62: info: range check proved
aegis_execution.adb:86:13: info: implicit aspect Always_Terminates on "Bytes_To_U256" has been proved, subprogram will terminate
aegis_execution.adb:118:07: info: initialization of "Ctx" proved

aegis_execution.adb:223:07: warning: no check message justified by this pragma
  223>|      pragma Annotate (GNATprove, Intentional,
  224 |         """Ctx.Sandbox.Frames"" might not be initialized",
  225 |         "All elements initialized via loop on lines 170-182");

aegis_execution.adb:226:07: warning: no check message justified by this pragma
  226>|      pragma Annotate (GNATprove, Intentional,
  227 |         """Ctx.Sandbox.Snapshots"" might not be initialized",
  228 |         "All elements initialized via loop on lines 184-189");

aegis_execution.adb:229:07: warning: no check message justified by this pragma
  229>|      pragma Annotate (GNATprove, Intentional,
  230 |         """Ctx.Snapshots"" might not be initialized",
  231 |         "All elements initialized via loop on lines 191-196");

aegis_execution.adb:232:07: warning: no check message justified by this pragma
  232>|      pragma Annotate (GNATprove, Intentional,
  233 |         """Ctx.Effects.Changes"" might not be initialized",
  234 |         "All elements initialized via loop on lines 198-204");

aegis_execution.adb:235:07: warning: no check message justified by this pragma
  235>|      pragma Annotate (GNATprove, Intentional,
  236 |         """Ctx.Sandbox.Effects.Changes"" might not be initialized",
  237 |         "All elements initialized via loop on lines 206-212");

aegis_execution.adb:238:07: warning: no check message justified by this pragma
  238>|      pragma Annotate (GNATprove, Intentional,
  239 |         """Ctx.Sandbox.Access_Set.Entries"" might not be initialized",
  240 |         "All elements initialized via loop on lines 214-218");
aegis_execution.adb:254:07: info: initialization of "Frame" proved
aegis_execution.adb:283:38: info: index check proved
aegis_execution.adb:284:46: info: range check proved
aegis_execution.adb:298:49: info: range check proved
aegis_execution.adb:302:54: info: index check proved
aegis_execution.adb:323:07: info: initialization of "Snap" proved
aegis_execution.adb:331:34: info: range check proved
aegis_execution.adb:336:25: info: index check proved
aegis_execution.adb:338:48: info: overflow check proved
aegis_execution.adb:351:25: info: index check proved
aegis_execution.adb:360:07: info: initialization of "Snap" proved
aegis_execution.adb:364:33: info: index check proved
aegis_execution.adb:384:07: info: precondition proved
aegis_execution.adb:398:26: info: overflow check proved
aegis_execution.adb:399:59: info: overflow check proved
aegis_execution.adb:523:13: info: implicit aspect Always_Terminates on "Account_Balance_Key" has been proved, subprogram will terminate
aegis_execution.adb:525:07: info: initialization of "Digest" proved

aegis_execution.adb:526:07: warning: initialization of "Result" has no effect
  526 |      Result   : Aegis_VM_Types.Byte_Array (0 .. 31) := (others => 0);
      |      ^~~~~~~~~~~~~~~~~~~~~~~~~~~~~~~~~~~~~~~~~~~~~~~~~~~~~~~~~~~~~~
aegis_execution.adb:536:18: info: precondition proved
aegis_execution.adb:721:07: info: initialization of "Gas_Ok" proved
aegis_execution.adb:722:07: info: initialization of "Gas_Cost" proved
aegis_execution.adb:723:07: info: initialization of "Log_Hash" proved
aegis_execution.adb:743:22: info: assertion proved
aegis_execution.adb:744:22: info: assertion proved
aegis_execution.adb:747:19: info: precondition proved
aegis_execution.adb:750:22: info: assertion proved
aegis_execution.adb:752:07: info: precondition proved
aegis_execution.adb:760:33: info: overflow check proved
aegis_execution.adb:760:33: info: index check proved
aegis_execution.adb:763:36: info: overflow check proved
aegis_execution.adb:768:23: info: overflow check proved
aegis_execution.adb:768:37: info: overflow check proved
aegis_execution.adb:770:36: info: loop invariant preservation proved
aegis_execution.adb:770:36: info: loop invariant initialization proved
aegis_execution.adb:770:55: info: overflow check proved
aegis_execution.adb:770:69: info: overflow check proved
aegis_execution.adb:771:36: info: loop invariant preservation proved
aegis_execution.adb:771:36: info: loop invariant initialization proved
aegis_execution.adb:771:49: info: overflow check proved
aegis_execution.adb:773:39: info: overflow check proved
aegis_execution.adb:773:39: info: index check proved
aegis_execution.adb:774:64: info: range check proved
aegis_execution.adb:776:42: info: overflow check proved
aegis_execution.adb:785:36: info: overflow check proved
aegis_execution.adb:785:36: info: index check proved
aegis_execution.adb:785:85: info: range check proved
aegis_execution.adb:787:39: info: overflow check proved
aegis_execution.adb:791:18: info: precondition proved
aegis_execution.adb:791:29: info: range check proved
aegis_execution.adb:805:59: info: range check proved
aegis_execution.adb:812:66: info: overflow check proved
aegis_execution.ads:75:13: info: implicit aspect Always_Terminates on "Create_Context" has been proved, subprogram will terminate
aegis_execution.ads:84:07: info: data dependencies proved
aegis_execution.ads:94:07: info: initialization of "Success" proved
aegis_execution.ads:96:07: info: data dependencies proved

aegis_execution.ads:101:07: warning: unused variable "Success"
  101 |      Success   : in     Boolean;
      |      ^~~~~~~
aegis_execution.ads:102:07: info: initialization of "Gas_Used" proved
aegis_execution.ads:104:07: info: data dependencies proved
aegis_execution.ads:107:13: info: implicit aspect Always_Terminates on "Current_Depth" has been proved, subprogram will terminate
aegis_execution.ads:108:07: info: data dependencies proved
aegis_execution.ads:117:07: info: initialization of "ID" proved
aegis_execution.ads:118:07: info: initialization of "Success" proved
aegis_execution.ads:120:07: info: data dependencies proved
aegis_execution.ads:127:07: info: data dependencies proved
aegis_execution.ads:134:07: info: data dependencies proved
aegis_execution.ads:144:07: info: initialization of "Success" proved
aegis_execution.ads:146:07: info: data dependencies proved
aegis_execution.ads:150:13: info: implicit aspect Always_Terminates on "Gas_Remaining" has been proved, subprogram will terminate
aegis_execution.ads:151:07: info: data dependencies proved
aegis_execution.ads:158:07: info: data dependencies proved
aegis_execution.ads:206:13: info: implicit aspect Always_Terminates on "Get_Caller" has been proved, subprogram will terminate
aegis_execution.ads:207:07: info: data dependencies proved
aegis_execution.ads:210:13: info: implicit aspect Always_Terminates on "Get_Address" has been proved, subprogram will terminate
aegis_execution.ads:211:07: info: data dependencies proved
aegis_execution.ads:214:13: info: implicit aspect Always_Terminates on "Get_Call_Value" has been proved, subprogram will terminate
aegis_execution.ads:215:07: info: data dependencies proved
aegis_execution.ads:218:13: info: implicit aspect Always_Terminates on "Get_Origin" has been proved, subprogram will terminate
aegis_execution.ads:219:07: info: data dependencies proved
aegis_execution.ads:222:13: info: implicit aspect Always_Terminates on "Get_Block_Number" has been proved, subprogram will terminate
aegis_execution.ads:223:07: info: data dependencies proved
aegis_execution.ads:226:13: info: implicit aspect Always_Terminates on "Get_Timestamp" has been proved, subprogram will terminate
aegis_execution.ads:227:07: info: data dependencies proved
aegis_execution.ads:230:13: info: implicit aspect Always_Terminates on "Get_Chain_ID" has been proved, subprogram will terminate
aegis_execution.ads:231:07: info: data dependencies proved
aegis_execution.ads:244:07: info: initialization of "Success" proved
aegis_execution.ads:246:07: info: data dependencies proved

aegis_execution.ads:256:07: warning: unused variable "Return_Data"
  256 |      Return_Data : in     Aegis_Contract.Return_Data;
      |      ^~~~~~~~~~~
aegis_execution.ads:257:07: info: initialization of "Result" proved
aegis_execution.ads:259:07: info: data dependencies proved
aegis_execution.ads:265:07: info: initialization of "Result" proved
aegis_execution.ads:267:07: info: data dependencies proved
aegis_execution.ads:273:07: info: initialization of "Result" proved
aegis_execution.ads:275:07: info: data dependencies proved
