aegis_crypto_api.adb:20:13: info: implicit aspect Always_Terminates on "To_Input_Slice" has been proved, subprogram will terminate
aegis_crypto_api.adb:26:15: info: postcondition proved
aegis_crypto_api.adb:28:40: info: range check proved
aegis_crypto_api.adb:30:07: info: initialization of "Result" proved
aegis_crypto_api.adb:30:07: info: range check proved
aegis_crypto_api.adb:33:33: info: loop invariant initialization proved
aegis_crypto_api.adb:33:33: info: loop invariant preservation proved
aegis_crypto_api.adb:34:33: info: loop invariant preservation proved
aegis_crypto_api.adb:34:33: info: loop invariant initialization proved
aegis_crypto_api.adb:35:50: info: index check proved
aegis_crypto_api.adb:51:07: info: initialization of "Success" proved
aegis_crypto_api.adb:52:41: info: precondition proved
aegis_crypto_api.adb:53:07: info: initialization of "Digest" proved
aegis_crypto_api.adb:56:07: info: precondition proved
aegis_crypto_api.adb:68:24: info: precondition proved
aegis_crypto_api.adb:72:55: info: precondition proved
aegis_crypto_api.adb:75:28: info: assertion proved
aegis_crypto_api.adb:76:28: info: assertion proved
aegis_crypto_api.adb:77:28: info: assertion proved
aegis_crypto_api.adb:78:24: info: precondition proved
aegis_crypto_api.adb:96:07: info: initialization of "Success" proved
aegis_crypto_api.adb:97:41: info: precondition proved
aegis_crypto_api.adb:98:07: info: initialization of "Digest" proved
aegis_crypto_api.adb:100:07: info: precondition proved
aegis_crypto_api.adb:112:24: info: precondition proved
aegis_crypto_api.adb:116:55: info: precondition proved
aegis_crypto_api.adb:118:28: info: assertion proved
aegis_crypto_api.adb:119:28: info: assertion proved
aegis_crypto_api.adb:120:28: info: assertion proved
aegis_crypto_api.adb:121:24: info: precondition proved
aegis_crypto_api.adb:139:07: info: initialization of "Success" proved
aegis_crypto_api.adb:140:41: info: precondition proved
aegis_crypto_api.adb:141:07: info: initialization of "Digest" proved
aegis_crypto_api.adb:143:07: info: precondition proved
aegis_crypto_api.adb:156:24: info: precondition proved
aegis_crypto_api.adb:160:55: info: precondition proved
aegis_crypto_api.adb:162:28: info: assertion proved
aegis_crypto_api.adb:163:28: info: assertion proved
aegis_crypto_api.adb:164:28: info: assertion proved
aegis_crypto_api.adb:165:24: info: precondition proved
aegis_crypto_api.adb:188:07: info: initialization of "Success" proved
aegis_crypto_api.adb:192:58: info: overflow check proved
aegis_crypto_api.adb:192:64: info: division check proved
aegis_crypto_api.adb:192:64: info: range check proved
aegis_crypto_api.adb:193:70: info: range check proved
aegis_crypto_api.adb:194:41: info: precondition proved
aegis_crypto_api.adb:196:07: info: initialization of "Gas_Cost" proved
aegis_crypto_api.adb:201:22: info: assertion proved
aegis_crypto_api.adb:202:22: info: assertion proved
aegis_crypto_api.adb:208:31: info: overflow check proved
aegis_crypto_api.adb:213:22: info: assertion proved
aegis_crypto_api.adb:214:07: info: precondition proved
aegis_crypto_api.adb:231:10: info: initialization of "Shake_Out" proved
aegis_crypto_api.adb:231:10: info: range check proved
aegis_crypto_api.adb:239:33: info: precondition proved
aegis_crypto_api.adb:239:66: info: range check proved
aegis_crypto_api.adb:241:33: info: precondition proved
aegis_crypto_api.adb:241:66: info: range check proved
aegis_crypto_api.adb:246:58: info: precondition proved
aegis_crypto_api.adb:249:31: info: assertion proved
aegis_crypto_api.adb:250:31: info: assertion proved
aegis_crypto_api.adb:251:31: info: assertion proved
aegis_crypto_api.adb:252:31: info: assertion proved
aegis_crypto_api.adb:253:31: info: assertion proved
aegis_crypto_api.adb:254:31: info: assertion proved
aegis_crypto_api.adb:255:31: info: assertion proved
aegis_crypto_api.adb:255:40: info: range check proved
aegis_crypto_api.adb:258:33: info: precondition proved
aegis_crypto_api.adb:258:60: info: range check proved
aegis_crypto_api.adb:260:33: info: precondition proved
aegis_crypto_api.adb:260:60: info: range check proved
aegis_crypto_api.adb:267:21: info: index check proved
aegis_crypto_api.adb:287:07: info: initialization of "Success" proved
aegis_crypto_api.adb:290:07: info: precondition proved

aegis_crypto_api.adb:300:10: warning: initialization of "PK" has no effect
  300 |         PK : Anubis_MLDSA_Types.Public_Key := (others => 0);
      |         ^~~~~~~~~~~~~~~~~~~~~~~~~~~~~~~~~~~~~~~~~~~~~~~~~~

aegis_crypto_api.adb:301:10: warning: initialization of "Sig" has no effect
  301 |         Sig : Anubis_MLDSA_Types.Signature := (others => 0);
      |         ^~~~~~~~~~~~~~~~~~~~~~~~~~~~~~~~~~~~~~~~~~~~~~~~~~
aegis_crypto_api.adb:305:36: info: loop invariant initialization proved
aegis_crypto_api.adb:305:36: info: loop invariant preservation proved
aegis_crypto_api.adb:310:25: info: assertion proved
aegis_crypto_api.adb:311:25: info: assertion proved
aegis_crypto_api.adb:313:36: info: loop invariant initialization proved
aegis_crypto_api.adb:313:36: info: loop invariant preservation proved
aegis_crypto_api.adb:322:37: info: precondition proved
aegis_crypto_api.adb:326:58: info: precondition proved
aegis_crypto_api.adb:328:37: info: precondition proved
aegis_crypto_api.adb:347:07: info: initialization of "Success" proved
aegis_crypto_api.adb:350:07: info: precondition proved
aegis_crypto_api.adb:359:10: info: initialization of "DK" proved
aegis_crypto_api.adb:360:10: info: initialization of "CT" proved
aegis_crypto_api.adb:361:10: info: initialization of "SS" proved
aegis_crypto_api.adb:396:07: info: initialization of "Success" proved
aegis_crypto_api.adb:397:41: info: precondition proved
aegis_crypto_api.adb:409:07: info: initialization of "Digest" proved
aegis_crypto_api.adb:411:07: info: precondition proved
aegis_crypto_api.adb:428:18: info: precondition proved
aegis_crypto_api.adb:459:33: info: loop invariant initialization proved
aegis_crypto_api.adb:459:33: info: loop invariant preservation proved
aegis_crypto_api.adb:459:64: info: index check proved
aegis_crypto_api.ads:110:07: info: initialization of "Output" proved
aegis_crypto_api.ads:111:07: info: initialization of "Result" proved
aegis_crypto_api.ads:113:07: info: data dependencies proved
aegis_crypto_api.ads:121:07: info: initialization of "Output" proved
aegis_crypto_api.ads:122:07: info: initialization of "Result" proved
aegis_crypto_api.ads:124:07: info: data dependencies proved
aegis_crypto_api.ads:132:07: info: initialization of "Output" proved
aegis_crypto_api.ads:133:07: info: initialization of "Result" proved
aegis_crypto_api.ads:135:07: info: data dependencies proved
aegis_crypto_api.ads:148:07: info: initialization of "Output" proved
aegis_crypto_api.ads:150:07: info: initialization of "Result" proved
aegis_crypto_api.ads:152:07: info: data dependencies proved
aegis_crypto_api.ads:168:07: info: initialization of "Valid" proved
aegis_crypto_api.ads:169:07: info: initialization of "Result" proved
aegis_crypto_api.ads:171:07: info: data dependencies proved
aegis_crypto_api.ads:184:07: info: initialization of "Shared_Secret" proved
aegis_crypto_api.ads:185:07: info: initialization of "Result" proved
aegis_crypto_api.ads:187:07: info: data dependencies proved
aegis_crypto_api.ads:199:07: info: initialization of "Address" proved
aegis_crypto_api.ads:200:07: info: initialization of "Result" proved
aegis_crypto_api.ads:202:07: info: data dependencies proved
aegis_crypto_api.ads:209:13: info: implicit aspect Always_Terminates on "Constant_Time_Equal" has been proved, subprogram will terminate
aegis_crypto_api.ads:212:07: info: data dependencies proved
aegis_crypto_api.ads:218:07: info: data dependencies proved
aegis_crypto_api.ads:219:17: info: postcondition proved
