aegis_gas.adb:21:07: info: initialization of "Product" proved
aegis_gas.adb:24:22: info: assertion proved
aegis_gas.adb:25:22: info: assertion proved
aegis_gas.adb:27:27: info: overflow check proved
aegis_gas.adb:28:34: info: division check proved
aegis_gas.adb:28:34: info: range check proved
aegis_gas.adb:39:32: info: overflow check proved
aegis_gas.adb:49:47: info: overflow check proved
aegis_gas.adb:61:43: info: precondition proved
aegis_gas.adb:69:35: info: overflow check proved
aegis_gas.adb:69:35: info: range check proved
aegis_gas.adb:80:44: info: overflow check proved
aegis_gas.adb:80:44: info: range check proved
aegis_gas.adb:92:22: info: assertion proved
aegis_gas.adb:93:48: info: overflow check proved
aegis_gas.adb:93:54: info: division check proved
aegis_gas.adb:93:54: info: range check proved
aegis_gas.adb:99:55: info: overflow check proved
aegis_gas.adb:99:55: info: range check proved
aegis_gas.adb:101:22: info: assertion proved
aegis_gas.adb:102:22: info: assertion proved
aegis_gas.adb:103:22: info: assertion proved
aegis_gas.adb:104:22: info: assertion proved
aegis_gas.adb:104:36: info: overflow check proved
aegis_gas.adb:105:28: info: overflow check proved
aegis_gas.adb:120:19: info: implicit aspect Always_Terminates on "Mem_Cost" has been proved, subprogram will terminate
aegis_gas.adb:123:22: info: overflow check proved, in call inlined at aegis_gas.adb:126
aegis_gas.adb:123:22: info: overflow check proved, in call inlined at aegis_gas.adb:127
aegis_gas.adb:123:26: info: overflow check proved, in call inlined at aegis_gas.adb:126
aegis_gas.adb:123:26: info: overflow check proved, in call inlined at aegis_gas.adb:127
aegis_gas.adb:123:31: info: overflow check proved, in call inlined at aegis_gas.adb:126
aegis_gas.adb:123:31: info: overflow check proved, in call inlined at aegis_gas.adb:127
aegis_gas.adb:123:36: info: division check proved, in call inlined at aegis_gas.adb:126
aegis_gas.adb:123:36: info: division check proved, in call inlined at aegis_gas.adb:127
aegis_gas.adb:129:26: info: overflow check proved
aegis_gas.adb:129:26: info: range check proved
aegis_gas.adb:141:23: info: overflow check proved
aegis_gas.adb:145:23: info: overflow check proved
aegis_gas.adb:150:58: info: overflow check proved
aegis_gas.adb:150:58: info: range check proved
aegis_gas.adb:150:70: info: division check proved
aegis_gas.adb:170:68: info: range check proved
aegis_gas.adb:171:68: info: range check proved
aegis_gas.adb:174:22: info: assertion proved
aegis_gas.adb:175:22: info: assertion proved
aegis_gas.adb:178:22: info: assertion proved
aegis_gas.adb:179:22: info: assertion proved
aegis_gas.adb:180:22: info: assertion proved
aegis_gas.adb:180:35: info: overflow check proved
aegis_gas.adb:180:48: info: overflow check proved
aegis_gas.adb:181:22: info: assertion proved
aegis_gas.adb:181:35: info: overflow check proved
aegis_gas.adb:181:48: info: overflow check proved
aegis_gas.adb:183:27: info: overflow check proved
aegis_gas.adb:183:40: info: overflow check proved
aegis_gas.adb:204:07: info: initialization of "Base_Cost" proved
aegis_gas.adb:220:24: info: overflow check proved
aegis_gas.adb:229:33: info: division check proved
aegis_gas.ads:152:13: info: implicit aspect Always_Terminates on "Apply_Discount" has been proved, subprogram will terminate
aegis_gas.ads:156:07: info: data dependencies proved
aegis_gas.ads:158:17: info: postcondition proved
aegis_gas.ads:161:13: info: implicit aspect Always_Terminates on "Has_Gas" has been proved, subprogram will terminate
aegis_gas.ads:165:07: info: data dependencies proved
aegis_gas.ads:166:17: info: postcondition proved
aegis_gas.ads:168:29: info: overflow check proved
aegis_gas.ads:174:07: info: initialization of "Success" proved
aegis_gas.ads:176:07: info: data dependencies proved
aegis_gas.ads:177:17: info: postcondition proved
aegis_gas.ads:178:61: info: overflow check proved
aegis_gas.ads:186:07: info: initialization of "Success" proved
aegis_gas.ads:188:07: info: data dependencies proved
aegis_gas.ads:192:13: info: implicit aspect Always_Terminates on "Remaining_Gas" has been proved, subprogram will terminate
aegis_gas.ads:193:07: info: data dependencies proved
aegis_gas.ads:194:17: info: postcondition proved
aegis_gas.ads:196:32: info: overflow check proved
aegis_gas.ads:204:07: info: data dependencies proved
aegis_gas.ads:206:17: info: postcondition proved
aegis_gas.ads:206:57: info: overflow check proved
aegis_gas.ads:218:13: info: implicit aspect Always_Terminates on "Gas_Hash" has been proved, subprogram will terminate
aegis_gas.ads:221:07: info: data dependencies proved
aegis_gas.ads:223:17: info: postcondition proved
aegis_gas.ads:227:13: info: implicit aspect Always_Terminates on "Gas_Memory_Expansion" has been proved, subprogram will terminate
aegis_gas.ads:231:07: info: data dependencies proved
aegis_gas.ads:234:13: info: implicit aspect Always_Terminates on "Gas_Call_Complex" has been proved, subprogram will terminate
aegis_gas.ads:239:07: info: data dependencies proved
aegis_gas.ads:246:13: info: implicit aspect Always_Terminates on "Gas_Log" has been proved, subprogram will terminate
aegis_gas.ads:250:07: info: data dependencies proved
aegis_gas.ads:252:17: info: postcondition proved
aegis_gas.ads:256:13: info: implicit aspect Always_Terminates on "Gas_Create_Contract" has been proved, subprogram will terminate
aegis_gas.ads:259:07: info: data dependencies proved
aegis_gas.ads:262:13: info: implicit aspect Always_Terminates on "Gas_STARK_Batch_Verify" has been proved, subprogram will terminate
aegis_gas.ads:265:07: info: data dependencies proved
aegis_gas.ads:266:15: info: postcondition proved
aegis_gas.ads:269:13: info: implicit aspect Always_Terminates on "Gas_Privacy_Operation" has been proved, subprogram will terminate
aegis_gas.ads:273:07: info: data dependencies proved
aegis_gas.ads:280:13: info: implicit aspect Always_Terminates on "Cycles_To_Gas" has been proved, subprogram will terminate
aegis_gas.ads:281:07: info: data dependencies proved
aegis_gas.ads:282:17: info: postcondition proved
aegis_gas.ads:282:59: info: division check proved
aegis_gas.ads:285:13: info: implicit aspect Always_Terminates on "Validate_WCET_Bound" has been proved, subprogram will terminate
aegis_gas.ads:289:07: info: data dependencies proved
aegis_gas.ads:290:17: info: postcondition proved
