anubis_keccak.adb:12:07: info: initialization of "C" proved
anubis_keccak.adb:17:33: info: loop invariant preservation proved
anubis_keccak.adb:17:33: info: loop invariant initialization proved
anubis_keccak.adb:24:33: info: loop invariant initialization proved
anubis_keccak.adb:24:33: info: loop invariant preservation proved
anubis_keccak.adb:29:72: info: range check proved
anubis_keccak.adb:30:72: info: range check proved
anubis_keccak.adb:38:39: info: loop invariant initialization proved
anubis_keccak.adb:38:39: info: loop invariant preservation proved
anubis_keccak.adb:49:33: info: loop invariant initialization proved
anubis_keccak.adb:49:33: info: loop invariant preservation proved
anubis_keccak.adb:51:36: info: loop invariant initialization proved
anubis_keccak.adb:51:36: info: loop invariant preservation proved
anubis_keccak.adb:69:33: info: loop invariant initialization proved
anubis_keccak.adb:69:33: info: loop invariant preservation proved
anubis_keccak.adb:71:36: info: loop invariant preservation proved
anubis_keccak.adb:71:36: info: loop invariant initialization proved
anubis_keccak.adb:77:48: info: range check proved
anubis_keccak.adb:78:63: info: overflow check proved
anubis_keccak.adb:78:74: info: division check proved
anubis_keccak.adb:78:74: info: range check proved
anubis_keccak.adb:79:61: info: range check proved
anubis_keccak.adb:96:07: info: initialization of "Row" proved
anubis_keccak.adb:99:33: info: loop invariant preservation proved
anubis_keccak.adb:99:33: info: loop invariant initialization proved
anubis_keccak.adb:103:36: info: loop invariant initialization proved
anubis_keccak.adb:103:36: info: loop invariant preservation proved
anubis_keccak.adb:111:36: info: loop invariant preservation proved
anubis_keccak.adb:111:36: info: loop invariant initialization proved
anubis_keccak.adb:114:74: info: range check proved
anubis_keccak.adb:140:33: info: loop invariant initialization proved
anubis_keccak.adb:140:33: info: loop invariant preservation proved
anubis_keccak.adb:142:10: info: precondition proved
anubis_keccak.adb:143:10: info: precondition proved
anubis_keccak.adb:144:10: info: precondition proved
anubis_keccak.adb:145:10: info: precondition proved
anubis_keccak.adb:146:10: info: precondition proved
anubis_keccak.ads:45:07: info: index check proved
anubis_keccak.ads:46:07: info: index check proved
anubis_keccak.ads:47:07: info: index check proved
anubis_keccak.ads:48:07: info: index check proved
anubis_keccak.ads:49:07: info: index check proved
anubis_keccak.ads:55:07: info: data dependencies proved
anubis_keccak.ads:57:15: info: postcondition proved
anubis_keccak.ads:62:07: info: data dependencies proved
anubis_keccak.ads:64:15: info: postcondition proved
anubis_keccak.ads:69:07: info: data dependencies proved
anubis_keccak.ads:71:15: info: postcondition proved
anubis_keccak.ads:89:07: info: data dependencies proved
anubis_keccak.ads:91:15: info: postcondition proved
anubis_keccak.ads:96:07: info: data dependencies proved
anubis_keccak.ads:98:15: info: postcondition proved
anubis_keccak.ads:103:07: info: data dependencies proved
anubis_keccak.ads:105:15: info: postcondition proved
