anubis_address_base32.adb:10:14: info: predicate check proved
anubis_address_base32.adb:10:28: info: index check proved
anubis_address_base32.adb:62:07: info: initialization of "Buffer" proved

anubis_address_base32.adb:63:07: warning: unused variable "Bits"
   63 |      Bits    : Natural;
      |      ^~~~
anubis_address_base32.adb:66:20: info: overflow check proved
anubis_address_base32.adb:67:33: info: loop invariant preservation proved
anubis_address_base32.adb:67:33: info: loop invariant initialization proved
anubis_address_base32.adb:67:40: info: division check proved
anubis_address_base32.adb:68:33: info: loop invariant initialization proved
anubis_address_base32.adb:68:33: info: loop invariant preservation proved
anubis_address_base32.adb:68:51: info: division check proved
anubis_address_base32.adb:68:56: info: overflow check proved
anubis_address_base32.adb:69:33: info: loop invariant preservation proved
anubis_address_base32.adb:69:33: info: loop invariant initialization proved
anubis_address_base32.adb:70:33: info: loop invariant preservation proved
anubis_address_base32.adb:70:33: info: loop invariant initialization proved
anubis_address_base32.adb:71:31: info: loop variant proved
anubis_address_base32.adb:74:52: info: index check proved
anubis_address_base32.adb:75:59: info: overflow check proved
anubis_address_base32.adb:75:59: info: index check proved
anubis_address_base32.adb:76:59: info: overflow check proved
anubis_address_base32.adb:76:59: info: index check proved
anubis_address_base32.adb:77:59: info: overflow check proved
anubis_address_base32.adb:77:59: info: index check proved
anubis_address_base32.adb:78:47: info: overflow check proved
anubis_address_base32.adb:78:47: info: index check proved
anubis_address_base32.adb:82:36: info: loop invariant initialization proved
anubis_address_base32.adb:82:36: info: loop invariant preservation proved
anubis_address_base32.adb:82:44: info: overflow check proved
anubis_address_base32.adb:83:29: info: overflow check proved
anubis_address_base32.adb:83:29: info: index check proved
anubis_address_base32.adb:83:37: info: precondition proved
anubis_address_base32.adb:84:61: info: range check proved
anubis_address_base32.adb:88:27: info: overflow check proved
anubis_address_base32.adb:89:29: info: overflow check proved
anubis_address_base32.adb:98:22: info: precondition proved
anubis_address_base32.adb:98:73: info: range check proved
anubis_address_base32.adb:99:22: info: precondition proved
anubis_address_base32.adb:99:72: info: range check proved
anubis_address_base32.adb:100:22: info: precondition proved
anubis_address_base32.adb:100:72: info: range check proved
anubis_address_base32.adb:101:22: info: precondition proved
anubis_address_base32.adb:101:48: info: range check proved
anubis_address_base32.adb:109:07: info: initialization of "Buffer" proved
anubis_address_base32.adb:117:21: info: precondition proved
anubis_address_base32.adb:117:72: info: range check proved
anubis_address_base32.adb:118:21: info: precondition proved
anubis_address_base32.adb:118:72: info: range check proved
anubis_address_base32.adb:119:21: info: precondition proved
anubis_address_base32.adb:119:71: info: range check proved
anubis_address_base32.adb:120:21: info: precondition proved
anubis_address_base32.adb:120:71: info: range check proved
anubis_address_base32.adb:121:21: info: precondition proved
anubis_address_base32.adb:121:47: info: range check proved
anubis_address_base32.adb:132:07: info: initialization of "Buffer" proved
anubis_address_base32.adb:133:07: info: initialization of "Val" proved
anubis_address_base32.adb:138:20: info: overflow check proved
anubis_address_base32.adb:139:33: info: loop invariant initialization proved
anubis_address_base32.adb:139:33: info: loop invariant preservation proved
anubis_address_base32.adb:139:40: info: division check proved
anubis_address_base32.adb:140:33: info: loop invariant initialization proved
anubis_address_base32.adb:140:33: info: loop invariant preservation proved
anubis_address_base32.adb:140:51: info: division check proved
anubis_address_base32.adb:141:33: info: loop invariant preservation proved
anubis_address_base32.adb:141:33: info: loop invariant initialization proved
anubis_address_base32.adb:142:33: info: loop invariant initialization proved
anubis_address_base32.adb:142:33: info: loop invariant preservation proved
anubis_address_base32.adb:143:31: info: loop variant proved
anubis_address_base32.adb:149:36: info: loop invariant preservation proved
anubis_address_base32.adb:149:36: info: loop invariant initialization proved
anubis_address_base32.adb:149:43: info: overflow check proved
anubis_address_base32.adb:150:47: info: overflow check proved
anubis_address_base32.adb:150:47: info: index check proved
anubis_address_base32.adb:159:18: info: index check proved
anubis_address_base32.adb:159:71: info: range check proved
anubis_address_base32.adb:160:26: info: overflow check proved
anubis_address_base32.adb:160:26: info: index check proved
anubis_address_base32.adb:160:71: info: range check proved
anubis_address_base32.adb:161:26: info: overflow check proved
anubis_address_base32.adb:161:26: info: index check proved
anubis_address_base32.adb:161:71: info: range check proved
anubis_address_base32.adb:162:26: info: overflow check proved
anubis_address_base32.adb:162:26: info: index check proved
anubis_address_base32.adb:162:70: info: range check proved
anubis_address_base32.adb:163:26: info: overflow check proved
anubis_address_base32.adb:163:26: info: index check proved
anubis_address_base32.adb:163:53: info: range check proved
anubis_address_base32.adb:165:27: info: overflow check proved
anubis_address_base32.adb:166:29: info: overflow check proved
anubis_address_base32.adb:176:33: info: loop invariant initialization proved
anubis_address_base32.adb:176:33: info: loop invariant preservation proved
anubis_address_base32.adb:194:58: info: range check proved
anubis_address_base32.adb:195:41: info: range check proved
anubis_address_base32.adb:205:07: info: initialization of "Val" proved
anubis_address_base32.adb:212:33: info: loop invariant preservation proved
anubis_address_base32.adb:212:33: info: loop invariant initialization proved
anubis_address_base32.adb:230:58: info: range check proved
anubis_address_base32.adb:231:57: info: range check proved
anubis_address_base32.adb:232:40: info: range check proved
anubis_address_base32.adb:246:33: info: loop invariant initialization proved
anubis_address_base32.adb:246:33: info: loop invariant preservation proved
anubis_address_base32.adb:247:33: info: loop invariant initialization proved
anubis_address_base32.adb:247:33: info: loop invariant preservation proved
anubis_address_base32.adb:250:36: info: loop invariant initialization proved
anubis_address_base32.adb:250:36: info: loop invariant preservation proved
anubis_address_base32.adb:250:43: info: overflow check proved
anubis_address_base32.adb:251:36: info: loop invariant initialization proved
anubis_address_base32.adb:251:36: info: loop invariant preservation proved
anubis_address_base32.adb:251:44: info: overflow check proved
anubis_address_base32.adb:252:29: info: overflow check proved
anubis_address_base32.adb:252:29: info: index check proved
anubis_address_base32.adb:252:51: info: overflow check proved
anubis_address_base32.adb:252:51: info: index check proved
anubis_address_base32.adb:255:27: info: overflow check proved
anubis_address_base32.adb:256:29: info: overflow check proved
anubis_address_base32.adb:258:18: info: index check proved
anubis_address_base32.adb:259:29: info: overflow check proved
anubis_address_base32.adb:264:33: info: loop invariant initialization proved
anubis_address_base32.adb:264:33: info: loop invariant preservation proved
anubis_address_base32.adb:265:33: info: loop invariant preservation proved
anubis_address_base32.adb:265:33: info: loop invariant initialization proved
anubis_address_base32.adb:266:26: info: overflow check proved
anubis_address_base32.adb:266:26: info: index check proved
anubis_address_base32.adb:266:48: info: overflow check proved
anubis_address_base32.adb:266:48: info: index check proved
anubis_address_base32.adb:284:33: info: loop invariant preservation proved
anubis_address_base32.adb:284:33: info: loop invariant initialization proved
anubis_address_base32.adb:285:33: info: loop invariant preservation proved
anubis_address_base32.adb:285:33: info: loop invariant initialization proved
anubis_address_base32.adb:286:33: info: loop invariant initialization proved
anubis_address_base32.adb:286:33: info: loop invariant preservation proved
anubis_address_base32.adb:287:33: info: loop invariant initialization proved
anubis_address_base32.adb:287:33: info: loop invariant preservation proved
anubis_address_base32.adb:290:36: info: loop invariant preservation proved
anubis_address_base32.adb:290:36: info: loop invariant initialization proved
anubis_address_base32.adb:290:43: info: overflow check proved
anubis_address_base32.adb:291:36: info: loop invariant preservation proved
anubis_address_base32.adb:291:36: info: loop invariant initialization proved
anubis_address_base32.adb:291:44: info: overflow check proved
anubis_address_base32.adb:292:29: info: overflow check proved
anubis_address_base32.adb:292:29: info: index check proved

anubis_address_base32.adb:292:37: medium: predicate check might fail
  292 |            Output (Out_Pos + I) := Input (In_Pos + I);
      |                                    ^~~~~~~~~~~~~~~~~
  e.g. when I = 0
        and In_Pos = 0
        and Input = (others => 'NUL')
anubis_address_base32.adb:292:51: info: overflow check proved
anubis_address_base32.adb:292:51: info: index check proved
anubis_address_base32.adb:295:27: info: overflow check proved
anubis_address_base32.adb:296:29: info: overflow check proved
anubis_address_base32.adb:299:20: info: index check proved
anubis_address_base32.adb:303:27: info: overflow check proved
anubis_address_base32.adb:309:33: info: loop invariant preservation proved
anubis_address_base32.adb:309:33: info: loop invariant initialization proved

anubis_address_base32.adb:310:29: medium: predicate check might fail
  310 |         Output (48 + I) := Input (54 + I);
      |                            ^~~~~~~~~~~~~
  e.g. when I = 0
        and Input = (Chunked_Payload_Index'Last-4 => '-', Chunked_Payload_Index'Last-3 => 'NUL', others => '0')
  possible fix: subprogram at anubis_address_base32.ads:78 should mention Input in a precondition
   78 |   procedure Unchunk_Payload (
      |   ^ here

anubis_address_base32.ads:32:07: medium: "Output" might not be initialized in "Encode_Account_ID"
   32 |      Output : out Payload_Base32
      |      ^~~~~~
  reason for check: OUT parameter should be fully initialized on return
  possible fix: initialize "Output" on all paths, make "Output" an IN OUT parameter or annotate it with aspect Relaxed_Initialization
anubis_address_base32.ads:34:07: info: data dependencies proved

anubis_address_base32.ads:35:46: medium: "Output" might not be initialized
   35 |      Post => (for all I in Payload_Index => Output (I) in Base32_Char);
      |                                             ^~~~~~

anubis_address_base32.ads:35:46: medium: postcondition might fail, cannot prove Output (I) in Base32_Char
   35 |      Post => (for all I in Payload_Index => Output (I) in Base32_Char);
      |                                             ^~~~~~~~~~~~~~~~~~~~~~~~~
  possible fix: loop invariant at anubis_address_base32.adb:67 should mention Output
   67 |         pragma Loop_Invariant (In_Idx mod 5 = 0);
      |         ^ here

anubis_address_base32.ads:41:07: medium: "Output" might not be initialized in "Encode_Checksum"
   41 |      Output : out Checksum_Base32
      |      ^~~~~~
  reason for check: OUT parameter should be fully initialized on return
  possible fix: initialize "Output" on all paths, make "Output" an IN OUT parameter or annotate it with aspect Relaxed_Initialization
anubis_address_base32.ads:43:07: info: data dependencies proved
anubis_address_base32.ads:44:15: info: postcondition proved

anubis_address_base32.ads:44:51: medium: "Output" might not be initialized
   44 |      Post => (for all I in Checksum_B32_Index => Output (I) in Base32_Char);
      |                                                  ^~~~~~

anubis_address_base32.ads:50:07: medium: "Output" might not be initialized in "Decode_Account_ID"
   50 |      Output  : out Account_ID;
      |      ^~~~~~
  reason for check: OUT parameter should be fully initialized on return
  possible fix: initialize "Output" on all paths, make "Output" an IN OUT parameter or annotate it with aspect Relaxed_Initialization
anubis_address_base32.ads:51:07: info: initialization of "Success" proved
anubis_address_base32.ads:53:07: info: data dependencies proved

anubis_address_base32.ads:59:07: medium: "Output" might not be initialized in "Decode_Checksum"
   59 |      Output  : out Checksum_Bytes;
      |      ^~~~~~
  reason for check: OUT parameter should be fully initialized on return
  possible fix: initialize "Output" on all paths, make "Output" an IN OUT parameter or annotate it with aspect Relaxed_Initialization
anubis_address_base32.ads:60:07: info: initialization of "Success" proved
anubis_address_base32.ads:62:07: info: data dependencies proved

anubis_address_base32.ads:69:07: medium: "Output" might not be initialized in "Chunk_Payload"
   69 |      Output : out Chunked_Payload
      |      ^~~~~~
  reason for check: OUT parameter should be fully initialized on return
  possible fix: initialize "Output" on all paths, make "Output" an IN OUT parameter or annotate it with aspect Relaxed_Initialization
anubis_address_base32.ads:71:07: info: data dependencies proved

anubis_address_base32.ads:72:15: medium: "Output" might not be initialized
   72 |      Post => Output (8) = '-' and Output (17) = '-' and Output (26) = '-' and
      |              ^~~~~~

anubis_address_base32.ads:72:15: medium: postcondition might fail
   72>|      Post => Output (8) = '-' and Output (17) = '-' and Output (26) = '-' and
   73 |              Output (35) = '-' and Output (44) = '-' and Output (53) = '-';
  possible fix: loop invariant at anubis_address_base32.adb:264 should mention Output
  264 |         pragma Loop_Invariant (In_Pos = 48);
      |         ^ here

anubis_address_base32.ads:80:07: medium: "Output" might not be initialized in "Unchunk_Payload"
   80 |      Output  : out Payload_Base32;
      |      ^~~~~~
  reason for check: OUT parameter should be fully initialized on return
  possible fix: initialize "Output" on all paths, make "Output" an IN OUT parameter or annotate it with aspect Relaxed_Initialization
anubis_address_base32.ads:81:07: info: initialization of "Success" proved
anubis_address_base32.ads:83:07: info: data dependencies proved
anubis_address_base32.ads:91:13: info: implicit aspect Always_Terminates on "Encode_5bits" has been proved, subprogram will terminate
anubis_address_base32.ads:94:15: info: postcondition proved
anubis_address_base32.ads:98:13: info: implicit aspect Always_Terminates on "Decode_Char" has been proved, subprogram will terminate
anubis_address_base32.ads:100:15: info: postcondition proved
