anubis_field.adb:24:40: info: range check proved
anubis_field.adb:34:23: info: range check proved
anubis_field.adb:40:81: info: range check proved
anubis_field.adb:47:16: info: implicit aspect Always_Terminates on "CT_Sub_If_GE_Q" has been proved, subprogram will terminate
anubis_field.adb:62:33: info: loop invariant preservation proved
anubis_field.adb:62:33: info: loop invariant initialization proved
anubis_field.adb:66:27: info: range check proved
anubis_field.adb:73:14: info: precondition proved
anubis_field.adb:81:14: info: precondition proved
anubis_field.adb:89:14: info: precondition proved
anubis_field.adb:97:29: info: precondition proved
anubis_field.adb:105:14: info: precondition proved
anubis_field.adb:117:47: info: division check proved
anubis_field.adb:123:16: info: implicit aspect Always_Terminates on "CT_Sub_If_GE_Q" has been proved, subprogram will terminate
anubis_field.adb:136:33: info: loop invariant preservation proved
anubis_field.adb:136:33: info: loop invariant initialization proved
anubis_field.adb:141:29: info: range check proved
anubis_field.ads:46:13: info: implicit aspect Always_Terminates on "Reduce" has been proved, subprogram will terminate
anubis_field.ads:49:15: info: postcondition proved
anubis_field.ads:53:13: info: implicit aspect Always_Terminates on "Barrett_Reduce" has been proved, subprogram will terminate
anubis_field.ads:56:15: info: postcondition proved
anubis_field.ads:59:13: info: implicit aspect Always_Terminates on "Add" has been proved, subprogram will terminate
anubis_field.ads:61:15: info: postcondition proved
anubis_field.ads:64:13: info: implicit aspect Always_Terminates on "Sub" has been proved, subprogram will terminate
anubis_field.ads:66:15: info: postcondition proved
anubis_field.ads:69:13: info: implicit aspect Always_Terminates on "Mul" has been proved, subprogram will terminate
anubis_field.ads:71:15: info: postcondition proved
anubis_field.ads:76:13: info: implicit aspect Always_Terminates on "To_Mont" has been proved, subprogram will terminate
anubis_field.ads:80:13: info: implicit aspect Always_Terminates on "From_Mont" has been proved, subprogram will terminate
anubis_field.ads:82:15: info: postcondition proved
anubis_field.ads:86:13: info: implicit aspect Always_Terminates on "Mont_Mul" has been proved, subprogram will terminate
anubis_field.ads:91:13: info: implicit aspect Always_Terminates on "Mont_Reduce" has been proved, subprogram will terminate
anubis_field.ads:98:13: info: implicit aspect Always_Terminates on "CT_Select" has been proved, subprogram will terminate
