anubis_mldsa_ntt.adb:20:07: info: data dependencies proved
anubis_mldsa_ntt.adb:25:64: info: division check proved
anubis_mldsa_ntt.adb:25:64: info: range check proved
anubis_mldsa_ntt.adb:27:46: info: division check proved
anubis_mldsa_ntt.adb:27:46: info: range check proved
anubis_mldsa_ntt.adb:36:07: info: data dependencies proved
anubis_mldsa_ntt.adb:41:46: info: division check proved
anubis_mldsa_ntt.adb:41:46: info: range check proved
anubis_mldsa_ntt.adb:43:64: info: division check proved
anubis_mldsa_ntt.adb:43:64: info: range check proved

anubis_mldsa_ntt.adb:50:07: warning: initialization of "K" has no effect
   50 |      K : Natural := 0;
      |      ^~~~~~~~~~~~~~~~
anubis_mldsa_ntt.adb:55:33: info: loop invariant preservation proved
anubis_mldsa_ntt.adb:55:33: info: loop invariant initialization proved
anubis_mldsa_ntt.adb:56:21: info: non-aliasing of formal parameters "A" and "B" proved
anubis_mldsa_ntt.adb:56:48: info: index check proved
anubis_mldsa_ntt.adb:61:33: info: loop invariant initialization proved
anubis_mldsa_ntt.adb:61:33: info: loop invariant preservation proved

anubis_mldsa_ntt.adb:62:33: medium: loop invariant might not be preserved by an arbitrary iteration
   62 |         pragma Loop_Invariant (K in 1 .. 2);
      |                                ^~~~~~~~~~~
anubis_mldsa_ntt.adb:62:33: info: loop invariant initialization proved
anubis_mldsa_ntt.adb:63:17: info: overflow check proved
anubis_mldsa_ntt.adb:65:36: info: loop invariant preservation proved
anubis_mldsa_ntt.adb:65:36: info: loop invariant initialization proved
anubis_mldsa_ntt.adb:66:36: info: loop invariant preservation proved
anubis_mldsa_ntt.adb:66:36: info: loop invariant initialization proved
anubis_mldsa_ntt.adb:67:24: info: non-aliasing of formal parameters "A" and "B" proved
anubis_mldsa_ntt.adb:67:70: info: index check proved
anubis_mldsa_ntt.adb:73:33: info: loop invariant initialization proved
anubis_mldsa_ntt.adb:73:33: info: loop invariant preservation proved

anubis_mldsa_ntt.adb:74:33: medium: loop invariant might not be preserved by an arbitrary iteration
   74 |         pragma Loop_Invariant (K in 3 .. 6);
      |                                ^~~~~~~~~~~

anubis_mldsa_ntt.adb:74:33: medium: loop invariant might fail in first iteration
   74 |         pragma Loop_Invariant (K in 3 .. 6);
      |                                ^~~~~~~~~~~
anubis_mldsa_ntt.adb:75:17: info: overflow check proved
anubis_mldsa_ntt.adb:77:36: info: loop invariant initialization proved
anubis_mldsa_ntt.adb:77:36: info: loop invariant preservation proved
anubis_mldsa_ntt.adb:78:36: info: loop invariant initialization proved
anubis_mldsa_ntt.adb:78:36: info: loop invariant preservation proved
anubis_mldsa_ntt.adb:79:24: info: non-aliasing of formal parameters "A" and "B" proved
anubis_mldsa_ntt.adb:79:68: info: index check proved
anubis_mldsa_ntt.adb:85:33: info: loop invariant preservation proved
anubis_mldsa_ntt.adb:85:33: info: loop invariant initialization proved

anubis_mldsa_ntt.adb:86:33: medium: loop invariant might not be preserved by an arbitrary iteration
   86 |         pragma Loop_Invariant (K in 7 .. 14);
      |                                ^~~~~~~~~~~~

anubis_mldsa_ntt.adb:86:33: medium: loop invariant might fail in first iteration
   86 |         pragma Loop_Invariant (K in 7 .. 14);
      |                                ^~~~~~~~~~~~
anubis_mldsa_ntt.adb:87:17: info: overflow check proved
anubis_mldsa_ntt.adb:89:36: info: loop invariant preservation proved
anubis_mldsa_ntt.adb:89:36: info: loop invariant initialization proved
anubis_mldsa_ntt.adb:90:36: info: loop invariant preservation proved
anubis_mldsa_ntt.adb:90:36: info: loop invariant initialization proved
anubis_mldsa_ntt.adb:91:24: info: non-aliasing of formal parameters "A" and "B" proved
anubis_mldsa_ntt.adb:91:68: info: index check proved
anubis_mldsa_ntt.adb:97:33: info: loop invariant preservation proved
anubis_mldsa_ntt.adb:97:33: info: loop invariant initialization proved

anubis_mldsa_ntt.adb:98:33: medium: loop invariant might not be preserved by an arbitrary iteration
   98 |         pragma Loop_Invariant (K in 15 .. 30);
      |                                ^~~~~~~~~~~~~

anubis_mldsa_ntt.adb:98:33: medium: loop invariant might fail in first iteration
   98 |         pragma Loop_Invariant (K in 15 .. 30);
      |                                ^~~~~~~~~~~~~
anubis_mldsa_ntt.adb:99:17: info: overflow check proved
anubis_mldsa_ntt.adb:101:36: info: loop invariant preservation proved
anubis_mldsa_ntt.adb:101:36: info: loop invariant initialization proved
anubis_mldsa_ntt.adb:102:36: info: loop invariant preservation proved
anubis_mldsa_ntt.adb:102:36: info: loop invariant initialization proved
anubis_mldsa_ntt.adb:103:24: info: non-aliasing of formal parameters "A" and "B" proved
anubis_mldsa_ntt.adb:103:67: info: index check proved
anubis_mldsa_ntt.adb:109:33: info: loop invariant preservation proved
anubis_mldsa_ntt.adb:109:33: info: loop invariant initialization proved

anubis_mldsa_ntt.adb:110:33: medium: loop invariant might not be preserved by an arbitrary iteration
  110 |         pragma Loop_Invariant (K in 31 .. 62);
      |                                ^~~~~~~~~~~~~

anubis_mldsa_ntt.adb:110:33: medium: loop invariant might fail in first iteration
  110 |         pragma Loop_Invariant (K in 31 .. 62);
      |                                ^~~~~~~~~~~~~
anubis_mldsa_ntt.adb:111:17: info: overflow check proved
anubis_mldsa_ntt.adb:113:36: info: loop invariant initialization proved
anubis_mldsa_ntt.adb:113:36: info: loop invariant preservation proved
anubis_mldsa_ntt.adb:114:36: info: loop invariant preservation proved
anubis_mldsa_ntt.adb:114:36: info: loop invariant initialization proved
anubis_mldsa_ntt.adb:115:24: info: non-aliasing of formal parameters "A" and "B" proved
anubis_mldsa_ntt.adb:115:65: info: index check proved
anubis_mldsa_ntt.adb:121:33: info: loop invariant initialization proved
anubis_mldsa_ntt.adb:121:33: info: loop invariant preservation proved

anubis_mldsa_ntt.adb:122:33: medium: loop invariant might fail in first iteration
  122 |         pragma Loop_Invariant (K in 63 .. 126);
      |                                ^~~~~~~~~~~~~~

anubis_mldsa_ntt.adb:122:33: medium: loop invariant might not be preserved by an arbitrary iteration
  122 |         pragma Loop_Invariant (K in 63 .. 126);
      |                                ^~~~~~~~~~~~~~
anubis_mldsa_ntt.adb:123:17: info: overflow check proved
anubis_mldsa_ntt.adb:125:36: info: loop invariant initialization proved
anubis_mldsa_ntt.adb:125:36: info: loop invariant preservation proved
anubis_mldsa_ntt.adb:126:36: info: loop invariant preservation proved
anubis_mldsa_ntt.adb:126:36: info: loop invariant initialization proved
anubis_mldsa_ntt.adb:127:24: info: non-aliasing of formal parameters "A" and "B" proved
anubis_mldsa_ntt.adb:127:65: info: index check proved
anubis_mldsa_ntt.adb:133:33: info: loop invariant initialization proved
anubis_mldsa_ntt.adb:133:33: info: loop invariant preservation proved

anubis_mldsa_ntt.adb:134:33: medium: loop invariant might not be preserved by an arbitrary iteration
  134 |         pragma Loop_Invariant (K in 127 .. 254);
      |                                ^~~~~~~~~~~~~~~

anubis_mldsa_ntt.adb:134:33: medium: loop invariant might fail in first iteration
  134 |         pragma Loop_Invariant (K in 127 .. 254);
      |                                ^~~~~~~~~~~~~~~
anubis_mldsa_ntt.adb:135:17: info: overflow check proved
anubis_mldsa_ntt.adb:136:21: info: non-aliasing of formal parameters "A" and "B" proved
anubis_mldsa_ntt.adb:136:54: info: index check proved
anubis_mldsa_ntt.adb:143:07: info: initialization of "Neg_Zeta" proved
anubis_mldsa_ntt.adb:147:33: info: loop invariant initialization proved
anubis_mldsa_ntt.adb:147:33: info: loop invariant preservation proved

anubis_mldsa_ntt.adb:148:33: medium: loop invariant might not be preserved by an arbitrary iteration
  148 |         pragma Loop_Invariant (K in 129 .. 256);
      |                                ^~~~~~~~~~~~~~~
anubis_mldsa_ntt.adb:148:33: info: loop invariant initialization proved
anubis_mldsa_ntt.adb:149:17: info: range check proved
anubis_mldsa_ntt.adb:150:20: info: index check proved
anubis_mldsa_ntt.adb:153:36: info: index check proved
anubis_mldsa_ntt.adb:155:25: info: non-aliasing of formal parameters "A" and "B" proved
anubis_mldsa_ntt.adb:160:33: info: loop invariant preservation proved
anubis_mldsa_ntt.adb:160:33: info: loop invariant initialization proved

anubis_mldsa_ntt.adb:161:33: medium: loop invariant might not be preserved by an arbitrary iteration
  161 |         pragma Loop_Invariant (K in 65 .. 128);
      |                                ^~~~~~~~~~~~~~

anubis_mldsa_ntt.adb:161:33: medium: loop invariant might fail in first iteration
  161 |         pragma Loop_Invariant (K in 65 .. 128);
      |                                ^~~~~~~~~~~~~~
anubis_mldsa_ntt.adb:162:17: info: range check proved
anubis_mldsa_ntt.adb:163:20: info: index check proved
anubis_mldsa_ntt.adb:166:36: info: index check proved
anubis_mldsa_ntt.adb:169:36: info: loop invariant initialization proved
anubis_mldsa_ntt.adb:169:36: info: loop invariant preservation proved
anubis_mldsa_ntt.adb:170:36: info: loop invariant preservation proved
anubis_mldsa_ntt.adb:170:36: info: loop invariant initialization proved
anubis_mldsa_ntt.adb:171:28: info: non-aliasing of formal parameters "A" and "B" proved
anubis_mldsa_ntt.adb:177:33: info: loop invariant preservation proved
anubis_mldsa_ntt.adb:177:33: info: loop invariant initialization proved

anubis_mldsa_ntt.adb:178:33: medium: loop invariant might not be preserved by an arbitrary iteration
  178 |         pragma Loop_Invariant (K in 33 .. 64);
      |                                ^~~~~~~~~~~~~

anubis_mldsa_ntt.adb:178:33: medium: loop invariant might fail in first iteration
  178 |         pragma Loop_Invariant (K in 33 .. 64);
      |                                ^~~~~~~~~~~~~
anubis_mldsa_ntt.adb:179:17: info: range check proved
anubis_mldsa_ntt.adb:180:20: info: index check proved
anubis_mldsa_ntt.adb:183:36: info: index check proved
anubis_mldsa_ntt.adb:186:36: info: loop invariant preservation proved
anubis_mldsa_ntt.adb:186:36: info: loop invariant initialization proved
anubis_mldsa_ntt.adb:187:36: info: loop invariant initialization proved
anubis_mldsa_ntt.adb:187:36: info: loop invariant preservation proved
anubis_mldsa_ntt.adb:188:28: info: non-aliasing of formal parameters "A" and "B" proved
anubis_mldsa_ntt.adb:194:33: info: loop invariant preservation proved
anubis_mldsa_ntt.adb:194:33: info: loop invariant initialization proved

anubis_mldsa_ntt.adb:195:33: medium: loop invariant might fail in first iteration
  195 |         pragma Loop_Invariant (K in 17 .. 32);
      |                                ^~~~~~~~~~~~~

anubis_mldsa_ntt.adb:195:33: medium: loop invariant might not be preserved by an arbitrary iteration
  195 |         pragma Loop_Invariant (K in 17 .. 32);
      |                                ^~~~~~~~~~~~~
anubis_mldsa_ntt.adb:196:17: info: range check proved
anubis_mldsa_ntt.adb:197:20: info: index check proved
anubis_mldsa_ntt.adb:200:36: info: index check proved
anubis_mldsa_ntt.adb:203:36: info: loop invariant preservation proved
anubis_mldsa_ntt.adb:203:36: info: loop invariant initialization proved
anubis_mldsa_ntt.adb:204:36: info: loop invariant initialization proved
anubis_mldsa_ntt.adb:204:36: info: loop invariant preservation proved
anubis_mldsa_ntt.adb:205:28: info: non-aliasing of formal parameters "A" and "B" proved
anubis_mldsa_ntt.adb:211:33: info: loop invariant preservation proved
anubis_mldsa_ntt.adb:211:33: info: loop invariant initialization proved

anubis_mldsa_ntt.adb:212:33: medium: loop invariant might not be preserved by an arbitrary iteration
  212 |         pragma Loop_Invariant (K in 9 .. 16);
      |                                ^~~~~~~~~~~~

anubis_mldsa_ntt.adb:212:33: medium: loop invariant might fail in first iteration
  212 |         pragma Loop_Invariant (K in 9 .. 16);
      |                                ^~~~~~~~~~~~
anubis_mldsa_ntt.adb:213:17: info: range check proved
anubis_mldsa_ntt.adb:214:20: info: index check proved
anubis_mldsa_ntt.adb:217:36: info: index check proved
anubis_mldsa_ntt.adb:220:36: info: loop invariant preservation proved
anubis_mldsa_ntt.adb:220:36: info: loop invariant initialization proved
anubis_mldsa_ntt.adb:221:36: info: loop invariant preservation proved
anubis_mldsa_ntt.adb:221:36: info: loop invariant initialization proved
anubis_mldsa_ntt.adb:222:28: info: non-aliasing of formal parameters "A" and "B" proved
anubis_mldsa_ntt.adb:228:33: info: loop invariant preservation proved
anubis_mldsa_ntt.adb:228:33: info: loop invariant initialization proved

anubis_mldsa_ntt.adb:229:33: medium: loop invariant might not be preserved by an arbitrary iteration
  229 |         pragma Loop_Invariant (K in 5 .. 8);
      |                                ^~~~~~~~~~~

anubis_mldsa_ntt.adb:229:33: medium: loop invariant might fail in first iteration
  229 |         pragma Loop_Invariant (K in 5 .. 8);
      |                                ^~~~~~~~~~~
anubis_mldsa_ntt.adb:230:17: info: range check proved
anubis_mldsa_ntt.adb:231:20: info: index check proved
anubis_mldsa_ntt.adb:234:36: info: index check proved
anubis_mldsa_ntt.adb:237:36: info: loop invariant preservation proved
anubis_mldsa_ntt.adb:237:36: info: loop invariant initialization proved
anubis_mldsa_ntt.adb:238:36: info: loop invariant preservation proved
anubis_mldsa_ntt.adb:238:36: info: loop invariant initialization proved
anubis_mldsa_ntt.adb:239:28: info: non-aliasing of formal parameters "A" and "B" proved
anubis_mldsa_ntt.adb:245:33: info: loop invariant initialization proved
anubis_mldsa_ntt.adb:245:33: info: loop invariant preservation proved

anubis_mldsa_ntt.adb:246:33: medium: loop invariant might not be preserved by an arbitrary iteration
  246 |         pragma Loop_Invariant (K in 3 .. 4);
      |                                ^~~~~~~~~~~

anubis_mldsa_ntt.adb:246:33: medium: loop invariant might fail in first iteration
  246 |         pragma Loop_Invariant (K in 3 .. 4);
      |                                ^~~~~~~~~~~
anubis_mldsa_ntt.adb:247:17: info: range check proved
anubis_mldsa_ntt.adb:248:20: info: index check proved
anubis_mldsa_ntt.adb:251:36: info: index check proved
anubis_mldsa_ntt.adb:254:36: info: loop invariant initialization proved
anubis_mldsa_ntt.adb:254:36: info: loop invariant preservation proved
anubis_mldsa_ntt.adb:255:36: info: loop invariant initialization proved
anubis_mldsa_ntt.adb:255:36: info: loop invariant preservation proved
anubis_mldsa_ntt.adb:256:28: info: non-aliasing of formal parameters "A" and "B" proved
anubis_mldsa_ntt.adb:261:14: info: range check proved
anubis_mldsa_ntt.adb:262:17: info: index check proved
anubis_mldsa_ntt.adb:265:33: info: index check proved
anubis_mldsa_ntt.adb:268:33: info: loop invariant initialization proved
anubis_mldsa_ntt.adb:268:33: info: loop invariant preservation proved
anubis_mldsa_ntt.adb:269:25: info: non-aliasing of formal parameters "A" and "B" proved
anubis_mldsa_ntt.adb:334:07: info: initialization of "Temp" proved

anubis_mldsa_ntt.adb:342:33: medium: "Result" might not be initialized
  342 |                  (Unsigned_64 (Result (I) (C)) + Unsigned_64 (Temp (C))) mod Unsigned_64 (Q));
      |                                ^~~~~~
anubis_mldsa_ntt.adb:342:75: info: division check proved
anubis_mldsa_ntt.adb:342:75: info: range check proved
anubis_mldsa_ntt.adb:353:07: info: initialization of "Temp" proved
anubis_mldsa_ntt.adb:360:68: info: division check proved
anubis_mldsa_ntt.adb:360:68: info: range check proved
anubis_mldsa_ntt.adb:370:07: info: initialization of "Temp" proved
anubis_mldsa_ntt.adb:377:68: info: division check proved
anubis_mldsa_ntt.adb:377:68: info: range check proved
anubis_mldsa_ntt.ads:30:07: info: data dependencies proved
anubis_mldsa_ntt.ads:34:07: info: data dependencies proved
anubis_mldsa_ntt.ads:40:07: info: initialization of "H" proved
anubis_mldsa_ntt.ads:42:07: info: data dependencies proved
anubis_mldsa_ntt.ads:46:07: info: data dependencies proved
anubis_mldsa_ntt.ads:49:07: info: data dependencies proved
anubis_mldsa_ntt.ads:53:07: info: data dependencies proved
anubis_mldsa_ntt.ads:56:07: info: data dependencies proved
anubis_mldsa_ntt.ads:60:07: info: data dependencies proved
anubis_mldsa_ntt.ads:68:07: info: data dependencies proved
anubis_mldsa_ntt.ads:73:07: info: initialization of "Result" proved
anubis_mldsa_ntt.ads:75:07: info: data dependencies proved
anubis_mldsa_ntt.ads:79:07: info: initialization of "Result" proved
anubis_mldsa_ntt.ads:81:07: info: data dependencies proved
