
anubis_bug_bounty.adb:75:25: high: "Report_Counter" must be listed in the Global aspect of "Submit_Report" (SPARK RM 6.1.4(15))
   75 |      Report_Counter := Report_Counter + 1;
      |                        ^~~~~~~~~~~~~~
anubis_bug_bounty.adb:82:15: info: overflow check proved
anubis_bug_bounty.adb:83:32: info: overflow check proved
anubis_bug_bounty.adb:83:32: info: index check proved
anubis_bug_bounty.adb:94:15: info: overflow check proved
anubis_bug_bounty.adb:95:34: info: overflow check proved
anubis_bug_bounty.adb:95:34: info: index check proved
anubis_bug_bounty.adb:102:15: info: overflow check proved
anubis_bug_bounty.adb:103:40: info: overflow check proved
anubis_bug_bounty.adb:103:40: info: index check proved
anubis_bug_bounty.adb:110:15: info: overflow check proved
anubis_bug_bounty.adb:111:32: info: overflow check proved
anubis_bug_bounty.adb:111:32: info: index check proved
anubis_bug_bounty.adb:174:07: info: initialization of "Score_Avg" proved
anubis_bug_bounty.adb:175:07: info: initialization of "Reward" proved
anubis_bug_bounty.adb:178:34: info: overflow check proved
anubis_bug_bounty.adb:178:51: info: division check proved
anubis_bug_bounty.adb:183:36: info: division check proved
anubis_bug_bounty.ads:158:07: info: initialization of "State" proved
anubis_bug_bounty.ads:161:07: info: data dependencies proved
anubis_bug_bounty.ads:162:15: info: postcondition proved
anubis_bug_bounty.ads:195:07: info: initialization of "Result" proved
anubis_bug_bounty.ads:197:07: info: data dependencies proved
anubis_bug_bounty.ads:200:13: info: implicit aspect Always_Terminates on "Calculate_Reward" has been proved, subprogram will terminate
anubis_bug_bounty.ads:205:07: info: data dependencies proved
anubis_bug_bounty.ads:215:07: info: initialization of "Result" proved
anubis_bug_bounty.ads:217:07: info: data dependencies proved
anubis_bug_bounty.ads:224:13: info: implicit aspect Always_Terminates on "Get_Remaining_Pool" has been proved, subprogram will terminate
anubis_bug_bounty.ads:225:07: info: data dependencies proved
anubis_bug_bounty.ads:227:13: info: implicit aspect Always_Terminates on "Get_Reward_Range" has been proved, subprogram will terminate
anubis_bug_bounty.ads:228:07: info: data dependencies proved
anubis_bug_bounty.ads:234:36: info: initialization of "State" proved
anubis_bug_bounty.ads:235:07: info: data dependencies proved
anubis_bug_bounty.ads:237:30: info: initialization of "R" proved
anubis_bug_bounty.ads:238:07: info: data dependencies proved
