anubis_address.adb:16:07: info: initialization of "Result" proved
anubis_address.adb:333:07: info: initialization of "Payload_B32" proved
anubis_address.adb:334:07: info: initialization of "Chunked" proved
anubis_address.adb:337:15: info: length check proved

anubis_address.adb:338:14: warning: unused assignment
  338 |      Length := 0;
      |      ~~~~~~~^~~~
anubis_address.adb:344:33: info: overflow check proved
anubis_address.adb:344:33: info: index check proved
anubis_address.adb:356:07: info: initialization of "Payload_B32" proved
anubis_address.adb:357:07: info: initialization of "Checksum_Val" proved
anubis_address.adb:358:07: info: initialization of "Checksum_B32" proved
anubis_address.adb:361:16: info: length check proved

anubis_address.adb:362:14: warning: unused assignment
  362 |      Length := 0;
      |      ~~~~~~~^~~~
anubis_address.adb:369:35: info: overflow check proved
anubis_address.adb:369:35: info: index check proved
anubis_address.ads:44:13: info: implicit aspect Always_Terminates on "Create_Address" has been proved, subprogram will terminate
anubis_address.ads:49:07: info: data dependencies proved
anubis_address.ads:50:17: info: postcondition proved
anubis_address.ads:83:07: info: initialization of "Payload" proved
anubis_address.ads:84:07: info: initialization of "Length" proved
anubis_address.ads:86:07: info: data dependencies proved
anubis_address.ads:88:17: info: postcondition proved
anubis_address.ads:93:07: info: initialization of "Checksum" proved
anubis_address.ads:94:07: info: initialization of "Length" proved
anubis_address.ads:96:07: info: data dependencies proved
anubis_address.ads:98:17: info: postcondition proved
