anubis_mldsa_poly.adb:22:13: info: loop invariant initialization proved
anubis_mldsa_poly.adb:22:13: info: loop invariant preservation proved
anubis_mldsa_poly.adb:39:13: info: loop invariant initialization proved
anubis_mldsa_poly.adb:39:13: info: loop invariant preservation proved
anubis_mldsa_poly.adb:50:13: info: loop invariant preservation proved
anubis_mldsa_poly.adb:50:13: info: loop invariant initialization proved
anubis_mldsa_poly.adb:50:39: info: index check proved
anubis_mldsa_poly.adb:71:07: info: initialization of "R" proved
anubis_mldsa_poly.adb:77:44: info: division check proved
anubis_mldsa_poly.adb:78:25: info: assertion proved
anubis_mldsa_poly.adb:79:39: info: range check proved
anubis_mldsa_poly.adb:81:13: info: loop invariant initialization proved
anubis_mldsa_poly.adb:81:13: info: loop invariant preservation proved
anubis_mldsa_poly.adb:87:07: info: initialization of "Centered" proved
anubis_mldsa_poly.adb:91:13: info: overflow check proved
anubis_mldsa_poly.adb:219:07: info: initialization of "High" proved
anubis_mldsa_poly.adb:220:07: info: initialization of "Low" proved
anubis_mldsa_poly.adb:227:38: info: range check proved
anubis_mldsa_poly.adb:229:40: info: overflow check proved
anubis_mldsa_poly.adb:229:40: info: range check proved
anubis_mldsa_poly.adb:252:07: info: initialization of "High" proved
anubis_mldsa_poly.adb:253:07: info: initialization of "Low" proved
anubis_mldsa_poly.adb:259:38: info: range check proved
anubis_mldsa_poly.adb:261:40: info: overflow check proved
anubis_mldsa_poly.adb:261:40: info: range check proved
anubis_mldsa_poly.adb:296:07: info: initialization of "H" proved
anubis_mldsa_poly.adb:311:34: info: overflow check proved
anubis_mldsa_poly.ads:19:07: info: initialization of "Result" proved
anubis_mldsa_poly.ads:21:07: info: data dependencies proved
anubis_mldsa_poly.ads:22:15: info: postcondition proved
anubis_mldsa_poly.ads:28:07: info: initialization of "Result" proved
anubis_mldsa_poly.ads:30:07: info: data dependencies proved
anubis_mldsa_poly.ads:31:15: info: postcondition proved
anubis_mldsa_poly.ads:36:07: info: data dependencies proved
anubis_mldsa_poly.ads:37:15: info: postcondition proved
anubis_mldsa_poly.ads:41:07: info: data dependencies proved
anubis_mldsa_poly.ads:48:07: info: initialization of "Result" proved
anubis_mldsa_poly.ads:50:07: info: data dependencies proved
anubis_mldsa_poly.ads:52:15: info: postcondition proved
anubis_mldsa_poly.ads:55:13: info: implicit aspect Always_Terminates on "Poly_Chk_Norm" has been proved, subprogram will terminate
anubis_mldsa_poly.ads:56:07: info: data dependencies proved
anubis_mldsa_poly.ads:61:07: info: initialization of "Result" proved
anubis_mldsa_poly.ads:63:07: info: data dependencies proved
anubis_mldsa_poly.ads:68:07: info: initialization of "Result" proved
anubis_mldsa_poly.ads:70:07: info: data dependencies proved
anubis_mldsa_poly.ads:75:07: info: initialization of "Result" proved
anubis_mldsa_poly.ads:77:07: info: data dependencies proved
anubis_mldsa_poly.ads:82:07: info: initialization of "Result" proved
anubis_mldsa_poly.ads:84:07: info: data dependencies proved
anubis_mldsa_poly.ads:88:07: info: data dependencies proved
anubis_mldsa_poly.ads:92:07: info: data dependencies proved
anubis_mldsa_poly.ads:96:07: info: data dependencies proved
anubis_mldsa_poly.ads:100:07: info: data dependencies proved
anubis_mldsa_poly.ads:104:07: info: data dependencies proved
anubis_mldsa_poly.ads:108:07: info: data dependencies proved
anubis_mldsa_poly.ads:111:13: info: implicit aspect Always_Terminates on "Vec_Chk_Norm_L" has been proved, subprogram will terminate
anubis_mldsa_poly.ads:112:07: info: data dependencies proved
anubis_mldsa_poly.ads:115:13: info: implicit aspect Always_Terminates on "Vec_Chk_Norm_K" has been proved, subprogram will terminate
anubis_mldsa_poly.ads:116:07: info: data dependencies proved
anubis_mldsa_poly.ads:121:07: info: initialization of "A1" proved
anubis_mldsa_poly.ads:122:07: info: initialization of "A0" proved
anubis_mldsa_poly.ads:124:07: info: data dependencies proved
anubis_mldsa_poly.ads:129:07: info: initialization of "V1" proved
anubis_mldsa_poly.ads:130:07: info: initialization of "V0" proved
anubis_mldsa_poly.ads:132:07: info: data dependencies proved
anubis_mldsa_poly.ads:137:07: info: initialization of "A1" proved
anubis_mldsa_poly.ads:138:07: info: initialization of "A0" proved
anubis_mldsa_poly.ads:140:07: info: data dependencies proved
anubis_mldsa_poly.ads:145:07: info: initialization of "Result" proved
anubis_mldsa_poly.ads:147:07: info: data dependencies proved
anubis_mldsa_poly.ads:152:07: info: initialization of "Result" proved
anubis_mldsa_poly.ads:154:07: info: data dependencies proved
anubis_mldsa_poly.ads:159:07: info: initialization of "Hint" proved
anubis_mldsa_poly.ads:160:07: info: initialization of "Count" proved
anubis_mldsa_poly.ads:162:07: info: data dependencies proved
anubis_mldsa_poly.ads:167:07: info: initialization of "Result" proved
anubis_mldsa_poly.ads:169:07: info: data dependencies proved
