anubis_mldsa_field.adb:13:51: info: division check proved
anubis_mldsa_field.adb:16:22: info: assertion proved
anubis_mldsa_field.adb:17:27: info: range check proved
anubis_mldsa_field.adb:24:37: info: division check proved
anubis_mldsa_field.adb:27:22: info: assertion proved
anubis_mldsa_field.adb:28:27: info: range check proved
anubis_mldsa_field.adb:36:34: info: range check proved
anubis_mldsa_field.adb:38:30: info: range check proved
anubis_mldsa_field.adb:46:32: info: range check proved
anubis_mldsa_field.adb:48:36: info: range check proved
anubis_mldsa_field.adb:64:54: info: range check proved
anubis_mldsa_field.adb:66:58: info: range check proved
anubis_mldsa_field.adb:70:43: info: division check proved
anubis_mldsa_field.adb:73:22: info: assertion proved
anubis_mldsa_field.adb:74:29: info: range check proved
anubis_mldsa_field.adb:98:22: info: assertion proved
anubis_mldsa_field.adb:99:27: info: range check proved
anubis_mldsa_field.adb:105:51: info: division check proved
anubis_mldsa_field.adb:108:22: info: assertion proved
anubis_mldsa_field.adb:109:27: info: range check proved
anubis_mldsa_field.adb:133:07: info: initialization of "A0_Unsigned" proved
anubis_mldsa_field.adb:136:28: info: division check proved
anubis_mldsa_field.adb:147:36: info: overflow check proved
anubis_mldsa_field.adb:147:42: info: division check proved
anubis_mldsa_field.adb:147:42: info: range check proved
anubis_mldsa_field.adb:149:36: info: overflow check proved
anubis_mldsa_field.adb:149:39: info: overflow check proved
anubis_mldsa_field.adb:149:45: info: division check proved
anubis_mldsa_field.adb:149:45: info: range check proved
anubis_mldsa_field.adb:162:07: info: initialization of "A_Plus" proved
anubis_mldsa_field.adb:163:07: info: initialization of "A0_Centered" proved
anubis_mldsa_field.adb:164:07: info: initialization of "A1_Temp" proved
anubis_mldsa_field.adb:170:29: info: division check proved
anubis_mldsa_field.adb:172:37: info: overflow check proved
anubis_mldsa_field.adb:176:17: info: overflow check proved
anubis_mldsa_field.adb:178:28: info: overflow check proved
anubis_mldsa_field.adb:180:29: info: overflow check proved
anubis_mldsa_field.adb:180:44: info: division check proved
anubis_mldsa_field.adb:180:44: info: range check proved
anubis_mldsa_field.adb:181:29: info: range check proved
anubis_mldsa_field.adb:188:07: info: initialization of "A1" proved

anubis_mldsa_field.adb:191:25: warning: "A0" is set by "Decompose" but not used after the call
  191 |      Decompose (A, A1, A0);
      |                        ^~
anubis_mldsa_field.adb:198:07: info: initialization of "A0" proved

anubis_mldsa_field.adb:200:21: warning: "A1" is set by "Decompose" but not used after the call
  200 |      Decompose (A, A1, A0);
      |                    ^~
anubis_mldsa_field.adb:208:07: info: initialization of "RZ_Sum" proved
anubis_mldsa_field.adb:209:07: info: initialization of "RZ_High" proved
anubis_mldsa_field.adb:213:67: info: range check proved
anubis_mldsa_field.adb:215:35: info: range check proved
anubis_mldsa_field.adb:225:07: info: initialization of "R1" proved
anubis_mldsa_field.adb:226:07: info: initialization of "R0" proved
anubis_mldsa_field.ads:43:13: info: implicit aspect Always_Terminates on "Reduce" has been proved, subprogram will terminate
anubis_mldsa_field.ads:45:15: info: postcondition proved
anubis_mldsa_field.ads:48:13: info: implicit aspect Always_Terminates on "Barrett_Reduce" has been proved, subprogram will terminate
anubis_mldsa_field.ads:50:15: info: postcondition proved
anubis_mldsa_field.ads:53:13: info: implicit aspect Always_Terminates on "Add" has been proved, subprogram will terminate
anubis_mldsa_field.ads:55:15: info: postcondition proved
anubis_mldsa_field.ads:58:13: info: implicit aspect Always_Terminates on "Sub" has been proved, subprogram will terminate
anubis_mldsa_field.ads:60:15: info: postcondition proved
anubis_mldsa_field.ads:63:13: info: implicit aspect Always_Terminates on "Mul" has been proved, subprogram will terminate
anubis_mldsa_field.ads:65:15: info: postcondition proved
anubis_mldsa_field.ads:71:13: info: implicit aspect Always_Terminates on "Mont_Reduce" has been proved, subprogram will terminate
anubis_mldsa_field.ads:73:15: info: postcondition proved
anubis_mldsa_field.ads:77:13: info: implicit aspect Always_Terminates on "Mont_Mul" has been proved, subprogram will terminate
anubis_mldsa_field.ads:79:15: info: postcondition proved
anubis_mldsa_field.ads:83:13: info: implicit aspect Always_Terminates on "To_Mont" has been proved, subprogram will terminate
anubis_mldsa_field.ads:85:15: info: postcondition proved
anubis_mldsa_field.ads:88:13: info: implicit aspect Always_Terminates on "From_Mont" has been proved, subprogram will terminate
anubis_mldsa_field.ads:90:15: info: postcondition proved
anubis_mldsa_field.ads:95:13: info: implicit aspect Always_Terminates on "Freeze" has been proved, subprogram will terminate
anubis_mldsa_field.ads:97:15: info: postcondition proved
anubis_mldsa_field.ads:100:13: info: implicit aspect Always_Terminates on "Center" has been proved, subprogram will terminate
anubis_mldsa_field.ads:102:15: info: postcondition proved
anubis_mldsa_field.ads:107:07: info: initialization of "A1" proved
anubis_mldsa_field.ads:108:07: info: initialization of "A0" proved
anubis_mldsa_field.ads:110:15: info: postcondition proved
anubis_mldsa_field.ads:115:07: info: initialization of "A1" proved
anubis_mldsa_field.ads:116:07: info: initialization of "A0" proved
anubis_mldsa_field.ads:118:15: info: postcondition proved
anubis_mldsa_field.ads:121:13: info: implicit aspect Always_Terminates on "HighBits" has been proved, subprogram will terminate
anubis_mldsa_field.ads:125:13: info: implicit aspect Always_Terminates on "LowBits" has been proved, subprogram will terminate
anubis_mldsa_field.ads:127:15: info: postcondition proved
anubis_mldsa_field.ads:130:13: info: implicit aspect Always_Terminates on "MakeHint" has been proved, subprogram will terminate
anubis_mldsa_field.ads:134:13: info: implicit aspect Always_Terminates on "UseHint" has been proved, subprogram will terminate
