anubis_sha3.adb:14:33: info: loop invariant initialization proved
anubis_sha3.adb:14:33: info: loop invariant preservation proved
anubis_sha3.adb:16:50: info: range check proved
anubis_sha3.adb:17:75: info: overflow check proved
anubis_sha3.adb:17:75: info: index check proved
anubis_sha3.adb:28:43: info: range check proved
anubis_sha3.adb:29:42: info: range check proved
anubis_sha3.adb:32:09: info: length check proved
anubis_sha3.adb:34:33: info: loop invariant preservation proved
anubis_sha3.adb:34:33: info: loop invariant initialization proved
anubis_sha3.adb:35:33: info: loop invariant initialization proved
anubis_sha3.adb:35:33: info: loop invariant preservation proved
anubis_sha3.adb:36:33: info: loop invariant preservation proved
anubis_sha3.adb:36:33: info: loop invariant initialization proved
anubis_sha3.adb:38:50: info: range check proved
anubis_sha3.adb:41:24: info: overflow check proved
anubis_sha3.adb:41:24: info: index check proved
anubis_sha3.adb:41:46: info: range check proved
anubis_sha3.adb:52:45: info: division check proved
anubis_sha3.adb:52:45: info: range check proved
anubis_sha3.adb:56:33: info: loop invariant initialization proved
anubis_sha3.adb:56:33: info: loop invariant preservation proved
anubis_sha3.adb:58:54: info: division check proved
anubis_sha3.adb:58:54: info: range check proved
anubis_sha3.adb:59:54: info: division check proved
anubis_sha3.adb:59:54: info: range check proved
anubis_sha3.adb:60:49: info: range check proved
anubis_sha3.adb:60:68: info: overflow check proved
anubis_sha3.adb:60:72: info: overflow check proved
anubis_sha3.adb:60:91: info: overflow check proved
anubis_sha3.adb:60:95: info: overflow check proved
anubis_sha3.adb:60:99: info: overflow check proved
anubis_sha3.adb:61:43: info: precondition proved
anubis_sha3.adb:68:07: info: precondition proved
anubis_sha3.adb:77:45: info: division check proved
anubis_sha3.adb:77:45: info: range check proved
anubis_sha3.adb:78:53: info: range check proved
anubis_sha3.adb:79:52: info: range check proved
anubis_sha3.adb:82:14: info: length check proved
anubis_sha3.adb:85:33: info: loop invariant preservation proved
anubis_sha3.adb:85:33: info: loop invariant initialization proved
anubis_sha3.adb:86:33: info: loop invariant preservation proved
anubis_sha3.adb:86:33: info: loop invariant initialization proved
anubis_sha3.adb:87:33: info: loop invariant initialization proved
anubis_sha3.adb:87:33: info: loop invariant preservation proved
anubis_sha3.adb:89:54: info: division check proved
anubis_sha3.adb:89:54: info: range check proved
anubis_sha3.adb:90:54: info: division check proved
anubis_sha3.adb:90:54: info: range check proved
anubis_sha3.adb:92:13: info: initialization of "Out_Slice" proved
anubis_sha3.adb:94:13: info: precondition proved
anubis_sha3.adb:97:39: info: loop invariant initialization proved
anubis_sha3.adb:97:39: info: loop invariant preservation proved
anubis_sha3.adb:98:39: info: loop invariant initialization proved
anubis_sha3.adb:98:39: info: loop invariant preservation proved
anubis_sha3.adb:99:39: info: loop invariant initialization proved
anubis_sha3.adb:99:39: info: loop invariant preservation proved
anubis_sha3.adb:100:37: info: overflow check proved
anubis_sha3.adb:100:41: info: overflow check proved
anubis_sha3.adb:100:45: info: overflow check proved
anubis_sha3.adb:100:45: info: index check proved
anubis_sha3.adb:107:14: info: aspect Always_Terminates on "SHA3_Sponge" has been proved, subprogram will terminate
anubis_sha3.adb:109:07: info: initialization of "Digest" proved
anubis_sha3.adb:114:40: info: division check proved
anubis_sha3.adb:118:26: info: overflow check proved
anubis_sha3.adb:124:14: info: length check proved
anubis_sha3.adb:128:20: info: range check proved
anubis_sha3.adb:128:59: info: range check proved
anubis_sha3.adb:129:33: info: loop invariant preservation proved
anubis_sha3.adb:129:33: info: loop invariant initialization proved
anubis_sha3.adb:129:47: info: range check proved
anubis_sha3.adb:130:33: info: loop invariant preservation proved
anubis_sha3.adb:130:33: info: loop invariant initialization proved
anubis_sha3.adb:130:40: info: range check proved
anubis_sha3.adb:131:31: info: loop variant proved
anubis_sha3.adb:131:51: info: range check proved
anubis_sha3.adb:131:59: info: overflow check proved
anubis_sha3.adb:133:61: info: overflow check proved
anubis_sha3.adb:133:61: info: range check proved
anubis_sha3.adb:134:59: info: overflow check proved
anubis_sha3.adb:134:66: info: range check proved
anubis_sha3.adb:135:44: info: range check proved
anubis_sha3.adb:137:13: info: precondition proved
anubis_sha3.adb:138:24: info: overflow check proved
anubis_sha3.adb:144:49: info: range check proved
anubis_sha3.adb:144:57: info: overflow check proved
anubis_sha3.adb:144:57: info: range check proved
anubis_sha3.adb:145:10: info: range check proved
anubis_sha3.adb:145:54: info: length check proved
anubis_sha3.adb:149:36: info: loop invariant preservation proved
anubis_sha3.adb:149:36: info: loop invariant initialization proved
anubis_sha3.adb:150:26: info: index check proved
anubis_sha3.adb:150:55: info: overflow check proved
anubis_sha3.adb:150:61: info: overflow check proved
anubis_sha3.adb:150:61: info: index check proved
anubis_sha3.adb:155:23: info: index check proved
anubis_sha3.adb:158:28: info: index check proved
anubis_sha3.adb:158:54: info: index check proved
anubis_sha3.adb:160:10: info: precondition proved
anubis_sha3.adb:164:16: info: range check proved
anubis_sha3.adb:167:13: info: initialization of "Squeezed" proved
anubis_sha3.adb:167:13: info: range check proved
anubis_sha3.adb:169:13: info: precondition proved
anubis_sha3.adb:170:20: info: length check proved
anubis_sha3.adb:170:23: info: range check proved
anubis_sha3.adb:170:44: info: range check proved
anubis_sha3.adb:177:38: info: range check proved
anubis_sha3.adb:178:39: info: loop invariant preservation proved
anubis_sha3.adb:178:39: info: loop invariant initialization proved
anubis_sha3.adb:179:39: info: loop invariant initialization proved
anubis_sha3.adb:179:39: info: loop invariant preservation proved
anubis_sha3.adb:179:59: info: range check proved
anubis_sha3.adb:180:37: info: loop variant proved
anubis_sha3.adb:180:56: info: range check proved
anubis_sha3.adb:180:64: info: overflow check proved
anubis_sha3.adb:182:19: info: initialization of "Squeezed" proved
anubis_sha3.adb:182:19: info: range check proved
anubis_sha3.adb:183:57: info: range check proved
anubis_sha3.adb:183:75: info: range check proved
anubis_sha3.adb:183:83: info: overflow check proved
anubis_sha3.adb:185:19: info: precondition proved
anubis_sha3.adb:187:45: info: loop invariant preservation proved
anubis_sha3.adb:187:45: info: loop invariant initialization proved
anubis_sha3.adb:188:43: info: overflow check proved
anubis_sha3.adb:188:56: info: overflow check proved
anubis_sha3.adb:188:56: info: index check proved
anubis_sha3.adb:188:74: info: index check proved
anubis_sha3.adb:190:44: info: overflow check proved
anubis_sha3.adb:191:41: info: range check proved
anubis_sha3.adb:192:22: info: precondition proved
anubis_sha3.adb:206:07: info: precondition proved
anubis_sha3.adb:215:07: info: precondition proved
anubis_sha3.adb:224:07: info: precondition proved
anubis_sha3.adb:234:07: info: precondition proved
anubis_sha3.adb:238:14: info: aspect Always_Terminates on "SHAKE_Sponge" has been proved, subprogram will terminate
anubis_sha3.adb:240:07: info: initialization of "Output" proved
anubis_sha3.adb:246:40: info: division check proved
anubis_sha3.adb:250:26: info: overflow check proved
anubis_sha3.adb:250:41: info: overflow check proved
anubis_sha3.adb:255:53: info: range check proved
anubis_sha3.adb:256:52: info: range check proved
anubis_sha3.adb:259:14: info: length check proved
anubis_sha3.adb:263:20: info: range check proved
anubis_sha3.adb:263:59: info: range check proved
anubis_sha3.adb:264:33: info: loop invariant initialization proved
anubis_sha3.adb:264:33: info: loop invariant preservation proved
anubis_sha3.adb:264:47: info: range check proved
anubis_sha3.adb:265:33: info: loop invariant preservation proved
anubis_sha3.adb:265:33: info: loop invariant initialization proved
anubis_sha3.adb:265:40: info: range check proved
anubis_sha3.adb:266:33: info: loop invariant preservation proved
anubis_sha3.adb:266:33: info: loop invariant initialization proved
anubis_sha3.adb:267:33: info: loop invariant preservation proved
anubis_sha3.adb:267:33: info: loop invariant initialization proved
anubis_sha3.adb:268:31: info: loop variant proved
anubis_sha3.adb:268:51: info: range check proved
anubis_sha3.adb:268:59: info: overflow check proved
anubis_sha3.adb:270:61: info: overflow check proved
anubis_sha3.adb:270:61: info: range check proved
anubis_sha3.adb:271:59: info: overflow check proved
anubis_sha3.adb:271:66: info: range check proved
anubis_sha3.adb:272:44: info: range check proved
anubis_sha3.adb:274:13: info: precondition proved
anubis_sha3.adb:275:24: info: overflow check proved
anubis_sha3.adb:281:49: info: range check proved
anubis_sha3.adb:281:57: info: overflow check proved
anubis_sha3.adb:281:57: info: range check proved
anubis_sha3.adb:282:10: info: range check proved
anubis_sha3.adb:282:54: info: length check proved
anubis_sha3.adb:286:36: info: loop invariant initialization proved
anubis_sha3.adb:286:36: info: loop invariant preservation proved
anubis_sha3.adb:287:26: info: index check proved
anubis_sha3.adb:287:55: info: overflow check proved
anubis_sha3.adb:287:61: info: overflow check proved
anubis_sha3.adb:287:61: info: index check proved
anubis_sha3.adb:291:23: info: index check proved
anubis_sha3.adb:294:28: info: index check proved
anubis_sha3.adb:294:54: info: index check proved
anubis_sha3.adb:296:10: info: precondition proved
anubis_sha3.adb:301:33: info: loop invariant initialization proved
anubis_sha3.adb:301:33: info: loop invariant preservation proved
anubis_sha3.adb:302:33: info: loop invariant preservation proved
anubis_sha3.adb:302:33: info: loop invariant initialization proved
anubis_sha3.adb:303:33: info: loop invariant initialization proved
anubis_sha3.adb:303:33: info: loop invariant preservation proved
anubis_sha3.adb:304:33: info: loop invariant initialization proved
anubis_sha3.adb:304:33: info: loop invariant preservation proved
anubis_sha3.adb:305:31: info: loop variant proved
anubis_sha3.adb:305:58: info: overflow check proved
anubis_sha3.adb:308:13: info: initialization of "Squeezed" proved
anubis_sha3.adb:308:13: info: range check proved
anubis_sha3.adb:310:23: info: range check proved
anubis_sha3.adb:310:49: info: overflow check proved
anubis_sha3.adb:312:13: info: precondition proved
anubis_sha3.adb:316:39: info: loop invariant preservation proved
anubis_sha3.adb:316:39: info: loop invariant initialization proved
anubis_sha3.adb:317:39: info: loop invariant preservation proved
anubis_sha3.adb:317:39: info: loop invariant initialization proved
anubis_sha3.adb:318:39: info: loop invariant preservation proved
anubis_sha3.adb:318:39: info: loop invariant initialization proved
anubis_sha3.adb:319:37: info: overflow check proved
anubis_sha3.adb:319:50: info: overflow check proved
anubis_sha3.adb:319:50: info: index check proved
anubis_sha3.adb:319:68: info: index check proved
anubis_sha3.adb:322:38: info: overflow check proved
anubis_sha3.adb:326:16: info: precondition proved
anubis_sha3.adb:339:07: info: precondition proved
anubis_sha3.adb:349:07: info: precondition proved
anubis_sha3.ads:57:14: info: aspect Always_Terminates on "SHA3_256" has been proved, subprogram will terminate
anubis_sha3.ads:59:07: info: initialization of "Digest" proved
anubis_sha3.ads:61:07: info: data dependencies proved

anubis_sha3.ads:64:07: warning: postcondition does not check the outcome of calling "SHA3_256"
   64 |      Post => Digest'First = 0 and Digest'Last = 31;
      |      ^~~~~~~~~~~~~~~~~~~~~~~~~~~~~~~~~~~~~~~~~~~~~
anubis_sha3.ads:64:15: info: postcondition proved
anubis_sha3.ads:69:07: info: initialization of "Digest" proved
anubis_sha3.ads:71:07: info: data dependencies proved

anubis_sha3.ads:73:07: warning: postcondition does not check the outcome of calling "SHA3_384"
   73 |      Post => Digest'First = 0 and Digest'Last = 47;
      |      ^~~~~~~~~~~~~~~~~~~~~~~~~~~~~~~~~~~~~~~~~~~~~
anubis_sha3.ads:73:15: info: postcondition proved
anubis_sha3.ads:78:07: info: initialization of "Digest" proved
anubis_sha3.ads:80:07: info: data dependencies proved

anubis_sha3.ads:82:07: warning: postcondition does not check the outcome of calling "SHA3_512"
   82 |      Post => Digest'First = 0 and Digest'Last = 63;
      |      ^~~~~~~~~~~~~~~~~~~~~~~~~~~~~~~~~~~~~~~~~~~~~
anubis_sha3.ads:82:15: info: postcondition proved
anubis_sha3.ads:89:07: info: initialization of "Digest" proved
anubis_sha3.ads:91:07: info: data dependencies proved

anubis_sha3.ads:93:07: warning: postcondition does not check the outcome of calling "Keccak_256"
   93 |      Post => Digest'First = 0 and Digest'Last = 31;
      |      ^~~~~~~~~~~~~~~~~~~~~~~~~~~~~~~~~~~~~~~~~~~~~
anubis_sha3.ads:93:15: info: postcondition proved
anubis_sha3.ads:99:07: info: initialization of "Output" proved
anubis_sha3.ads:102:07: info: data dependencies proved
anubis_sha3.ads:104:20: info: range check proved
anubis_sha3.ads:105:15: info: postcondition proved
anubis_sha3.ads:109:14: info: aspect Always_Terminates on "SHAKE256" has been proved, subprogram will terminate
anubis_sha3.ads:111:07: info: initialization of "Output" proved
anubis_sha3.ads:114:07: info: data dependencies proved
anubis_sha3.ads:117:20: info: range check proved
anubis_sha3.ads:118:15: info: postcondition proved
anubis_sha3.ads:127:07: info: data dependencies proved
anubis_sha3.ads:128:59: info: division check proved
anubis_sha3.ads:130:28: info: range check proved
anubis_sha3.ads:136:07: info: initialization of "Output" proved
anubis_sha3.ads:139:07: info: data dependencies proved
anubis_sha3.ads:141:68: info: division check proved
anubis_sha3.ads:142:29: info: range check proved
anubis_sha3.ads:143:15: info: postcondition proved
anubis_sha3.ads:148:13: info: implicit aspect Always_Terminates on "Bytes_To_Lane" has been proved, subprogram will terminate
anubis_sha3.ads:149:07: info: data dependencies proved
anubis_sha3.ads:153:39: info: initialization of "B" proved
anubis_sha3.ads:154:07: info: data dependencies proved
anubis_sha3.ads:156:15: info: postcondition proved
