anubis_vesting.adb:29:15: info: overflow check proved
anubis_vesting.adb:30:38: info: overflow check proved
anubis_vesting.adb:30:38: info: index check proved
anubis_vesting.adb:118:19: info: index check proved
anubis_vesting.adb:161:07: info: initialization of "Blocks_Since_Unlock" proved
anubis_vesting.adb:162:07: info: initialization of "Vested" proved
anubis_vesting.adb:190:62: info: division check proved
anubis_vesting.adb:304:16: info: initialization of "Milestone_Available" proved
anubis_vesting.adb:341:07: info: precondition proved
anubis_vesting.adb:379:38: info: division check proved
anubis_vesting.adb:379:38: info: range check proved
anubis_vesting.adb:387:38: info: division check proved
anubis_vesting.adb:387:38: info: range check proved
anubis_vesting.adb:397:28: info: overflow check proved

anubis_vesting.adb:461:07: high: "Last_Update_Block" must be listed in the Global aspect of "Record_Weekly_Update" (SPARK RM 6.1.4(15))
  461 |      Last_Update_Block := Update.Timestamp;
      |      ^~~~~~~~~~~~~~~~~

anubis_vesting.adb:474:10: high: "Last_Update_Block" must be listed in the Global aspect of "Get_Update_Status" (SPARK RM 6.1.4(15))
  474 |      if Last_Update_Block = 0 then
      |         ^~~~~~~~~~~~~~~~~
anubis_vesting.adb:485:43: info: division check proved

anubis_vesting.adb:529:22: high: "NFT_Counter" must be listed in the Global aspect of "Mint_Proof_Of_Build" (SPARK RM 6.1.4(15))
  529 |      NFT_Counter := NFT_Counter + 1;
      |                     ^~~~~~~~~~~
anubis_vesting.adb:538:15: info: overflow check proved
anubis_vesting.adb:539:32: info: overflow check proved
anubis_vesting.adb:539:32: info: index check proved
anubis_vesting.adb:546:15: info: overflow check proved
anubis_vesting.adb:547:31: info: overflow check proved
anubis_vesting.adb:547:31: info: index check proved
anubis_vesting.adb:565:30: info: range check proved
anubis_vesting.adb:572:24: info: index check proved, in call inlined at anubis_vesting.adb:591
anubis_vesting.adb:572:24: info: index check proved, in call inlined at anubis_vesting.adb:592
anubis_vesting.adb:572:24: info: index check proved, in call inlined at anubis_vesting.adb:593
anubis_vesting.adb:572:24: info: index check proved, in call inlined at anubis_vesting.adb:594
anubis_vesting.adb:572:24: info: index check proved, in call inlined at anubis_vesting.adb:608
anubis_vesting.adb:572:24: info: index check proved, in call inlined at anubis_vesting.adb:609
anubis_vesting.adb:572:24: info: index check proved, in call inlined at anubis_vesting.adb:610
anubis_vesting.adb:572:46: info: division check proved, in call inlined at anubis_vesting.adb:591
anubis_vesting.adb:572:46: info: range check proved, in call inlined at anubis_vesting.adb:591
anubis_vesting.adb:572:46: info: division check proved, in call inlined at anubis_vesting.adb:592
anubis_vesting.adb:572:46: info: range check proved, in call inlined at anubis_vesting.adb:592
anubis_vesting.adb:572:46: info: division check proved, in call inlined at anubis_vesting.adb:593
anubis_vesting.adb:572:46: info: range check proved, in call inlined at anubis_vesting.adb:593
anubis_vesting.adb:572:46: info: division check proved, in call inlined at anubis_vesting.adb:594
anubis_vesting.adb:572:46: info: range check proved, in call inlined at anubis_vesting.adb:594
anubis_vesting.adb:572:46: info: division check proved, in call inlined at anubis_vesting.adb:608
anubis_vesting.adb:572:46: info: range check proved, in call inlined at anubis_vesting.adb:608
anubis_vesting.adb:572:46: info: division check proved, in call inlined at anubis_vesting.adb:609
anubis_vesting.adb:572:46: info: range check proved, in call inlined at anubis_vesting.adb:609
anubis_vesting.adb:572:46: info: division check proved, in call inlined at anubis_vesting.adb:610
anubis_vesting.adb:572:46: info: range check proved, in call inlined at anubis_vesting.adb:610
anubis_vesting.adb:573:23: info: division check proved, in call inlined at anubis_vesting.adb:591
anubis_vesting.adb:573:23: info: division check proved, in call inlined at anubis_vesting.adb:592
anubis_vesting.adb:573:23: info: division check proved, in call inlined at anubis_vesting.adb:593
anubis_vesting.adb:573:23: info: division check proved, in call inlined at anubis_vesting.adb:594
anubis_vesting.adb:573:23: info: division check proved, in call inlined at anubis_vesting.adb:608
anubis_vesting.adb:573:23: info: division check proved, in call inlined at anubis_vesting.adb:609
anubis_vesting.adb:573:23: info: division check proved, in call inlined at anubis_vesting.adb:610

anubis_vesting.adb:574:27: medium: overflow check might fail, in call inlined at anubis_vesting.adb:591
  574 |               Idx := Idx + 1;
      |                      ~~~~^~~
  reason for check: result of addition must fit in a 32-bits machine integer
  possible fix: loop at line 583 should mention Idx in a loop invariant
  583 |      for I in State.Builder_Address'Range loop
      |                                           ^ here

anubis_vesting.adb:574:27: medium: overflow check might fail, in call inlined at anubis_vesting.adb:592
  574 |               Idx := Idx + 1;
      |                      ~~~~^~~
  reason for check: result of addition must fit in a 32-bits machine integer
  possible fix: loop at line 583 should mention Idx in a loop invariant
  583 |      for I in State.Builder_Address'Range loop
      |                                           ^ here

anubis_vesting.adb:574:27: medium: overflow check might fail, in call inlined at anubis_vesting.adb:593
  574 |               Idx := Idx + 1;
      |                      ~~~~^~~
  reason for check: result of addition must fit in a 32-bits machine integer
  possible fix: loop at line 583 should mention Idx in a loop invariant
  583 |      for I in State.Builder_Address'Range loop
      |                                           ^ here

anubis_vesting.adb:574:27: medium: overflow check might fail, in call inlined at anubis_vesting.adb:594
  574 |               Idx := Idx + 1;
      |                      ~~~~^~~
  reason for check: result of addition must fit in a 32-bits machine integer
  possible fix: loop at line 583 should mention Idx in a loop invariant
  583 |      for I in State.Builder_Address'Range loop
      |                                           ^ here

anubis_vesting.adb:574:27: medium: overflow check might fail, in call inlined at anubis_vesting.adb:608
  574 |               Idx := Idx + 1;
      |                      ~~~~^~~
  reason for check: result of addition must fit in a 32-bits machine integer
  possible fix: loop at line 583 should mention Idx in a loop invariant
  583 |      for I in State.Builder_Address'Range loop
      |                                           ^ here

anubis_vesting.adb:574:27: medium: overflow check might fail, in call inlined at anubis_vesting.adb:609
  574 |               Idx := Idx + 1;
      |                      ~~~~^~~
  reason for check: result of addition must fit in a 32-bits machine integer
  possible fix: loop at line 583 should mention Idx in a loop invariant
  583 |      for I in State.Builder_Address'Range loop
      |                                           ^ here

anubis_vesting.adb:574:27: medium: overflow check might fail, in call inlined at anubis_vesting.adb:610
  574 |               Idx := Idx + 1;
      |                      ~~~~^~~
  reason for check: result of addition must fit in a 32-bits machine integer
  possible fix: loop at line 583 should mention Idx in a loop invariant
  583 |      for I in State.Builder_Address'Range loop
      |                                           ^ here
anubis_vesting.adb:580:14: info: length check proved

anubis_vesting.adb:585:21: medium: array index check might fail
  585 |            Output (Idx) := State.Builder_Address (I);
      |                    ^~~
  reason for check: value must be a valid index into the array
  possible fix: loop at line 583 should mention Idx in a loop invariant
  583 |      for I in State.Builder_Address'Range loop
      |                                           ^ here

anubis_vesting.adb:586:24: medium: overflow check might fail
  586 |            Idx := Idx + 1;
      |                   ~~~~^~~
  reason for check: result of addition must fit in a 32-bits machine integer
  possible fix: loop at line 583 should mention Idx in a loop invariant
  583 |      for I in State.Builder_Address'Range loop
      |                                           ^ here
anubis_vesting.adb:598:18: info: index check proved

anubis_vesting.adb:599:21: medium: overflow check might fail
  599 |         Idx := Idx + 1;
      |                ~~~~^~~
  reason for check: result of addition must fit in a 32-bits machine integer
  possible fix: loop at line 583 should mention Idx in a loop invariant
  583 |      for I in State.Builder_Address'Range loop
      |                                           ^ here
anubis_vesting.adb:605:21: info: index check proved

anubis_vesting.adb:606:24: medium: overflow check might fail
  606 |            Idx := Idx + 1;
      |                   ~~~~^~~
  reason for check: result of addition must fit in a 32-bits machine integer
  possible fix: loop at line 583 should mention Idx in a loop invariant
  583 |      for I in State.Builder_Address'Range loop
      |                                           ^ here
anubis_vesting.adb:613:21: info: overflow check proved
anubis_vesting.adb:613:21: info: range check proved

anubis_vesting.adb:621:29: medium: range check might fail
  621 |      Idx : Natural := Input'First;
      |                       ~~~~~^~~~~~
  e.g. when Input'Last = -2
  reason for check: default component value must fit in the type
  possible fix: add or complete related loop invariants or postconditions
anubis_vesting.adb:623:27: info: initialization of "Val" proved
anubis_vesting.adb:628:49: info: index check proved, in call inlined at anubis_vesting.adb:652
anubis_vesting.adb:628:49: info: index check proved, in call inlined at anubis_vesting.adb:653
anubis_vesting.adb:628:49: info: index check proved, in call inlined at anubis_vesting.adb:654
anubis_vesting.adb:628:49: info: index check proved, in call inlined at anubis_vesting.adb:655
anubis_vesting.adb:628:49: info: index check proved, in call inlined at anubis_vesting.adb:674
anubis_vesting.adb:628:49: info: index check proved, in call inlined at anubis_vesting.adb:675
anubis_vesting.adb:628:49: info: index check proved, in call inlined at anubis_vesting.adb:676

anubis_vesting.adb:629:27: medium: overflow check might fail, in call inlined at anubis_vesting.adb:652
  629 |               Idx := Idx + 1;
      |                      ~~~~^~~
  reason for check: result of addition must fit in a 32-bits machine integer
  possible fix: loop at line 644 should mention Idx in a loop invariant
  644 |      for I in State.Builder_Address'Range loop
      |                                           ^ here

anubis_vesting.adb:629:27: medium: overflow check might fail, in call inlined at anubis_vesting.adb:653
  629 |               Idx := Idx + 1;
      |                      ~~~~^~~
  reason for check: result of addition must fit in a 32-bits machine integer
  possible fix: loop at line 644 should mention Idx in a loop invariant
  644 |      for I in State.Builder_Address'Range loop
      |                                           ^ here

anubis_vesting.adb:629:27: medium: overflow check might fail, in call inlined at anubis_vesting.adb:654
  629 |               Idx := Idx + 1;
      |                      ~~~~^~~
  reason for check: result of addition must fit in a 32-bits machine integer
  possible fix: loop at line 644 should mention Idx in a loop invariant
  644 |      for I in State.Builder_Address'Range loop
      |                                           ^ here

anubis_vesting.adb:629:27: medium: overflow check might fail, in call inlined at anubis_vesting.adb:655
  629 |               Idx := Idx + 1;
      |                      ~~~~^~~
  reason for check: result of addition must fit in a 32-bits machine integer
  possible fix: loop at line 644 should mention Idx in a loop invariant
  644 |      for I in State.Builder_Address'Range loop
      |                                           ^ here

anubis_vesting.adb:629:27: medium: overflow check might fail, in call inlined at anubis_vesting.adb:674
  629 |               Idx := Idx + 1;
      |                      ~~~~^~~
  reason for check: result of addition must fit in a 32-bits machine integer
  possible fix: loop at line 644 should mention Idx in a loop invariant
  644 |      for I in State.Builder_Address'Range loop
      |                                           ^ here

anubis_vesting.adb:629:27: medium: overflow check might fail, in call inlined at anubis_vesting.adb:675
  629 |               Idx := Idx + 1;
      |                      ~~~~^~~
  reason for check: result of addition must fit in a 32-bits machine integer
  possible fix: loop at line 644 should mention Idx in a loop invariant
  644 |      for I in State.Builder_Address'Range loop
      |                                           ^ here

anubis_vesting.adb:629:27: medium: overflow check might fail, in call inlined at anubis_vesting.adb:676
  629 |               Idx := Idx + 1;
      |                      ~~~~^~~
  reason for check: result of addition must fit in a 32-bits machine integer
  possible fix: loop at line 644 should mention Idx in a loop invariant
  644 |      for I in State.Builder_Address'Range loop
      |                                           ^ here
anubis_vesting.adb:636:07: info: precondition proved

anubis_vesting.adb:646:49: medium: array index check might fail
  646 |            State.Builder_Address (I) := Input (Idx);
      |                                                ^~~
  reason for check: value must be a valid index into the array
  possible fix: loop at line 644 should mention Idx in a loop invariant
  644 |      for I in State.Builder_Address'Range loop
      |                                           ^ here

anubis_vesting.adb:647:24: medium: overflow check might fail
  647 |            Idx := Idx + 1;
      |                   ~~~~^~~
  reason for check: result of addition must fit in a 32-bits machine integer
  possible fix: loop at line 644 should mention Idx in a loop invariant
  644 |      for I in State.Builder_Address'Range loop
      |                                           ^ here
anubis_vesting.adb:659:38: info: index check proved

anubis_vesting.adb:660:21: medium: overflow check might fail
  660 |         Idx := Idx + 1;
      |                ~~~~^~~
  reason for check: result of addition must fit in a 32-bits machine integer
  possible fix: loop at line 644 should mention Idx in a loop invariant
  644 |      for I in State.Builder_Address'Range loop
      |                                           ^ here
anubis_vesting.adb:666:32: info: index check proved
anubis_vesting.adb:670:41: info: range check proved
anubis_vesting.adb:670:57: info: index check proved

anubis_vesting.adb:672:24: medium: overflow check might fail
  672 |            Idx := Idx + 1;
      |                   ~~~~^~~
  reason for check: result of addition must fit in a 32-bits machine integer
  possible fix: loop at line 644 should mention Idx in a loop invariant
  644 |      for I in State.Builder_Address'Range loop
      |                                           ^ here
anubis_vesting.ads:187:07: info: initialization of "State" proved
anubis_vesting.ads:190:07: info: data dependencies proved
anubis_vesting.ads:192:15: info: postcondition proved
anubis_vesting.ads:205:07: info: initialization of "Result" proved
anubis_vesting.ads:207:07: info: data dependencies proved
anubis_vesting.ads:209:15: info: postcondition proved
anubis_vesting.ads:217:07: info: initialization of "Result" proved
anubis_vesting.ads:219:07: info: data dependencies proved
anubis_vesting.ads:221:15: info: postcondition proved
anubis_vesting.ads:225:13: info: implicit aspect Always_Terminates on "Previous_Milestones_Complete" has been proved, subprogram will terminate
anubis_vesting.ads:229:07: info: data dependencies proved
anubis_vesting.ads:236:13: info: implicit aspect Always_Terminates on "Calculate_Vested" has been proved, subprogram will terminate
anubis_vesting.ads:240:07: info: data dependencies proved
anubis_vesting.ads:241:15: info: postcondition proved
anubis_vesting.ads:244:13: info: implicit aspect Always_Terminates on "Total_Vested_Amount" has been proved, subprogram will terminate
anubis_vesting.ads:247:07: info: data dependencies proved
anubis_vesting.ads:248:15: info: postcondition proved
anubis_vesting.ads:251:13: info: implicit aspect Always_Terminates on "Claimable_Amount" has been proved, subprogram will terminate
anubis_vesting.ads:254:07: info: data dependencies proved
anubis_vesting.ads:261:07: info: data dependencies proved
anubis_vesting.ads:263:15: info: postcondition proved
anubis_vesting.ads:274:07: info: initialization of "Result" proved
anubis_vesting.ads:276:07: info: data dependencies proved
anubis_vesting.ads:279:15: info: postcondition proved
anubis_vesting.ads:286:07: info: initialization of "Released" proved
anubis_vesting.ads:287:07: info: initialization of "Result" proved
anubis_vesting.ads:289:07: info: data dependencies proved
anubis_vesting.ads:297:13: info: implicit aspect Always_Terminates on "Get_Milestone_Status" has been proved, subprogram will terminate
anubis_vesting.ads:301:07: info: data dependencies proved
anubis_vesting.ads:304:13: info: implicit aspect Always_Terminates on "Get_Milestone_Allocation" has been proved, subprogram will terminate
anubis_vesting.ads:307:07: info: data dependencies proved
anubis_vesting.ads:308:15: info: postcondition proved
anubis_vesting.ads:311:13: info: implicit aspect Always_Terminates on "Get_Vesting_Progress" has been proved, subprogram will terminate
anubis_vesting.ads:315:07: info: data dependencies proved
anubis_vesting.ads:316:15: info: postcondition proved
anubis_vesting.ads:319:13: info: implicit aspect Always_Terminates on "Get_Overall_Progress" has been proved, subprogram will terminate
anubis_vesting.ads:322:07: info: data dependencies proved
anubis_vesting.ads:323:15: info: postcondition proved
anubis_vesting.ads:326:13: info: implicit aspect Always_Terminates on "Completed_Milestones" has been proved, subprogram will terminate
anubis_vesting.ads:329:07: info: data dependencies proved
anubis_vesting.ads:330:15: info: postcondition proved
anubis_vesting.ads:337:13: info: implicit aspect Always_Terminates on "Verify_GNATprove_Hash" has been proved, subprogram will terminate
anubis_vesting.ads:341:07: info: data dependencies proved
anubis_vesting.ads:345:13: info: implicit aspect Always_Terminates on "Verify_Audit_Signature" has been proved, subprogram will terminate
anubis_vesting.ads:351:07: info: data dependencies proved
anubis_vesting.ads:356:13: info: implicit aspect Always_Terminates on "Verify_Oracle_Attestation" has been proved, subprogram will terminate
anubis_vesting.ads:360:07: info: data dependencies proved
anubis_vesting.ads:404:13: info: implicit aspect Always_Terminates on "Get_Vesting_Rate" has been proved, subprogram will terminate
anubis_vesting.ads:408:07: info: data dependencies proved
anubis_vesting.ads:409:15: info: postcondition proved
anubis_vesting.ads:446:07: info: initialization of "Output" proved
anubis_vesting.ads:447:07: info: initialization of "Length" proved
anubis_vesting.ads:449:07: info: data dependencies proved
anubis_vesting.ads:455:07: info: initialization of "State" proved
anubis_vesting.ads:456:07: info: initialization of "Success" proved
anubis_vesting.ads:458:07: info: data dependencies proved
anubis_vesting.ads:464:37: info: initialization of "State" proved
anubis_vesting.ads:465:07: info: data dependencies proved
anubis_vesting.ads:467:33: info: initialization of "Milestone" proved
anubis_vesting.ads:468:07: info: data dependencies proved
anubis_vesting.ads:470:34: info: initialization of "Submission" proved
anubis_vesting.ads:471:07: info: data dependencies proved
