
anubis_treasury.adb:152:27: high: "Proposal_Counter" must be listed in the Global aspect of "Create_Spending_Proposal" (SPARK RM 6.1.4(15))
  152 |      Proposal_Counter := Proposal_Counter + 1;
      |                          ^~~~~~~~~~~~~~~~
anubis_treasury.adb:161:15: info: overflow check proved
anubis_treasury.adb:162:34: info: overflow check proved
anubis_treasury.adb:162:34: info: index check proved
anubis_treasury.adb:171:15: info: overflow check proved
anubis_treasury.adb:172:36: info: overflow check proved
anubis_treasury.adb:172:36: info: index check proved
anubis_treasury.adb:178:15: info: overflow check proved
anubis_treasury.adb:179:42: info: overflow check proved
anubis_treasury.adb:179:42: info: index check proved
anubis_treasury.adb:185:15: info: overflow check proved
anubis_treasury.adb:186:35: info: overflow check proved
anubis_treasury.adb:186:35: info: index check proved
anubis_treasury.adb:219:48: info: overflow check proved

anubis_treasury.adb:291:27: high: "Proposal_Counter" must be listed in the Global aspect of "Create_Parameter_Proposal" (SPARK RM 6.1.4(15))
  291 |      Proposal_Counter := Proposal_Counter + 1;
      |                          ^~~~~~~~~~~~~~~~
anubis_treasury.adb:300:15: info: overflow check proved
anubis_treasury.adb:301:34: info: overflow check proved
anubis_treasury.adb:301:34: info: index check proved
anubis_treasury.adb:310:15: info: overflow check proved
anubis_treasury.adb:311:36: info: overflow check proved
anubis_treasury.adb:311:36: info: index check proved
anubis_treasury.adb:317:15: info: overflow check proved
anubis_treasury.adb:318:42: info: overflow check proved
anubis_treasury.adb:318:42: info: index check proved
anubis_treasury.adb:335:48: info: overflow check proved
anubis_treasury.adb:345:07: info: initialization of "Pct_BP" proved
anubis_treasury.adb:352:35: info: division check proved
anubis_treasury.adb:381:07: info: initialization of "Quorum_BP" proved
anubis_treasury.adb:390:54: info: division check proved
anubis_treasury.adb:486:07: info: initialization of "Total_Votes" proved
anubis_treasury.adb:487:07: info: initialization of "Required" proved
anubis_treasury.adb:498:07: info: initialization of "Total_Votes" proved
anubis_treasury.adb:499:07: info: initialization of "Required_BP" proved
anubis_treasury.adb:500:07: info: initialization of "Required_Votes" proved
anubis_treasury.adb:508:67: info: division check proved
anubis_treasury.adb:517:44: info: division check proved

anubis_treasury.adb:517:44: high: range check might fail
  517 |      return Natural ((Votes_For * 10_000) / Total_Votes);
      |                      ~~~~~~~~~~~~~~~~~~~~~^~~~~~~~~~~~~
  e.g. when Total_Votes = 1431655763
        and Votes_For = 128204871311851887
  reason for check: result of division must be convertible to the target type of the conversion
  possible fix: add precondition ((Votes_For * 10_000) / Total_Votes in Natural) to subprogram at anubis_treasury.ads:362
  362 |   function Vote_Percentage (
      |            ^ here
anubis_treasury.adb:639:51: info: range check proved
anubis_treasury.adb:681:51: info: range check proved
anubis_treasury.adb:758:51: info: range check proved
anubis_treasury.adb:852:15: info: overflow check proved
anubis_treasury.adb:853:52: info: overflow check proved
anubis_treasury.adb:853:52: info: index check proved
anubis_treasury.adb:872:15: info: overflow check proved
anubis_treasury.adb:873:45: info: overflow check proved

anubis_treasury.adb:873:45: medium: array index check might fail
  873 |            if Address (I) /= Builder_PK (I - Address'First) then
      |                                          ~~^~~~~~~~~~~~~~~
  e.g. when Address'First = 0
        and Address'Last = 31
        and Builder_PK'First = 1
        and Builder_PK'Last = 32
        and I = 0
  reason for check: result of subtraction must be a valid index into the array
anubis_treasury.adb:886:18: info: precondition proved
anubis_treasury.adb:905:66: info: division check proved
anubis_treasury.adb:917:30: info: range check proved
anubis_treasury.adb:924:24: info: index check proved, in call inlined at anubis_treasury.adb:934
anubis_treasury.adb:924:24: info: index check proved, in call inlined at anubis_treasury.adb:935
anubis_treasury.adb:924:24: info: index check proved, in call inlined at anubis_treasury.adb:936
anubis_treasury.adb:924:24: info: index check proved, in call inlined at anubis_treasury.adb:937
anubis_treasury.adb:924:24: info: index check proved, in call inlined at anubis_treasury.adb:944
anubis_treasury.adb:924:24: info: index check proved, in call inlined at anubis_treasury.adb:945
anubis_treasury.adb:924:24: info: index check proved, in call inlined at anubis_treasury.adb:946
anubis_treasury.adb:924:24: info: index check proved, in call inlined at anubis_treasury.adb:947
anubis_treasury.adb:924:24: info: index check proved, in call inlined at anubis_treasury.adb:948
anubis_treasury.adb:924:24: info: index check proved, in call inlined at anubis_treasury.adb:949
anubis_treasury.adb:924:24: info: index check proved, in call inlined at anubis_treasury.adb:950
anubis_treasury.adb:924:24: info: index check proved, in call inlined at anubis_treasury.adb:951
anubis_treasury.adb:924:46: info: division check proved, in call inlined at anubis_treasury.adb:934
anubis_treasury.adb:924:46: info: range check proved, in call inlined at anubis_treasury.adb:934
anubis_treasury.adb:924:46: info: division check proved, in call inlined at anubis_treasury.adb:935
anubis_treasury.adb:924:46: info: range check proved, in call inlined at anubis_treasury.adb:935
anubis_treasury.adb:924:46: info: division check proved, in call inlined at anubis_treasury.adb:936
anubis_treasury.adb:924:46: info: range check proved, in call inlined at anubis_treasury.adb:936
anubis_treasury.adb:924:46: info: division check proved, in call inlined at anubis_treasury.adb:937
anubis_treasury.adb:924:46: info: range check proved, in call inlined at anubis_treasury.adb:937
anubis_treasury.adb:924:46: info: division check proved, in call inlined at anubis_treasury.adb:944
anubis_treasury.adb:924:46: info: range check proved, in call inlined at anubis_treasury.adb:944
anubis_treasury.adb:924:46: info: division check proved, in call inlined at anubis_treasury.adb:945
anubis_treasury.adb:924:46: info: range check proved, in call inlined at anubis_treasury.adb:945
anubis_treasury.adb:924:46: info: division check proved, in call inlined at anubis_treasury.adb:946
anubis_treasury.adb:924:46: info: range check proved, in call inlined at anubis_treasury.adb:946
anubis_treasury.adb:924:46: info: division check proved, in call inlined at anubis_treasury.adb:947
anubis_treasury.adb:924:46: info: range check proved, in call inlined at anubis_treasury.adb:947
anubis_treasury.adb:924:46: info: division check proved, in call inlined at anubis_treasury.adb:948
anubis_treasury.adb:924:46: info: range check proved, in call inlined at anubis_treasury.adb:948
anubis_treasury.adb:924:46: info: division check proved, in call inlined at anubis_treasury.adb:949
anubis_treasury.adb:924:46: info: range check proved, in call inlined at anubis_treasury.adb:949
anubis_treasury.adb:924:46: info: division check proved, in call inlined at anubis_treasury.adb:950
anubis_treasury.adb:924:46: info: range check proved, in call inlined at anubis_treasury.adb:950
anubis_treasury.adb:924:46: info: division check proved, in call inlined at anubis_treasury.adb:951
anubis_treasury.adb:924:46: info: range check proved, in call inlined at anubis_treasury.adb:951
anubis_treasury.adb:925:23: info: division check proved, in call inlined at anubis_treasury.adb:934
anubis_treasury.adb:925:23: info: division check proved, in call inlined at anubis_treasury.adb:935
anubis_treasury.adb:925:23: info: division check proved, in call inlined at anubis_treasury.adb:936
anubis_treasury.adb:925:23: info: division check proved, in call inlined at anubis_treasury.adb:937
anubis_treasury.adb:925:23: info: division check proved, in call inlined at anubis_treasury.adb:944
anubis_treasury.adb:925:23: info: division check proved, in call inlined at anubis_treasury.adb:945
anubis_treasury.adb:925:23: info: division check proved, in call inlined at anubis_treasury.adb:946
anubis_treasury.adb:925:23: info: division check proved, in call inlined at anubis_treasury.adb:947
anubis_treasury.adb:925:23: info: division check proved, in call inlined at anubis_treasury.adb:948
anubis_treasury.adb:925:23: info: division check proved, in call inlined at anubis_treasury.adb:949
anubis_treasury.adb:925:23: info: division check proved, in call inlined at anubis_treasury.adb:950
anubis_treasury.adb:925:23: info: division check proved, in call inlined at anubis_treasury.adb:951
anubis_treasury.adb:926:27: info: overflow check proved, in call inlined at anubis_treasury.adb:934
anubis_treasury.adb:926:27: info: overflow check proved, in call inlined at anubis_treasury.adb:935
anubis_treasury.adb:926:27: info: overflow check proved, in call inlined at anubis_treasury.adb:936
anubis_treasury.adb:926:27: info: overflow check proved, in call inlined at anubis_treasury.adb:937
anubis_treasury.adb:926:27: info: overflow check proved, in call inlined at anubis_treasury.adb:944
anubis_treasury.adb:926:27: info: overflow check proved, in call inlined at anubis_treasury.adb:945
anubis_treasury.adb:926:27: info: overflow check proved, in call inlined at anubis_treasury.adb:946
anubis_treasury.adb:926:27: info: overflow check proved, in call inlined at anubis_treasury.adb:947
anubis_treasury.adb:926:27: info: overflow check proved, in call inlined at anubis_treasury.adb:948
anubis_treasury.adb:926:27: info: overflow check proved, in call inlined at anubis_treasury.adb:949
anubis_treasury.adb:926:27: info: overflow check proved, in call inlined at anubis_treasury.adb:950
anubis_treasury.adb:926:27: info: overflow check proved, in call inlined at anubis_treasury.adb:951
anubis_treasury.adb:932:14: info: length check proved
anubis_treasury.adb:940:18: info: index check proved

anubis_treasury.adb:940:43: high: range check might fail
  940 |         Output (Idx) := Unsigned_8 (State.Active_Count);
      |                                     ~~~~~^~~~~~~~~~~~~
  e.g. when State.Total_Allocation = Unsigned_64'Last
        and State.Current_Balance = Unsigned_64'Last
        and State.Total_Spent = Unsigned_64'Last
        and State.Total_Burned = Unsigned_64'Last
        and State.Active_Proposals = (others => (ID => Unsigned_64'Last, Category => Small_Grant, Prop_Type => Spending, State => Draft, Proposer => (others => Byte'Last), Bond_Amount => Unsigned_64'Last, Bond_Returned => False, Title_Hash => (others => Byte'Last), Description_Hash => (others => Byte'Last), IPFS_Link => (others => Byte'Last), Recipient => (others => Byte'Last), Request_Amount => Unsigned_64'Last, Vesting_Period => Unsigned_64'Last, Votes_For => Unsigned_64'Last, Votes_Against => Unsigned_64'Last, Votes_Abstain => Unsigned_64'Last, Unique_Voters => 0, Created_At => Unsigned_64'Last, Voting_Start => Unsigned_64'Last, Voting_End => Unsigned_64'Last, Timelock_End => Unsigned_64'Last, Executed_At => Unsigned_64'Last))
  reason for check: value must be convertible to the target type of the conversion
  possible fix: add precondition (State.Active_Count in Unsigned_8) to subprogram at anubis_treasury.ads:533
  533 |   procedure Serialize_Treasury_State (
      |             ^ here
anubis_treasury.adb:941:21: info: overflow check proved
anubis_treasury.adb:953:21: info: overflow check proved
anubis_treasury.adb:953:21: info: range check proved

anubis_treasury.adb:961:29: medium: range check might fail
  961 |      Idx : Natural := Input'First;
      |                       ~~~~~^~~~~~
  e.g. when Input'Last = -2
  reason for check: default component value must fit in the type
  possible fix: add or complete related loop invariants or postconditions
anubis_treasury.adb:963:27: info: initialization of "Val" proved
anubis_treasury.adb:968:49: info: index check proved, in call inlined at anubis_treasury.adb:982
anubis_treasury.adb:968:49: info: index check proved, in call inlined at anubis_treasury.adb:983
anubis_treasury.adb:968:49: info: index check proved, in call inlined at anubis_treasury.adb:984
anubis_treasury.adb:968:49: info: index check proved, in call inlined at anubis_treasury.adb:985
anubis_treasury.adb:968:49: info: index check proved, in call inlined at anubis_treasury.adb:992
anubis_treasury.adb:968:49: info: index check proved, in call inlined at anubis_treasury.adb:993
anubis_treasury.adb:968:49: info: index check proved, in call inlined at anubis_treasury.adb:994
anubis_treasury.adb:968:49: info: index check proved, in call inlined at anubis_treasury.adb:995
anubis_treasury.adb:968:49: info: index check proved, in call inlined at anubis_treasury.adb:996
anubis_treasury.adb:968:49: info: index check proved, in call inlined at anubis_treasury.adb:997
anubis_treasury.adb:968:49: info: index check proved, in call inlined at anubis_treasury.adb:998
anubis_treasury.adb:968:49: info: index check proved, in call inlined at anubis_treasury.adb:999
anubis_treasury.adb:969:27: info: overflow check proved, in call inlined at anubis_treasury.adb:982
anubis_treasury.adb:969:27: info: overflow check proved, in call inlined at anubis_treasury.adb:983
anubis_treasury.adb:969:27: info: overflow check proved, in call inlined at anubis_treasury.adb:984
anubis_treasury.adb:969:27: info: overflow check proved, in call inlined at anubis_treasury.adb:985
anubis_treasury.adb:969:27: info: overflow check proved, in call inlined at anubis_treasury.adb:992
anubis_treasury.adb:969:27: info: overflow check proved, in call inlined at anubis_treasury.adb:993
anubis_treasury.adb:969:27: info: overflow check proved, in call inlined at anubis_treasury.adb:994
anubis_treasury.adb:969:27: info: overflow check proved, in call inlined at anubis_treasury.adb:995
anubis_treasury.adb:969:27: info: overflow check proved, in call inlined at anubis_treasury.adb:996
anubis_treasury.adb:969:27: info: overflow check proved, in call inlined at anubis_treasury.adb:997
anubis_treasury.adb:969:27: info: overflow check proved, in call inlined at anubis_treasury.adb:998
anubis_treasury.adb:969:27: info: overflow check proved, in call inlined at anubis_treasury.adb:999
anubis_treasury.adb:988:48: info: index check proved
anubis_treasury.adb:989:21: info: overflow check proved
anubis_treasury.adb:1009:30: info: range check proved
anubis_treasury.adb:1016:24: info: index check proved, in call inlined at anubis_treasury.adb:1026
anubis_treasury.adb:1016:24: info: index check proved, in call inlined at anubis_treasury.adb:1051
anubis_treasury.adb:1016:24: info: index check proved, in call inlined at anubis_treasury.adb:1052
anubis_treasury.adb:1016:24: info: index check proved, in call inlined at anubis_treasury.adb:1053
anubis_treasury.adb:1016:24: info: index check proved, in call inlined at anubis_treasury.adb:1054
anubis_treasury.adb:1016:24: info: index check proved, in call inlined at anubis_treasury.adb:1055
anubis_treasury.adb:1016:24: info: index check proved, in call inlined at anubis_treasury.adb:1056
anubis_treasury.adb:1016:24: info: index check proved, in call inlined at anubis_treasury.adb:1057
anubis_treasury.adb:1016:24: info: index check proved, in call inlined at anubis_treasury.adb:1058
anubis_treasury.adb:1016:46: info: division check proved, in call inlined at anubis_treasury.adb:1026
anubis_treasury.adb:1016:46: info: range check proved, in call inlined at anubis_treasury.adb:1026
anubis_treasury.adb:1016:46: info: division check proved, in call inlined at anubis_treasury.adb:1051
anubis_treasury.adb:1016:46: info: range check proved, in call inlined at anubis_treasury.adb:1051
anubis_treasury.adb:1016:46: info: division check proved, in call inlined at anubis_treasury.adb:1052
anubis_treasury.adb:1016:46: info: range check proved, in call inlined at anubis_treasury.adb:1052
anubis_treasury.adb:1016:46: info: division check proved, in call inlined at anubis_treasury.adb:1053
anubis_treasury.adb:1016:46: info: range check proved, in call inlined at anubis_treasury.adb:1053
anubis_treasury.adb:1016:46: info: division check proved, in call inlined at anubis_treasury.adb:1054
anubis_treasury.adb:1016:46: info: range check proved, in call inlined at anubis_treasury.adb:1054
anubis_treasury.adb:1016:46: info: division check proved, in call inlined at anubis_treasury.adb:1055
anubis_treasury.adb:1016:46: info: range check proved, in call inlined at anubis_treasury.adb:1055
anubis_treasury.adb:1016:46: info: division check proved, in call inlined at anubis_treasury.adb:1056
anubis_treasury.adb:1016:46: info: range check proved, in call inlined at anubis_treasury.adb:1056
anubis_treasury.adb:1016:46: info: division check proved, in call inlined at anubis_treasury.adb:1057
anubis_treasury.adb:1016:46: info: range check proved, in call inlined at anubis_treasury.adb:1057
anubis_treasury.adb:1016:46: info: division check proved, in call inlined at anubis_treasury.adb:1058
anubis_treasury.adb:1016:46: info: range check proved, in call inlined at anubis_treasury.adb:1058
anubis_treasury.adb:1017:23: info: division check proved, in call inlined at anubis_treasury.adb:1026
anubis_treasury.adb:1017:23: info: division check proved, in call inlined at anubis_treasury.adb:1051
anubis_treasury.adb:1017:23: info: division check proved, in call inlined at anubis_treasury.adb:1052
anubis_treasury.adb:1017:23: info: division check proved, in call inlined at anubis_treasury.adb:1053
anubis_treasury.adb:1017:23: info: division check proved, in call inlined at anubis_treasury.adb:1054
anubis_treasury.adb:1017:23: info: division check proved, in call inlined at anubis_treasury.adb:1055
anubis_treasury.adb:1017:23: info: division check proved, in call inlined at anubis_treasury.adb:1056
anubis_treasury.adb:1017:23: info: division check proved, in call inlined at anubis_treasury.adb:1057
anubis_treasury.adb:1017:23: info: division check proved, in call inlined at anubis_treasury.adb:1058
anubis_treasury.adb:1018:27: info: overflow check proved, in call inlined at anubis_treasury.adb:1026

anubis_treasury.adb:1018:27: medium: overflow check might fail, in call inlined at anubis_treasury.adb:1051
 1018 |               Idx := Idx + 1;
      |                      ~~~~^~~
  reason for check: result of addition must fit in a 32-bits machine integer
  possible fix: loop at line 1044 should mention Idx in a loop invariant
 1044 |      for I in Proposal.Proposer'Range loop
      |                                       ^ here

anubis_treasury.adb:1018:27: medium: overflow check might fail, in call inlined at anubis_treasury.adb:1052
 1018 |               Idx := Idx + 1;
      |                      ~~~~^~~
  reason for check: result of addition must fit in a 32-bits machine integer
  possible fix: loop at line 1044 should mention Idx in a loop invariant
 1044 |      for I in Proposal.Proposer'Range loop
      |                                       ^ here

anubis_treasury.adb:1018:27: medium: overflow check might fail, in call inlined at anubis_treasury.adb:1053
 1018 |               Idx := Idx + 1;
      |                      ~~~~^~~
  reason for check: result of addition must fit in a 32-bits machine integer
  possible fix: loop at line 1044 should mention Idx in a loop invariant
 1044 |      for I in Proposal.Proposer'Range loop
      |                                       ^ here

anubis_treasury.adb:1018:27: medium: overflow check might fail, in call inlined at anubis_treasury.adb:1054
 1018 |               Idx := Idx + 1;
      |                      ~~~~^~~
  reason for check: result of addition must fit in a 32-bits machine integer
  possible fix: loop at line 1044 should mention Idx in a loop invariant
 1044 |      for I in Proposal.Proposer'Range loop
      |                                       ^ here

anubis_treasury.adb:1018:27: medium: overflow check might fail, in call inlined at anubis_treasury.adb:1055
 1018 |               Idx := Idx + 1;
      |                      ~~~~^~~
  reason for check: result of addition must fit in a 32-bits machine integer
  possible fix: loop at line 1044 should mention Idx in a loop invariant
 1044 |      for I in Proposal.Proposer'Range loop
      |                                       ^ here

anubis_treasury.adb:1018:27: medium: overflow check might fail, in call inlined at anubis_treasury.adb:1056
 1018 |               Idx := Idx + 1;
      |                      ~~~~^~~
  reason for check: result of addition must fit in a 32-bits machine integer
  possible fix: loop at line 1044 should mention Idx in a loop invariant
 1044 |      for I in Proposal.Proposer'Range loop
      |                                       ^ here

anubis_treasury.adb:1018:27: medium: overflow check might fail, in call inlined at anubis_treasury.adb:1057
 1018 |               Idx := Idx + 1;
      |                      ~~~~^~~
  reason for check: result of addition must fit in a 32-bits machine integer
  possible fix: loop at line 1044 should mention Idx in a loop invariant
 1044 |      for I in Proposal.Proposer'Range loop
      |                                       ^ here

anubis_treasury.adb:1018:27: medium: overflow check might fail, in call inlined at anubis_treasury.adb:1058
 1018 |               Idx := Idx + 1;
      |                      ~~~~^~~
  reason for check: result of addition must fit in a 32-bits machine integer
  possible fix: loop at line 1044 should mention Idx in a loop invariant
 1044 |      for I in Proposal.Proposer'Range loop
      |                                       ^ here
anubis_treasury.adb:1024:14: info: length check proved
anubis_treasury.adb:1029:18: info: index check proved
anubis_treasury.adb:1030:21: info: overflow check proved
anubis_treasury.adb:1034:18: info: index check proved
anubis_treasury.adb:1035:21: info: overflow check proved
anubis_treasury.adb:1039:18: info: index check proved
anubis_treasury.adb:1040:21: info: overflow check proved

anubis_treasury.adb:1046:21: medium: array index check might fail
 1046 |            Output (Idx) := Proposal.Proposer (I);
      |                    ^~~
  reason for check: value must be a valid index into the array
  possible fix: loop at line 1044 should mention Idx in a loop invariant
 1044 |      for I in Proposal.Proposer'Range loop
      |                                       ^ here

anubis_treasury.adb:1047:24: medium: overflow check might fail
 1047 |            Idx := Idx + 1;
      |                   ~~~~^~~
  reason for check: result of addition must fit in a 32-bits machine integer
  possible fix: loop at line 1044 should mention Idx in a loop invariant
 1044 |      for I in Proposal.Proposer'Range loop
      |                                       ^ here
anubis_treasury.adb:1060:21: info: overflow check proved
anubis_treasury.adb:1060:21: info: range check proved

anubis_treasury.adb:1068:29: medium: range check might fail
 1068 |      Idx : Natural := Input'First;
      |                       ~~~~~^~~~~~
  e.g. when Input'Last = -2
  reason for check: default component value must fit in the type
  possible fix: add or complete related loop invariants or postconditions
anubis_treasury.adb:1070:27: info: initialization of "Val" proved
anubis_treasury.adb:1075:49: info: index check proved, in call inlined at anubis_treasury.adb:1113
anubis_treasury.adb:1075:49: info: index check proved, in call inlined at anubis_treasury.adb:1144
anubis_treasury.adb:1075:49: info: index check proved, in call inlined at anubis_treasury.adb:1145
anubis_treasury.adb:1075:49: info: index check proved, in call inlined at anubis_treasury.adb:1146
anubis_treasury.adb:1075:49: info: index check proved, in call inlined at anubis_treasury.adb:1147
anubis_treasury.adb:1075:49: info: index check proved, in call inlined at anubis_treasury.adb:1148
anubis_treasury.adb:1075:49: info: index check proved, in call inlined at anubis_treasury.adb:1149
anubis_treasury.adb:1075:49: info: index check proved, in call inlined at anubis_treasury.adb:1150
anubis_treasury.adb:1075:49: info: index check proved, in call inlined at anubis_treasury.adb:1151
anubis_treasury.adb:1076:27: info: overflow check proved, in call inlined at anubis_treasury.adb:1113

anubis_treasury.adb:1076:27: medium: overflow check might fail, in call inlined at anubis_treasury.adb:1144
 1076 |               Idx := Idx + 1;
      |                      ~~~~^~~
  reason for check: result of addition must fit in a 32-bits machine integer
  possible fix: loop at line 1137 should mention Idx in a loop invariant
 1137 |      for I in Proposal.Proposer'Range loop
      |                                       ^ here

anubis_treasury.adb:1076:27: medium: overflow check might fail, in call inlined at anubis_treasury.adb:1145
 1076 |               Idx := Idx + 1;
      |                      ~~~~^~~
  reason for check: result of addition must fit in a 32-bits machine integer
  possible fix: loop at line 1137 should mention Idx in a loop invariant
 1137 |      for I in Proposal.Proposer'Range loop
      |                                       ^ here

anubis_treasury.adb:1076:27: medium: overflow check might fail, in call inlined at anubis_treasury.adb:1146
 1076 |               Idx := Idx + 1;
      |                      ~~~~^~~
  reason for check: result of addition must fit in a 32-bits machine integer
  possible fix: loop at line 1137 should mention Idx in a loop invariant
 1137 |      for I in Proposal.Proposer'Range loop
      |                                       ^ here

anubis_treasury.adb:1076:27: medium: overflow check might fail, in call inlined at anubis_treasury.adb:1147
 1076 |               Idx := Idx + 1;
      |                      ~~~~^~~
  reason for check: result of addition must fit in a 32-bits machine integer
  possible fix: loop at line 1137 should mention Idx in a loop invariant
 1137 |      for I in Proposal.Proposer'Range loop
      |                                       ^ here

anubis_treasury.adb:1076:27: medium: overflow check might fail, in call inlined at anubis_treasury.adb:1148
 1076 |               Idx := Idx + 1;
      |                      ~~~~^~~
  reason for check: result of addition must fit in a 32-bits machine integer
  possible fix: loop at line 1137 should mention Idx in a loop invariant
 1137 |      for I in Proposal.Proposer'Range loop
      |                                       ^ here

anubis_treasury.adb:1076:27: medium: overflow check might fail, in call inlined at anubis_treasury.adb:1149
 1076 |               Idx := Idx + 1;
      |                      ~~~~^~~
  reason for check: result of addition must fit in a 32-bits machine integer
  possible fix: loop at line 1137 should mention Idx in a loop invariant
 1137 |      for I in Proposal.Proposer'Range loop
      |                                       ^ here

anubis_treasury.adb:1076:27: medium: overflow check might fail, in call inlined at anubis_treasury.adb:1150
 1076 |               Idx := Idx + 1;
      |                      ~~~~^~~
  reason for check: result of addition must fit in a 32-bits machine integer
  possible fix: loop at line 1137 should mention Idx in a loop invariant
 1137 |      for I in Proposal.Proposer'Range loop
      |                                       ^ here

anubis_treasury.adb:1076:27: medium: overflow check might fail, in call inlined at anubis_treasury.adb:1151
 1076 |               Idx := Idx + 1;
      |                      ~~~~^~~
  reason for check: result of addition must fit in a 32-bits machine integer
  possible fix: loop at line 1137 should mention Idx in a loop invariant
 1137 |      for I in Proposal.Proposer'Range loop
      |                                       ^ here
anubis_treasury.adb:1116:29: info: index check proved
anubis_treasury.adb:1117:57: info: range check proved
anubis_treasury.adb:1117:73: info: index check proved
anubis_treasury.adb:1119:21: info: overflow check proved
anubis_treasury.adb:1123:29: info: index check proved
anubis_treasury.adb:1124:54: info: range check proved
anubis_treasury.adb:1124:70: info: index check proved
anubis_treasury.adb:1126:21: info: overflow check proved
anubis_treasury.adb:1130:29: info: index check proved
anubis_treasury.adb:1131:51: info: range check proved
anubis_treasury.adb:1131:67: info: index check proved
anubis_treasury.adb:1133:21: info: overflow check proved

anubis_treasury.adb:1139:45: medium: array index check might fail
 1139 |            Proposal.Proposer (I) := Input (Idx);
      |                                            ^~~
  reason for check: value must be a valid index into the array
  possible fix: loop at line 1137 should mention Idx in a loop invariant
 1137 |      for I in Proposal.Proposer'Range loop
      |                                       ^ here

anubis_treasury.adb:1140:24: medium: overflow check might fail
 1140 |            Idx := Idx + 1;
      |                   ~~~~^~~
  reason for check: result of addition must fit in a 32-bits machine integer
  possible fix: loop at line 1137 should mention Idx in a loop invariant
 1137 |      for I in Proposal.Proposer'Range loop
      |                                       ^ here
anubis_treasury.ads:241:07: info: initialization of "State" proved
anubis_treasury.ads:244:07: info: data dependencies proved
anubis_treasury.ads:245:15: info: postcondition proved
anubis_treasury.ads:288:13: info: implicit aspect Always_Terminates on "Categorize_Proposal" has been proved, subprogram will terminate
anubis_treasury.ads:292:07: info: data dependencies proved
anubis_treasury.ads:295:13: info: implicit aspect Always_Terminates on "Get_Required_Bond" has been proved, subprogram will terminate
anubis_treasury.ads:298:07: info: data dependencies proved
anubis_treasury.ads:301:13: info: implicit aspect Always_Terminates on "Get_Required_Quorum" has been proved, subprogram will terminate
anubis_treasury.ads:305:07: info: data dependencies proved
anubis_treasury.ads:308:13: info: implicit aspect Always_Terminates on "Get_Required_Threshold" has been proved, subprogram will terminate
anubis_treasury.ads:311:07: info: data dependencies proved
anubis_treasury.ads:312:15: info: postcondition proved
anubis_treasury.ads:326:07: info: initialization of "Result" proved
anubis_treasury.ads:328:07: info: data dependencies proved
anubis_treasury.ads:339:07: info: initialization of "Success" proved
anubis_treasury.ads:341:07: info: data dependencies proved
anubis_treasury.ads:347:13: info: implicit aspect Always_Terminates on "Quorum_Reached" has been proved, subprogram will terminate
anubis_treasury.ads:352:07: info: data dependencies proved
anubis_treasury.ads:355:13: info: implicit aspect Always_Terminates on "Threshold_Reached" has been proved, subprogram will terminate
anubis_treasury.ads:359:07: info: data dependencies proved
anubis_treasury.ads:362:13: info: implicit aspect Always_Terminates on "Vote_Percentage" has been proved, subprogram will terminate
anubis_treasury.ads:366:07: info: data dependencies proved

anubis_treasury.ads:368:15: high: postcondition might fail
  368 |      Post => Vote_Percentage'Result <= 10000;
      |              ^~~~~~~~~~~~~~~~~~~~~~~~~~~~~~~
  e.g. when Vote_Percentage'Result = 12384
anubis_treasury.ads:379:07: info: initialization of "Success" proved
anubis_treasury.ads:381:07: info: data dependencies proved
anubis_treasury.ads:388:07: info: initialization of "Result" proved
anubis_treasury.ads:390:07: info: data dependencies proved
anubis_treasury.ads:398:07: info: initialization of "Success" proved
anubis_treasury.ads:400:07: info: data dependencies proved
anubis_treasury.ads:408:07: info: initialization of "Success" proved
anubis_treasury.ads:410:07: info: data dependencies proved
anubis_treasury.ads:416:07: info: initialization of "Success" proved
anubis_treasury.ads:418:07: info: data dependencies proved
anubis_treasury.ads:430:07: info: initialization of "Success" proved
anubis_treasury.ads:432:07: info: data dependencies proved
anubis_treasury.ads:442:07: info: initialization of "Success" proved
anubis_treasury.ads:444:07: info: data dependencies proved
anubis_treasury.ads:453:13: info: implicit aspect Always_Terminates on "Get_Balance" has been proved, subprogram will terminate
anubis_treasury.ads:454:07: info: data dependencies proved
anubis_treasury.ads:455:15: info: postcondition proved
anubis_treasury.ads:458:13: info: implicit aspect Always_Terminates on "Get_Total_Spent" has been proved, subprogram will terminate
anubis_treasury.ads:459:07: info: data dependencies proved
anubis_treasury.ads:460:15: info: postcondition proved
anubis_treasury.ads:463:13: info: implicit aspect Always_Terminates on "Get_Active_Count" has been proved, subprogram will terminate
anubis_treasury.ads:464:07: info: data dependencies proved
anubis_treasury.ads:465:15: info: postcondition proved
anubis_treasury.ads:471:07: info: initialization of "Proposal" proved
anubis_treasury.ads:472:07: info: initialization of "Found" proved
anubis_treasury.ads:474:07: info: data dependencies proved
anubis_treasury.ads:477:13: info: implicit aspect Always_Terminates on "Is_Proposer" has been proved, subprogram will terminate
anubis_treasury.ads:481:07: info: data dependencies proved
anubis_treasury.ads:492:13: info: implicit aspect Always_Terminates on "Is_Builder_Address" has been proved, subprogram will terminate
anubis_treasury.ads:496:07: info: data dependencies proved
anubis_treasury.ads:501:13: info: implicit aspect Always_Terminates on "Verify_Non_Builder" has been proved, subprogram will terminate
anubis_treasury.ads:505:07: info: data dependencies proved
anubis_treasury.ads:508:15: info: postcondition proved
anubis_treasury.ads:509:20: info: precondition proved
anubis_treasury.ads:520:07: info: data dependencies proved
anubis_treasury.ads:521:15: info: postcondition proved
anubis_treasury.ads:524:13: info: implicit aspect Always_Terminates on "Available_Spend_Capacity" has been proved, subprogram will terminate
anubis_treasury.ads:527:07: info: data dependencies proved
anubis_treasury.ads:535:07: info: initialization of "Output" proved
anubis_treasury.ads:536:07: info: initialization of "Length" proved
anubis_treasury.ads:538:07: info: data dependencies proved
anubis_treasury.ads:543:07: info: initialization of "State" proved
anubis_treasury.ads:544:07: info: initialization of "Success" proved
anubis_treasury.ads:546:07: info: data dependencies proved
anubis_treasury.ads:550:07: info: initialization of "Output" proved
anubis_treasury.ads:551:07: info: initialization of "Length" proved
anubis_treasury.ads:553:07: info: data dependencies proved
anubis_treasury.ads:558:07: info: initialization of "Proposal" proved
anubis_treasury.ads:559:07: info: initialization of "Success" proved
anubis_treasury.ads:561:07: info: data dependencies proved
anubis_treasury.ads:567:38: info: initialization of "State" proved
anubis_treasury.ads:568:07: info: data dependencies proved
anubis_treasury.ads:570:32: info: initialization of "Proposal" proved
anubis_treasury.ads:571:07: info: data dependencies proved
anubis_treasury.ads:573:28: info: initialization of "Vote" proved
anubis_treasury.ads:574:07: info: data dependencies proved
