anubis_address_derive.adb:27:33: info: loop invariant initialization proved
anubis_address_derive.adb:27:33: info: loop invariant preservation proved
anubis_address_derive.adb:28:21: info: index check proved
anubis_address_derive.adb:29:21: info: overflow check proved
anubis_address_derive.adb:36:21: info: index check proved
anubis_address_derive.adb:36:47: info: index check proved
anubis_address_derive.adb:37:21: info: overflow check proved
anubis_address_derive.adb:40:21: info: range check proved
anubis_address_derive.adb:49:07: info: initialization of "Domain_Sep" proved
anubis_address_derive.adb:50:07: info: initialization of "Domain_Length" proved
anubis_address_derive.adb:57:07: info: initialization of "Message_Length" proved
anubis_address_derive.adb:58:07: info: initialization of "Digest" proved
anubis_address_derive.adb:65:33: info: loop invariant preservation proved
anubis_address_derive.adb:65:33: info: loop invariant initialization proved
anubis_address_derive.adb:66:19: info: index check proved
anubis_address_derive.adb:66:54: info: overflow check proved
anubis_address_derive.adb:66:54: info: index check proved
anubis_address_derive.adb:71:33: info: loop invariant initialization proved
anubis_address_derive.adb:71:33: info: loop invariant preservation proved
anubis_address_derive.adb:71:47: info: overflow check proved
anubis_address_derive.adb:72:33: info: overflow check proved
anubis_address_derive.adb:72:33: info: index check proved
anubis_address_derive.adb:75:39: info: overflow check proved
anubis_address_derive.adb:78:07: info: precondition proved
anubis_address_derive.adb:78:17: info: range check proved
anubis_address_derive.adb:82:33: info: loop invariant initialization proved
anubis_address_derive.adb:82:33: info: loop invariant preservation proved
anubis_address_derive.ads:44:07: info: initialization of "Account" proved
anubis_address_derive.ads:46:07: info: data dependencies proved
anubis_address_derive.ads:57:07: info: initialization of "Separator" proved
anubis_address_derive.ads:58:07: info: initialization of "Length" proved
anubis_address_derive.ads:60:07: info: data dependencies proved
anubis_address_derive.ads:61:17: info: postcondition proved
