anubis_developer_rewards.adb:85:15: info: overflow check proved
anubis_developer_rewards.adb:86:41: info: overflow check proved
anubis_developer_rewards.adb:86:41: info: index check proved
anubis_developer_rewards.adb:97:15: info: overflow check proved
anubis_developer_rewards.adb:98:41: info: overflow check proved
anubis_developer_rewards.adb:98:41: info: index check proved
anubis_developer_rewards.adb:106:15: info: overflow check proved
anubis_developer_rewards.adb:107:40: info: overflow check proved
anubis_developer_rewards.adb:107:40: info: index check proved
anubis_developer_rewards.adb:193:07: info: initialization of "Range_Size" proved
anubis_developer_rewards.adb:194:07: info: initialization of "Score_Factor" proved
anubis_developer_rewards.adb:195:07: info: initialization of "Reward" proved
anubis_developer_rewards.adb:198:71: info: division check proved
anubis_developer_rewards.adb:207:62: info: division check proved
anubis_developer_rewards.adb:215:56: info: division check proved
anubis_developer_rewards.ads:26:04: info: flow dependencies proved
anubis_developer_rewards.ads:158:07: info: initialization of "State" proved
anubis_developer_rewards.ads:161:07: info: data dependencies proved
anubis_developer_rewards.ads:162:15: info: postcondition proved
anubis_developer_rewards.ads:177:07: info: initialization of "Contribution" proved
anubis_developer_rewards.ads:178:07: info: initialization of "Result" proved
anubis_developer_rewards.ads:180:07: info: data dependencies proved
anubis_developer_rewards.ads:195:07: info: initialization of "Result" proved
anubis_developer_rewards.ads:197:07: info: data dependencies proved
anubis_developer_rewards.ads:207:07: info: data dependencies proved
anubis_developer_rewards.ads:211:13: info: implicit aspect Always_Terminates on "Calculate_Reward" has been proved, subprogram will terminate
anubis_developer_rewards.ads:217:07: info: data dependencies proved
anubis_developer_rewards.ads:226:07: info: initialization of "Success" proved
anubis_developer_rewards.ads:228:07: info: data dependencies proved
anubis_developer_rewards.ads:236:13: info: implicit aspect Always_Terminates on "Get_Remaining_Pool" has been proved, subprogram will terminate
anubis_developer_rewards.ads:239:07: info: data dependencies proved
anubis_developer_rewards.ads:241:13: info: implicit aspect Always_Terminates on "Get_Reward_Range" has been proved, subprogram will terminate
anubis_developer_rewards.ads:244:07: info: data dependencies proved
anubis_developer_rewards.ads:250:39: info: initialization of "State" proved
anubis_developer_rewards.ads:251:07: info: data dependencies proved
anubis_developer_rewards.ads:253:36: info: initialization of "C" proved
anubis_developer_rewards.ads:254:07: info: data dependencies proved
