anubis_dead_man_switch.adb:26:15: info: overflow check proved
anubis_dead_man_switch.adb:27:38: info: overflow check proved
anubis_dead_man_switch.adb:27:38: info: index check proved
anubis_dead_man_switch.adb:112:07: info: initialization of "Time_Since" proved
anubis_dead_man_switch.adb:142:07: info: initialization of "Time_Since" proved
anubis_dead_man_switch.adb:180:07: info: precondition proved
anubis_dead_man_switch.adb:201:18: info: overflow check proved
anubis_dead_man_switch.adb:202:41: info: overflow check proved
anubis_dead_man_switch.adb:202:41: info: index check proved
anubis_dead_man_switch.adb:281:07: info: initialization of "Total_Votes" proved
anubis_dead_man_switch.adb:282:07: info: initialization of "Threshold_Votes" proved
anubis_dead_man_switch.adb:299:69: info: division check proved
anubis_dead_man_switch.adb:311:21: info: overflow check proved
anubis_dead_man_switch.adb:312:44: info: overflow check proved
anubis_dead_man_switch.adb:312:44: info: index check proved
anubis_dead_man_switch.adb:430:15: info: overflow check proved
anubis_dead_man_switch.adb:431:35: info: overflow check proved
anubis_dead_man_switch.adb:431:35: info: index check proved
anubis_dead_man_switch.adb:475:15: info: overflow check proved
anubis_dead_man_switch.adb:476:35: info: overflow check proved
anubis_dead_man_switch.adb:476:35: info: index check proved
anubis_dead_man_switch.adb:542:07: info: initialization of "Max_Change" proved
anubis_dead_man_switch.adb:543:07: info: initialization of "Difference" proved
anubis_dead_man_switch.adb:546:63: info: division check proved
anubis_dead_man_switch.adb:575:21: info: overflow check proved
anubis_dead_man_switch.adb:576:50: info: overflow check proved
anubis_dead_man_switch.adb:576:50: info: index check proved
anubis_dead_man_switch.adb:583:21: info: overflow check proved
anubis_dead_man_switch.adb:584:50: info: overflow check proved
anubis_dead_man_switch.adb:584:50: info: index check proved
anubis_dead_man_switch.adb:593:58: info: overflow check proved
anubis_dead_man_switch.adb:620:55: info: range check proved
anubis_dead_man_switch.adb:655:15: info: overflow check proved
anubis_dead_man_switch.adb:657:49: info: overflow check proved
anubis_dead_man_switch.adb:657:49: info: index check proved
anubis_dead_man_switch.adb:692:10: info: precondition proved
anubis_dead_man_switch.adb:724:30: info: range check proved
anubis_dead_man_switch.adb:731:24: info: index check proved, in call inlined at anubis_dead_man_switch.adb:760
anubis_dead_man_switch.adb:731:24: info: index check proved, in call inlined at anubis_dead_man_switch.adb:761
anubis_dead_man_switch.adb:731:24: info: index check proved, in call inlined at anubis_dead_man_switch.adb:762
anubis_dead_man_switch.adb:731:24: info: index check proved, in call inlined at anubis_dead_man_switch.adb:763
anubis_dead_man_switch.adb:731:24: info: index check proved, in call inlined at anubis_dead_man_switch.adb:764
anubis_dead_man_switch.adb:731:24: info: index check proved, in call inlined at anubis_dead_man_switch.adb:772
anubis_dead_man_switch.adb:731:24: info: index check proved, in call inlined at anubis_dead_man_switch.adb:773
anubis_dead_man_switch.adb:731:24: info: index check proved, in call inlined at anubis_dead_man_switch.adb:781
anubis_dead_man_switch.adb:731:24: info: index check proved, in call inlined at anubis_dead_man_switch.adb:782
anubis_dead_man_switch.adb:731:24: info: index check proved, in call inlined at anubis_dead_man_switch.adb:783
anubis_dead_man_switch.adb:731:24: info: index check proved, in call inlined at anubis_dead_man_switch.adb:786
anubis_dead_man_switch.adb:731:46: info: division check proved, in call inlined at anubis_dead_man_switch.adb:760
anubis_dead_man_switch.adb:731:46: info: range check proved, in call inlined at anubis_dead_man_switch.adb:760
anubis_dead_man_switch.adb:731:46: info: division check proved, in call inlined at anubis_dead_man_switch.adb:761
anubis_dead_man_switch.adb:731:46: info: range check proved, in call inlined at anubis_dead_man_switch.adb:761
anubis_dead_man_switch.adb:731:46: info: division check proved, in call inlined at anubis_dead_man_switch.adb:762
anubis_dead_man_switch.adb:731:46: info: range check proved, in call inlined at anubis_dead_man_switch.adb:762
anubis_dead_man_switch.adb:731:46: info: division check proved, in call inlined at anubis_dead_man_switch.adb:763
anubis_dead_man_switch.adb:731:46: info: range check proved, in call inlined at anubis_dead_man_switch.adb:763
anubis_dead_man_switch.adb:731:46: info: division check proved, in call inlined at anubis_dead_man_switch.adb:764
anubis_dead_man_switch.adb:731:46: info: range check proved, in call inlined at anubis_dead_man_switch.adb:764
anubis_dead_man_switch.adb:731:46: info: division check proved, in call inlined at anubis_dead_man_switch.adb:772
anubis_dead_man_switch.adb:731:46: info: range check proved, in call inlined at anubis_dead_man_switch.adb:772
anubis_dead_man_switch.adb:731:46: info: division check proved, in call inlined at anubis_dead_man_switch.adb:773
anubis_dead_man_switch.adb:731:46: info: range check proved, in call inlined at anubis_dead_man_switch.adb:773
anubis_dead_man_switch.adb:731:46: info: division check proved, in call inlined at anubis_dead_man_switch.adb:781
anubis_dead_man_switch.adb:731:46: info: range check proved, in call inlined at anubis_dead_man_switch.adb:781
anubis_dead_man_switch.adb:731:46: info: division check proved, in call inlined at anubis_dead_man_switch.adb:782
anubis_dead_man_switch.adb:731:46: info: range check proved, in call inlined at anubis_dead_man_switch.adb:782
anubis_dead_man_switch.adb:731:46: info: division check proved, in call inlined at anubis_dead_man_switch.adb:783
anubis_dead_man_switch.adb:731:46: info: range check proved, in call inlined at anubis_dead_man_switch.adb:783
anubis_dead_man_switch.adb:731:46: info: division check proved, in call inlined at anubis_dead_man_switch.adb:786
anubis_dead_man_switch.adb:731:46: info: range check proved, in call inlined at anubis_dead_man_switch.adb:786
anubis_dead_man_switch.adb:732:23: info: division check proved, in call inlined at anubis_dead_man_switch.adb:760
anubis_dead_man_switch.adb:732:23: info: division check proved, in call inlined at anubis_dead_man_switch.adb:761
anubis_dead_man_switch.adb:732:23: info: division check proved, in call inlined at anubis_dead_man_switch.adb:762
anubis_dead_man_switch.adb:732:23: info: division check proved, in call inlined at anubis_dead_man_switch.adb:763
anubis_dead_man_switch.adb:732:23: info: division check proved, in call inlined at anubis_dead_man_switch.adb:764
anubis_dead_man_switch.adb:732:23: info: division check proved, in call inlined at anubis_dead_man_switch.adb:772
anubis_dead_man_switch.adb:732:23: info: division check proved, in call inlined at anubis_dead_man_switch.adb:773
anubis_dead_man_switch.adb:732:23: info: division check proved, in call inlined at anubis_dead_man_switch.adb:781
anubis_dead_man_switch.adb:732:23: info: division check proved, in call inlined at anubis_dead_man_switch.adb:782
anubis_dead_man_switch.adb:732:23: info: division check proved, in call inlined at anubis_dead_man_switch.adb:783
anubis_dead_man_switch.adb:732:23: info: division check proved, in call inlined at anubis_dead_man_switch.adb:786

anubis_dead_man_switch.adb:733:27: medium: overflow check might fail, in call inlined at anubis_dead_man_switch.adb:760
  733 |               Idx := Idx + 1;
      |                      ~~~~^~~
  reason for check: result of addition must fit in a 32-bits machine integer
  possible fix: loop at line 742 should mention Idx in a loop invariant
  742 |      for I in State.Builder_PK_Hash'Range loop
      |                                           ^ here

anubis_dead_man_switch.adb:733:27: medium: overflow check might fail, in call inlined at anubis_dead_man_switch.adb:761
  733 |               Idx := Idx + 1;
      |                      ~~~~^~~
  reason for check: result of addition must fit in a 32-bits machine integer
  possible fix: loop at line 742 should mention Idx in a loop invariant
  742 |      for I in State.Builder_PK_Hash'Range loop
      |                                           ^ here

anubis_dead_man_switch.adb:733:27: medium: overflow check might fail, in call inlined at anubis_dead_man_switch.adb:762
  733 |               Idx := Idx + 1;
      |                      ~~~~^~~
  reason for check: result of addition must fit in a 32-bits machine integer
  possible fix: loop at line 742 should mention Idx in a loop invariant
  742 |      for I in State.Builder_PK_Hash'Range loop
      |                                           ^ here

anubis_dead_man_switch.adb:733:27: medium: overflow check might fail, in call inlined at anubis_dead_man_switch.adb:763
  733 |               Idx := Idx + 1;
      |                      ~~~~^~~
  reason for check: result of addition must fit in a 32-bits machine integer
  possible fix: loop at line 742 should mention Idx in a loop invariant
  742 |      for I in State.Builder_PK_Hash'Range loop
      |                                           ^ here

anubis_dead_man_switch.adb:733:27: medium: overflow check might fail, in call inlined at anubis_dead_man_switch.adb:764
  733 |               Idx := Idx + 1;
      |                      ~~~~^~~
  reason for check: result of addition must fit in a 32-bits machine integer
  possible fix: loop at line 742 should mention Idx in a loop invariant
  742 |      for I in State.Builder_PK_Hash'Range loop
      |                                           ^ here

anubis_dead_man_switch.adb:733:27: medium: overflow check might fail, in call inlined at anubis_dead_man_switch.adb:772
  733 |               Idx := Idx + 1;
      |                      ~~~~^~~
  reason for check: result of addition must fit in a 32-bits machine integer
  possible fix: loop at line 742 should mention Idx in a loop invariant
  742 |      for I in State.Builder_PK_Hash'Range loop
      |                                           ^ here

anubis_dead_man_switch.adb:733:27: medium: overflow check might fail, in call inlined at anubis_dead_man_switch.adb:773
  733 |               Idx := Idx + 1;
      |                      ~~~~^~~
  reason for check: result of addition must fit in a 32-bits machine integer
  possible fix: loop at line 742 should mention Idx in a loop invariant
  742 |      for I in State.Builder_PK_Hash'Range loop
      |                                           ^ here

anubis_dead_man_switch.adb:733:27: medium: overflow check might fail, in call inlined at anubis_dead_man_switch.adb:781
  733 |               Idx := Idx + 1;
      |                      ~~~~^~~
  reason for check: result of addition must fit in a 32-bits machine integer
  possible fix: loop at line 742 should mention Idx in a loop invariant
  742 |      for I in State.Builder_PK_Hash'Range loop
      |                                           ^ here

anubis_dead_man_switch.adb:733:27: medium: overflow check might fail, in call inlined at anubis_dead_man_switch.adb:782
  733 |               Idx := Idx + 1;
      |                      ~~~~^~~
  reason for check: result of addition must fit in a 32-bits machine integer
  possible fix: loop at line 742 should mention Idx in a loop invariant
  742 |      for I in State.Builder_PK_Hash'Range loop
      |                                           ^ here

anubis_dead_man_switch.adb:733:27: medium: overflow check might fail, in call inlined at anubis_dead_man_switch.adb:783
  733 |               Idx := Idx + 1;
      |                      ~~~~^~~
  reason for check: result of addition must fit in a 32-bits machine integer
  possible fix: loop at line 742 should mention Idx in a loop invariant
  742 |      for I in State.Builder_PK_Hash'Range loop
      |                                           ^ here

anubis_dead_man_switch.adb:733:27: medium: overflow check might fail, in call inlined at anubis_dead_man_switch.adb:786
  733 |               Idx := Idx + 1;
      |                      ~~~~^~~
  reason for check: result of addition must fit in a 32-bits machine integer
  possible fix: loop at line 742 should mention Idx in a loop invariant
  742 |      for I in State.Builder_PK_Hash'Range loop
      |                                           ^ here
anubis_dead_man_switch.adb:739:14: info: length check proved

anubis_dead_man_switch.adb:744:21: medium: array index check might fail
  744 |            Output (Idx) := State.Builder_PK_Hash (I);
      |                    ^~~
  reason for check: value must be a valid index into the array
  possible fix: loop at line 742 should mention Idx in a loop invariant
  742 |      for I in State.Builder_PK_Hash'Range loop
      |                                           ^ here

anubis_dead_man_switch.adb:745:24: medium: overflow check might fail
  745 |            Idx := Idx + 1;
      |                   ~~~~^~~
  reason for check: result of addition must fit in a 32-bits machine integer
  possible fix: loop at line 742 should mention Idx in a loop invariant
  742 |      for I in State.Builder_PK_Hash'Range loop
      |                                           ^ here
anubis_dead_man_switch.adb:751:18: info: index check proved

anubis_dead_man_switch.adb:752:21: medium: overflow check might fail
  752 |         Idx := Idx + 1;
      |                ~~~~^~~
  reason for check: result of addition must fit in a 32-bits machine integer
  possible fix: loop at line 742 should mention Idx in a loop invariant
  742 |      for I in State.Builder_PK_Hash'Range loop
      |                                           ^ here
anubis_dead_man_switch.adb:756:18: info: index check proved

anubis_dead_man_switch.adb:757:21: medium: overflow check might fail
  757 |         Idx := Idx + 1;
      |                ~~~~^~~
  reason for check: result of addition must fit in a 32-bits machine integer
  possible fix: loop at line 742 should mention Idx in a loop invariant
  742 |      for I in State.Builder_PK_Hash'Range loop
      |                                           ^ here
anubis_dead_man_switch.adb:768:18: info: index check proved

anubis_dead_man_switch.adb:769:21: medium: overflow check might fail
  769 |         Idx := Idx + 1;
      |                ~~~~^~~
  reason for check: result of addition must fit in a 32-bits machine integer
  possible fix: loop at line 742 should mention Idx in a loop invariant
  742 |      for I in State.Builder_PK_Hash'Range loop
      |                                           ^ here
anubis_dead_man_switch.adb:777:18: info: index check proved

anubis_dead_man_switch.adb:778:21: medium: overflow check might fail
  778 |         Idx := Idx + 1;
      |                ~~~~^~~
  reason for check: result of addition must fit in a 32-bits machine integer
  possible fix: loop at line 742 should mention Idx in a loop invariant
  742 |      for I in State.Builder_PK_Hash'Range loop
      |                                           ^ here
anubis_dead_man_switch.adb:789:18: info: index check proved
anubis_dead_man_switch.adb:789:60: info: division check proved
anubis_dead_man_switch.adb:789:60: info: range check proved

anubis_dead_man_switch.adb:790:21: medium: overflow check might fail
  790 |         Idx := Idx + 1;
      |                ~~~~^~~
  reason for check: result of addition must fit in a 32-bits machine integer
  possible fix: loop at line 742 should mention Idx in a loop invariant
  742 |      for I in State.Builder_PK_Hash'Range loop
      |                                           ^ here
anubis_dead_man_switch.adb:794:18: info: index check proved
anubis_dead_man_switch.adb:794:60: info: division check proved
anubis_dead_man_switch.adb:794:60: info: range check proved

anubis_dead_man_switch.adb:795:21: medium: overflow check might fail
  795 |         Idx := Idx + 1;
      |                ~~~~^~~
  reason for check: result of addition must fit in a 32-bits machine integer
  possible fix: loop at line 742 should mention Idx in a loop invariant
  742 |      for I in State.Builder_PK_Hash'Range loop
      |                                           ^ here
anubis_dead_man_switch.adb:798:21: info: overflow check proved
anubis_dead_man_switch.adb:798:21: info: range check proved

anubis_dead_man_switch.adb:806:29: medium: range check might fail
  806 |      Idx : Natural := Input'First;
      |                       ~~~~~^~~~~~
  e.g. when Input'Last = -2
  reason for check: default component value must fit in the type
  possible fix: add or complete related loop invariants or postconditions
anubis_dead_man_switch.adb:808:27: info: initialization of "Val" proved
anubis_dead_man_switch.adb:813:49: info: index check proved, in call inlined at anubis_dead_man_switch.adb:851
anubis_dead_man_switch.adb:813:49: info: index check proved, in call inlined at anubis_dead_man_switch.adb:852
anubis_dead_man_switch.adb:813:49: info: index check proved, in call inlined at anubis_dead_man_switch.adb:853
anubis_dead_man_switch.adb:813:49: info: index check proved, in call inlined at anubis_dead_man_switch.adb:854
anubis_dead_man_switch.adb:813:49: info: index check proved, in call inlined at anubis_dead_man_switch.adb:855
anubis_dead_man_switch.adb:813:49: info: index check proved, in call inlined at anubis_dead_man_switch.adb:865
anubis_dead_man_switch.adb:813:49: info: index check proved, in call inlined at anubis_dead_man_switch.adb:866
anubis_dead_man_switch.adb:813:49: info: index check proved, in call inlined at anubis_dead_man_switch.adb:876
anubis_dead_man_switch.adb:813:49: info: index check proved, in call inlined at anubis_dead_man_switch.adb:877
anubis_dead_man_switch.adb:813:49: info: index check proved, in call inlined at anubis_dead_man_switch.adb:878
anubis_dead_man_switch.adb:813:49: info: index check proved, in call inlined at anubis_dead_man_switch.adb:881

anubis_dead_man_switch.adb:814:27: medium: overflow check might fail, in call inlined at anubis_dead_man_switch.adb:851
  814 |               Idx := Idx + 1;
      |                      ~~~~^~~
  reason for check: result of addition must fit in a 32-bits machine integer
  possible fix: loop at line 829 should mention Idx in a loop invariant
  829 |      for I in State.Builder_PK_Hash'Range loop
      |                                           ^ here

anubis_dead_man_switch.adb:814:27: medium: overflow check might fail, in call inlined at anubis_dead_man_switch.adb:852
  814 |               Idx := Idx + 1;
      |                      ~~~~^~~
  reason for check: result of addition must fit in a 32-bits machine integer
  possible fix: loop at line 829 should mention Idx in a loop invariant
  829 |      for I in State.Builder_PK_Hash'Range loop
      |                                           ^ here

anubis_dead_man_switch.adb:814:27: medium: overflow check might fail, in call inlined at anubis_dead_man_switch.adb:853
  814 |               Idx := Idx + 1;
      |                      ~~~~^~~
  reason for check: result of addition must fit in a 32-bits machine integer
  possible fix: loop at line 829 should mention Idx in a loop invariant
  829 |      for I in State.Builder_PK_Hash'Range loop
      |                                           ^ here

anubis_dead_man_switch.adb:814:27: medium: overflow check might fail, in call inlined at anubis_dead_man_switch.adb:854
  814 |               Idx := Idx + 1;
      |                      ~~~~^~~
  reason for check: result of addition must fit in a 32-bits machine integer
  possible fix: loop at line 829 should mention Idx in a loop invariant
  829 |      for I in State.Builder_PK_Hash'Range loop
      |                                           ^ here

anubis_dead_man_switch.adb:814:27: medium: overflow check might fail, in call inlined at anubis_dead_man_switch.adb:855
  814 |               Idx := Idx + 1;
      |                      ~~~~^~~
  reason for check: result of addition must fit in a 32-bits machine integer
  possible fix: loop at line 829 should mention Idx in a loop invariant
  829 |      for I in State.Builder_PK_Hash'Range loop
      |                                           ^ here

anubis_dead_man_switch.adb:814:27: medium: overflow check might fail, in call inlined at anubis_dead_man_switch.adb:865
  814 |               Idx := Idx + 1;
      |                      ~~~~^~~
  reason for check: result of addition must fit in a 32-bits machine integer
  possible fix: loop at line 829 should mention Idx in a loop invariant
  829 |      for I in State.Builder_PK_Hash'Range loop
      |                                           ^ here

anubis_dead_man_switch.adb:814:27: medium: overflow check might fail, in call inlined at anubis_dead_man_switch.adb:866
  814 |               Idx := Idx + 1;
      |                      ~~~~^~~
  reason for check: result of addition must fit in a 32-bits machine integer
  possible fix: loop at line 829 should mention Idx in a loop invariant
  829 |      for I in State.Builder_PK_Hash'Range loop
      |                                           ^ here

anubis_dead_man_switch.adb:814:27: medium: overflow check might fail, in call inlined at anubis_dead_man_switch.adb:876
  814 |               Idx := Idx + 1;
      |                      ~~~~^~~
  reason for check: result of addition must fit in a 32-bits machine integer
  possible fix: loop at line 829 should mention Idx in a loop invariant
  829 |      for I in State.Builder_PK_Hash'Range loop
      |                                           ^ here

anubis_dead_man_switch.adb:814:27: medium: overflow check might fail, in call inlined at anubis_dead_man_switch.adb:877
  814 |               Idx := Idx + 1;
      |                      ~~~~^~~
  reason for check: result of addition must fit in a 32-bits machine integer
  possible fix: loop at line 829 should mention Idx in a loop invariant
  829 |      for I in State.Builder_PK_Hash'Range loop
      |                                           ^ here

anubis_dead_man_switch.adb:814:27: medium: overflow check might fail, in call inlined at anubis_dead_man_switch.adb:878
  814 |               Idx := Idx + 1;
      |                      ~~~~^~~
  reason for check: result of addition must fit in a 32-bits machine integer
  possible fix: loop at line 829 should mention Idx in a loop invariant
  829 |      for I in State.Builder_PK_Hash'Range loop
      |                                           ^ here

anubis_dead_man_switch.adb:814:27: medium: overflow check might fail, in call inlined at anubis_dead_man_switch.adb:881
  814 |               Idx := Idx + 1;
      |                      ~~~~^~~
  reason for check: result of addition must fit in a 32-bits machine integer
  possible fix: loop at line 829 should mention Idx in a loop invariant
  829 |      for I in State.Builder_PK_Hash'Range loop
      |                                           ^ here
anubis_dead_man_switch.adb:821:07: info: precondition proved

anubis_dead_man_switch.adb:831:49: medium: array index check might fail
  831 |            State.Builder_PK_Hash (I) := Input (Idx);
      |                                                ^~~
  reason for check: value must be a valid index into the array
  possible fix: loop at line 829 should mention Idx in a loop invariant
  829 |      for I in State.Builder_PK_Hash'Range loop
      |                                           ^ here

anubis_dead_man_switch.adb:832:24: medium: overflow check might fail
  832 |            Idx := Idx + 1;
      |                   ~~~~^~~
  reason for check: result of addition must fit in a 32-bits machine integer
  possible fix: loop at line 829 should mention Idx in a loop invariant
  829 |      for I in State.Builder_PK_Hash'Range loop
      |                                           ^ here
anubis_dead_man_switch.adb:838:29: info: index check proved
anubis_dead_man_switch.adb:839:46: info: range check proved
anubis_dead_man_switch.adb:839:62: info: index check proved

anubis_dead_man_switch.adb:841:21: medium: overflow check might fail
  841 |         Idx := Idx + 1;
      |                ~~~~^~~
  reason for check: result of addition must fit in a 32-bits machine integer
  possible fix: loop at line 829 should mention Idx in a loop invariant
  829 |      for I in State.Builder_PK_Hash'Range loop
      |                                           ^ here
anubis_dead_man_switch.adb:845:29: info: index check proved
anubis_dead_man_switch.adb:846:58: info: range check proved
anubis_dead_man_switch.adb:846:74: info: index check proved

anubis_dead_man_switch.adb:848:21: medium: overflow check might fail
  848 |         Idx := Idx + 1;
      |                ~~~~^~~
  reason for check: result of addition must fit in a 32-bits machine integer
  possible fix: loop at line 829 should mention Idx in a loop invariant
  829 |      for I in State.Builder_PK_Hash'Range loop
      |                                           ^ here
anubis_dead_man_switch.adb:859:29: info: index check proved
anubis_dead_man_switch.adb:860:53: info: range check proved
anubis_dead_man_switch.adb:860:69: info: index check proved

anubis_dead_man_switch.adb:862:21: medium: overflow check might fail
  862 |         Idx := Idx + 1;
      |                ~~~~^~~
  reason for check: result of addition must fit in a 32-bits machine integer
  possible fix: loop at line 829 should mention Idx in a loop invariant
  829 |      for I in State.Builder_PK_Hash'Range loop
      |                                           ^ here
anubis_dead_man_switch.adb:870:29: info: index check proved
anubis_dead_man_switch.adb:871:58: info: range check proved
anubis_dead_man_switch.adb:871:74: info: index check proved

anubis_dead_man_switch.adb:873:21: medium: overflow check might fail
  873 |         Idx := Idx + 1;
      |                ~~~~^~~
  reason for check: result of addition must fit in a 32-bits machine integer
  possible fix: loop at line 829 should mention Idx in a loop invariant
  829 |      for I in State.Builder_PK_Hash'Range loop
      |                                           ^ here
anubis_dead_man_switch.adb:884:55: info: index check proved

anubis_dead_man_switch.adb:885:21: medium: overflow check might fail
  885 |         Idx := Idx + 1;
      |                ~~~~^~~
  reason for check: result of addition must fit in a 32-bits machine integer
  possible fix: loop at line 829 should mention Idx in a loop invariant
  829 |      for I in State.Builder_PK_Hash'Range loop
      |                                           ^ here
anubis_dead_man_switch.adb:889:55: info: index check proved

anubis_dead_man_switch.adb:890:14: warning: unused assignment
  890 |         Idx := Idx + 1;
      |         ~~~~^~~~~~~~~~

anubis_dead_man_switch.adb:890:21: medium: overflow check might fail
  890 |         Idx := Idx + 1;
      |                ~~~~^~~
  reason for check: result of addition must fit in a 32-bits machine integer
  possible fix: loop at line 829 should mention Idx in a loop invariant
  829 |      for I in State.Builder_PK_Hash'Range loop
      |                                           ^ here
anubis_dead_man_switch.ads:232:07: info: initialization of "State" proved
anubis_dead_man_switch.ads:236:07: info: data dependencies proved
anubis_dead_man_switch.ads:238:15: info: postcondition proved
anubis_dead_man_switch.ads:244:07: info: initialization of "Council" proved
anubis_dead_man_switch.ads:247:07: info: data dependencies proved
anubis_dead_man_switch.ads:248:15: info: postcondition proved
anubis_dead_man_switch.ads:260:07: info: initialization of "Result" proved
anubis_dead_man_switch.ads:262:07: info: data dependencies proved

anubis_dead_man_switch.ads:265:15: medium: postcondition might fail
  265>|      Post => (if Result = Recorded then
  266 |                  State.Last_Heartbeat = Current_Block
  267 |                  and State.State = Active);
anubis_dead_man_switch.ads:274:07: info: data dependencies proved
anubis_dead_man_switch.ads:277:13: info: implicit aspect Always_Terminates on "Blocks_Until_Heartbeat" has been proved, subprogram will terminate
anubis_dead_man_switch.ads:281:07: info: data dependencies proved
anubis_dead_man_switch.ads:284:13: info: implicit aspect Always_Terminates on "Is_Heartbeat_Overdue" has been proved, subprogram will terminate
anubis_dead_man_switch.ads:288:07: info: data dependencies proved
anubis_dead_man_switch.ads:300:07: info: data dependencies proved
anubis_dead_man_switch.ads:302:15: info: postcondition proved
anubis_dead_man_switch.ads:306:13: info: implicit aspect Always_Terminates on "Should_Trigger" has been proved, subprogram will terminate
anubis_dead_man_switch.ads:310:07: info: data dependencies proved
anubis_dead_man_switch.ads:311:15: info: postcondition proved
anubis_dead_man_switch.ads:321:07: info: data dependencies proved
anubis_dead_man_switch.ads:334:07: info: initialization of "Result" proved
anubis_dead_man_switch.ads:336:07: info: data dependencies proved
anubis_dead_man_switch.ads:339:15: info: postcondition proved
anubis_dead_man_switch.ads:349:07: info: initialization of "Result" proved
anubis_dead_man_switch.ads:351:07: info: data dependencies proved
anubis_dead_man_switch.ads:362:07: info: initialization of "Result" proved
anubis_dead_man_switch.ads:364:07: info: data dependencies proved
anubis_dead_man_switch.ads:377:07: info: data dependencies proved
anubis_dead_man_switch.ads:380:13: info: implicit aspect Always_Terminates on "Get_Phase" has been proved, subprogram will terminate
anubis_dead_man_switch.ads:383:07: info: data dependencies proved
anubis_dead_man_switch.ads:384:15: info: postcondition proved
anubis_dead_man_switch.ads:387:13: info: implicit aspect Always_Terminates on "Privilege_Available" has been proved, subprogram will terminate
anubis_dead_man_switch.ads:391:07: info: data dependencies proved
anubis_dead_man_switch.ads:394:13: info: implicit aspect Always_Terminates on "Privilege_Expires_At" has been proved, subprogram will terminate
anubis_dead_man_switch.ads:397:07: info: data dependencies proved
anubis_dead_man_switch.ads:409:07: info: initialization of "Result" proved
anubis_dead_man_switch.ads:411:07: info: data dependencies proved
anubis_dead_man_switch.ads:423:07: info: initialization of "Result" proved
anubis_dead_man_switch.ads:425:07: info: data dependencies proved
anubis_dead_man_switch.ads:434:07: info: initialization of "Result" proved
anubis_dead_man_switch.ads:436:07: info: data dependencies proved
anubis_dead_man_switch.ads:441:13: info: implicit aspect Always_Terminates on "Is_Paused" has been proved, subprogram will terminate
anubis_dead_man_switch.ads:442:07: info: data dependencies proved
anubis_dead_man_switch.ads:443:15: info: postcondition proved
anubis_dead_man_switch.ads:465:07: info: initialization of "Success" proved
anubis_dead_man_switch.ads:467:07: info: data dependencies proved
anubis_dead_man_switch.ads:471:13: info: implicit aspect Always_Terminates on "Is_Valid_Change" has been proved, subprogram will terminate
anubis_dead_man_switch.ads:475:07: info: data dependencies proved
anubis_dead_man_switch.ads:487:07: info: initialization of "Success" proved
anubis_dead_man_switch.ads:489:07: info: data dependencies proved
anubis_dead_man_switch.ads:498:07: info: initialization of "Success" proved
anubis_dead_man_switch.ads:500:07: info: data dependencies proved
anubis_dead_man_switch.ads:504:13: info: implicit aspect Always_Terminates on "Check_Council_Threshold" has been proved, subprogram will terminate
anubis_dead_man_switch.ads:508:07: info: data dependencies proved
anubis_dead_man_switch.ads:509:15: info: postcondition proved
anubis_dead_man_switch.ads:516:13: info: implicit aspect Always_Terminates on "Get_Privilege_Holder" has been proved, subprogram will terminate
anubis_dead_man_switch.ads:520:07: info: data dependencies proved
anubis_dead_man_switch.ads:523:13: info: implicit aspect Always_Terminates on "Has_Privilege" has been proved, subprogram will terminate
anubis_dead_man_switch.ads:528:07: info: data dependencies proved
anubis_dead_man_switch.ads:554:07: info: data dependencies proved
anubis_dead_man_switch.ads:557:13: info: implicit aspect Always_Terminates on "Next_Handoff_Block" has been proved, subprogram will terminate
anubis_dead_man_switch.ads:560:07: info: data dependencies proved
anubis_dead_man_switch.ads:568:07: info: initialization of "Output" proved
anubis_dead_man_switch.ads:569:07: info: initialization of "Length" proved
anubis_dead_man_switch.ads:571:07: info: data dependencies proved
anubis_dead_man_switch.ads:576:07: info: initialization of "State" proved
anubis_dead_man_switch.ads:577:07: info: initialization of "Success" proved
anubis_dead_man_switch.ads:579:07: info: data dependencies proved
anubis_dead_man_switch.ads:585:36: info: initialization of "State" proved
anubis_dead_man_switch.ads:586:07: info: data dependencies proved

anubis_dead_man_switch.ads:588:37: medium: "Council.Members" might not be initialized in "Zeroize_Council_State"
  588 |   procedure Zeroize_Council_State (Council : out Council_State) with
      |                                    ^~~~~~~
  reason for check: OUT parameter should be fully initialized on return
  possible fix: initialize "Council.Members" on all paths, make "Council" an IN OUT parameter or annotate it with aspect Relaxed_Initialization
anubis_dead_man_switch.ads:589:07: info: data dependencies proved
anubis_dead_man_switch.ads:591:33: info: initialization of "Heartbeat" proved
anubis_dead_man_switch.ads:592:07: info: data dependencies proved
