anubis_mlkem_compress.adb:19:07: info: initialization of "Val" proved
anubis_mlkem_compress.adb:23:33: info: loop invariant preservation proved
anubis_mlkem_compress.adb:23:33: info: loop invariant initialization proved
anubis_mlkem_compress.adb:25:14: info: loop invariant preservation proved
anubis_mlkem_compress.adb:25:14: info: loop invariant initialization proved
anubis_mlkem_compress.adb:25:64: info: index check proved
anubis_mlkem_compress.adb:30:49: info: division check proved
anubis_mlkem_compress.adb:32:25: info: assertion proved
anubis_mlkem_compress.adb:33:39: info: range check proved
anubis_mlkem_compress.adb:44:07: info: initialization of "Val" proved
anubis_mlkem_compress.adb:48:33: info: loop invariant initialization proved
anubis_mlkem_compress.adb:48:33: info: loop invariant preservation proved
anubis_mlkem_compress.adb:50:14: info: loop invariant initialization proved
anubis_mlkem_compress.adb:50:14: info: loop invariant preservation proved
anubis_mlkem_compress.adb:50:64: info: index check proved
anubis_mlkem_compress.adb:54:48: info: division check proved
anubis_mlkem_compress.adb:56:25: info: assertion proved
anubis_mlkem_compress.adb:57:39: info: range check proved
anubis_mlkem_compress.adb:69:07: info: initialization of "Val" proved
anubis_mlkem_compress.adb:75:33: info: loop invariant preservation proved
anubis_mlkem_compress.adb:75:33: info: loop invariant initialization proved
anubis_mlkem_compress.adb:77:14: info: loop invariant preservation proved
anubis_mlkem_compress.adb:77:14: info: loop invariant initialization proved
anubis_mlkem_compress.adb:77:64: info: index check proved
anubis_mlkem_compress.adb:85:34: info: division check proved
anubis_mlkem_compress.adb:87:25: info: assertion proved
anubis_mlkem_compress.adb:88:39: info: range check proved
anubis_mlkem_compress.adb:100:07: info: initialization of "Val" proved
anubis_mlkem_compress.adb:104:33: info: loop invariant initialization proved
anubis_mlkem_compress.adb:104:33: info: loop invariant preservation proved
anubis_mlkem_compress.adb:106:14: info: loop invariant preservation proved
anubis_mlkem_compress.adb:106:14: info: loop invariant initialization proved
anubis_mlkem_compress.adb:106:64: info: index check proved
anubis_mlkem_compress.adb:111:32: info: division check proved
anubis_mlkem_compress.adb:113:25: info: assertion proved
anubis_mlkem_compress.adb:114:39: info: range check proved
anubis_mlkem_compress.adb:126:33: info: loop invariant preservation proved
anubis_mlkem_compress.adb:126:33: info: loop invariant initialization proved
anubis_mlkem_compress.adb:128:14: info: loop invariant initialization proved
anubis_mlkem_compress.adb:128:14: info: loop invariant preservation proved
anubis_mlkem_compress.adb:129:52: info: index check proved
anubis_mlkem_compress.adb:144:33: info: loop invariant initialization proved
anubis_mlkem_compress.adb:144:33: info: loop invariant preservation proved
anubis_mlkem_compress.adb:146:33: info: loop invariant initialization proved
anubis_mlkem_compress.adb:146:33: info: loop invariant preservation proved
anubis_mlkem_compress.adb:147:67: info: index check proved
anubis_mlkem_compress.adb:150:14: info: loop invariant initialization proved
anubis_mlkem_compress.adb:150:14: info: loop invariant preservation proved
anubis_mlkem_compress.adb:151:52: info: index check proved
anubis_mlkem_compress.adb:152:10: info: precondition proved
anubis_mlkem_compress.ads:31:07: info: initialization of "Result" proved
anubis_mlkem_compress.ads:33:07: info: data dependencies proved
anubis_mlkem_compress.ads:34:15: info: postcondition proved
anubis_mlkem_compress.ads:38:07: info: initialization of "Result" proved
anubis_mlkem_compress.ads:40:07: info: data dependencies proved
anubis_mlkem_compress.ads:41:15: info: postcondition proved
anubis_mlkem_compress.ads:50:07: info: initialization of "Result" proved
anubis_mlkem_compress.ads:52:07: info: data dependencies proved
anubis_mlkem_compress.ads:54:15: info: postcondition proved
anubis_mlkem_compress.ads:58:07: info: initialization of "Result" proved
anubis_mlkem_compress.ads:60:07: info: data dependencies proved
anubis_mlkem_compress.ads:62:15: info: postcondition proved
anubis_mlkem_compress.ads:67:07: info: initialization of "Result" proved
anubis_mlkem_compress.ads:69:07: info: data dependencies proved
anubis_mlkem_compress.ads:70:15: info: postcondition proved
anubis_mlkem_compress.ads:75:07: info: initialization of "Result" proved
anubis_mlkem_compress.ads:77:07: info: data dependencies proved
anubis_mlkem_compress.ads:80:15: info: postcondition proved
