khepri_storage_trie.adb:52:13: info: implicit aspect Always_Terminates on "Find_Empty_Storage" has been proved, subprogram will terminate
khepri_storage_trie.adb:62:13: info: implicit aspect Always_Terminates on "Find_Contract_Entry" has been proved, subprogram will terminate
khepri_storage_trie.adb:74:13: info: implicit aspect Always_Terminates on "Find_Empty_Contract_Entry" has been proved, subprogram will terminate
khepri_storage_trie.adb:87:07: info: initialization of "Key" proved
khepri_storage_trie.adb:100:13: info: implicit aspect Always_Terminates on "Bytes_To_U256" has been proved, subprogram will terminate
khepri_storage_trie.adb:103:48: info: range check proved

khepri_storage_trie.adb:103:62: high: range check might fail
  103 |                                        Natural'Min (31, Data'Length - 1)
      |                                                         ~~~~^~~~~~~
  e.g. when Data'First = 0
        and Data'Last = Integer'Last
khepri_storage_trie.adb:110:20: info: precondition proved
khepri_storage_trie.adb:112:51: info: overflow check proved
khepri_storage_trie.adb:112:51: info: index check proved
khepri_storage_trie.adb:118:13: info: implicit aspect Always_Terminates on "Node_Value_To_Bytes" has been proved, subprogram will terminate
khepri_storage_trie.adb:122:07: info: range check proved
khepri_storage_trie.adb:122:48: info: length check proved
khepri_storage_trie.adb:126:30: info: index check proved
khepri_storage_trie.adb:141:07: info: initialization of "New_Storage" proved
khepri_storage_trie.adb:142:07: info: initialization of "New_Trie" proved
khepri_storage_trie.adb:143:07: info: initialization of "Trie_Success" proved
khepri_storage_trie.adb:144:07: info: initialization of "Map_Slot" proved
khepri_storage_trie.adb:145:07: info: initialization of "Existing_Slot" proved
khepri_storage_trie.adb:153:35: info: index check proved

khepri_storage_trie.adb:183:21: medium: array index check might fail
  183 |      Contract_Map (Map_Slot) := (
      |                    ^~~~~~~~
  e.g. when Map_Slot = 10000
  reason for check: value must be a valid index into the array
khepri_storage_trie.adb:199:07: info: initialization of "New_Storage" proved
khepri_storage_trie.adb:200:07: info: initialization of "New_Trie" proved
khepri_storage_trie.adb:201:07: info: initialization of "Trie_Success" proved
khepri_storage_trie.adb:202:07: info: initialization of "Map_Slot" proved

khepri_storage_trie.adb:232:21: medium: array index check might fail
  232 |      Contract_Map (Map_Slot) := (
      |                    ^~~~~~~~
  e.g. when Map_Slot = 10000
  reason for check: value must be a valid index into the array

khepri_storage_trie.adb:275:07: warning: initialization of "Key" has no effect
  275 |      Key       : Byte_Array (0 .. 31) := (others => 0);
      |      ^~~~~~~~~~~~~~~~~~~~~~~~~~~~~~~~~~~~~~~~~~~~~~~~
khepri_storage_trie.adb:276:07: info: initialization of "Val_Data" proved
khepri_storage_trie.adb:277:07: info: initialization of "Found" proved
khepri_storage_trie.adb:278:07: info: initialization of "MPT_Error" proved
khepri_storage_trie.adb:291:07: info: precondition proved

khepri_storage_trie.adb:321:07: warning: initialization of "Key" has no effect
  321 |      Key       : Byte_Array (0 .. 31) := (others => 0);
      |      ^~~~~~~~~~~~~~~~~~~~~~~~~~~~~~~~~~~~~~~~~~~~~~~~

khepri_storage_trie.adb:322:07: warning: initialization of "Val" has no effect
  322 |      Val       : Byte_Array (0 .. 31) := (others => 0);
      |      ^~~~~~~~~~~~~~~~~~~~~~~~~~~~~~~~~~~~~~~~~~~~~~~~
khepri_storage_trie.adb:323:07: info: initialization of "MPT_Error" proved
khepri_storage_trie.adb:338:10: info: precondition proved
khepri_storage_trie.adb:345:10: info: precondition proved

khepri_storage_trie.adb:358:07: warning: initialization of "Key" has no effect
  358 |      Key       : Byte_Array (0 .. 31) := (others => 0);
      |      ^~~~~~~~~~~~~~~~~~~~~~~~~~~~~~~~~~~~~~~~~~~~~~~~
khepri_storage_trie.adb:359:07: info: initialization of "MPT_Error" proved
khepri_storage_trie.adb:371:07: info: precondition proved

khepri_storage_trie.adb:385:07: warning: initialization of "Key" has no effect
  385 |      Key : Byte_Array (0 .. 31) := (others => 0);
      |      ^~~~~~~~~~~~~~~~~~~~~~~~~~~~~~~~~~~~~~~~~~
khepri_storage_trie.adb:392:14: info: precondition proved
khepri_storage_trie.adb:432:07: info: initialization of "New_Trie" proved
khepri_storage_trie.adb:433:07: info: initialization of "Trie_Success" proved

khepri_storage_trie.adb:491:62: warning: "Error" is set by "Restore_Snapshot" but not used after the call
  491 |         Storage_Array (Storage).Trie, Snapshot_ID, Success, Error);
      |                                                             ^~~~~

khepri_storage_trie.adb:515:07: warning: initialization of "Key" has no effect
  515 |      Key   : Byte_Array (0 .. 31) := (others => 0);
      |      ^~~~~~~~~~~~~~~~~~~~~~~~~~~~~~~~~~~~~~~~~~~~
khepri_storage_trie.adb:532:07: info: precondition proved

khepri_storage_trie.adb:532:74: warning: "Error" is set by "Generate_Proof" but not used after the call
  532 |      Generate_Proof (Storage_Array (Storage).Trie, Key, Proof, Success, Error);
      |                                                                         ^~~~~

khepri_storage_trie.adb:546:41: warning: "Error" is set by "Verify_Proof" but not used after the call
  546 |      Verify_Proof (Root, Proof, Valid, Error);
      |                                        ^~~~~
khepri_storage_trie.adb:566:31: info: index check proved
khepri_storage_trie.ads:19:04: info: flow dependencies proved
khepri_storage_trie.ads:54:07: info: initialization of "Storage" proved
khepri_storage_trie.ads:55:07: info: initialization of "Success" proved
khepri_storage_trie.ads:57:07: info: data dependencies proved
khepri_storage_trie.ads:63:07: info: initialization of "Storage" proved
khepri_storage_trie.ads:64:07: info: initialization of "Success" proved
khepri_storage_trie.ads:66:07: info: data dependencies proved
khepri_storage_trie.ads:72:07: info: data dependencies proved
khepri_storage_trie.ads:82:07: info: initialization of "Value" proved
khepri_storage_trie.ads:83:07: info: initialization of "Success" proved
khepri_storage_trie.ads:84:07: info: initialization of "Error" proved
khepri_storage_trie.ads:86:07: info: data dependencies proved
khepri_storage_trie.ads:93:07: info: initialization of "Success" proved
khepri_storage_trie.ads:94:07: info: initialization of "Error" proved
khepri_storage_trie.ads:96:07: info: data dependencies proved
khepri_storage_trie.ads:103:07: info: initialization of "Success" proved
khepri_storage_trie.ads:104:07: info: initialization of "Error" proved
khepri_storage_trie.ads:106:07: info: data dependencies proved
khepri_storage_trie.ads:110:13: info: implicit aspect Always_Terminates on "Slot_Exists" has been proved, subprogram will terminate
khepri_storage_trie.ads:114:07: info: data dependencies proved
khepri_storage_trie.ads:122:13: info: implicit aspect Always_Terminates on "Get_Root" has been proved, subprogram will terminate
khepri_storage_trie.ads:123:07: info: data dependencies proved
khepri_storage_trie.ads:127:13: info: implicit aspect Always_Terminates on "Is_Empty" has been proved, subprogram will terminate
khepri_storage_trie.ads:128:07: info: data dependencies proved
khepri_storage_trie.ads:132:13: info: implicit aspect Always_Terminates on "Slot_Count" has been proved, subprogram will terminate
khepri_storage_trie.ads:133:07: info: data dependencies proved
khepri_storage_trie.ads:143:07: info: initialization of "Success" proved
khepri_storage_trie.ads:144:07: info: initialization of "Error" proved
khepri_storage_trie.ads:146:07: info: data dependencies proved
khepri_storage_trie.ads:155:07: info: initialization of "Snapshot_ID" proved
khepri_storage_trie.ads:156:07: info: initialization of "Success" proved
khepri_storage_trie.ads:158:07: info: data dependencies proved
khepri_storage_trie.ads:165:07: info: initialization of "Success" proved
khepri_storage_trie.ads:167:07: info: data dependencies proved
khepri_storage_trie.ads:175:07: info: data dependencies proved
khepri_storage_trie.ads:186:07: info: initialization of "Proof" proved
khepri_storage_trie.ads:187:07: info: initialization of "Success" proved
khepri_storage_trie.ads:189:07: info: data dependencies proved

khepri_storage_trie.ads:194:07: warning: unused variable "Slot"
  194 |      Slot    : in     U256;
      |      ^~~~
khepri_storage_trie.ads:196:07: info: initialization of "Value" proved
khepri_storage_trie.ads:197:07: info: initialization of "Valid" proved
khepri_storage_trie.ads:199:07: info: data dependencies proved
khepri_storage_trie.ads:206:13: info: implicit aspect Always_Terminates on "Find_Storage" has been proved, subprogram will terminate
khepri_storage_trie.ads:207:07: info: data dependencies proved
