khepri_mpt_types.adb:25:33: info: loop invariant initialization proved
khepri_mpt_types.adb:25:33: info: loop invariant preservation proved
khepri_mpt_types.adb:25:41: info: overflow check proved
khepri_mpt_types.adb:26:33: info: loop invariant initialization proved
khepri_mpt_types.adb:26:33: info: loop invariant preservation proved
khepri_mpt_types.adb:27:33: info: loop invariant initialization proved
khepri_mpt_types.adb:27:33: info: loop invariant preservation proved
khepri_mpt_types.adb:28:33: info: loop invariant initialization proved
khepri_mpt_types.adb:28:33: info: loop invariant preservation proved
khepri_mpt_types.adb:28:44: info: overflow check proved
khepri_mpt_types.adb:31:23: info: index check proved
khepri_mpt_types.adb:31:39: info: range check proved
khepri_mpt_types.adb:31:69: info: overflow check proved
khepri_mpt_types.adb:31:69: info: index check proved
khepri_mpt_types.adb:32:21: info: overflow check proved
khepri_mpt_types.adb:34:23: info: index check proved
khepri_mpt_types.adb:34:56: info: overflow check proved
khepri_mpt_types.adb:34:56: info: index check proved
khepri_mpt_types.adb:34:61: info: range check proved
khepri_mpt_types.adb:35:21: info: overflow check proved
khepri_mpt_types.adb:37:31: info: overflow check proved
khepri_mpt_types.adb:56:33: info: loop invariant initialization proved
khepri_mpt_types.adb:56:33: info: loop invariant preservation proved
khepri_mpt_types.adb:57:33: info: loop invariant initialization proved
khepri_mpt_types.adb:57:33: info: loop invariant preservation proved
khepri_mpt_types.adb:58:33: info: loop invariant initialization proved
khepri_mpt_types.adb:58:33: info: loop invariant preservation proved
khepri_mpt_types.adb:60:21: info: index check proved
khepri_mpt_types.adb:60:35: info: index check proved
khepri_mpt_types.adb:73:44: info: range check proved
khepri_mpt_types.adb:81:33: info: loop invariant preservation proved
khepri_mpt_types.adb:81:33: info: loop invariant initialization proved
khepri_mpt_types.adb:82:33: info: loop invariant initialization proved
khepri_mpt_types.adb:82:33: info: loop invariant preservation proved
khepri_mpt_types.adb:83:33: info: loop invariant preservation proved
khepri_mpt_types.adb:83:33: info: loop invariant initialization proved
khepri_mpt_types.adb:84:33: info: loop invariant initialization proved
khepri_mpt_types.adb:84:33: info: loop invariant preservation proved
khepri_mpt_types.adb:86:21: info: index check proved
khepri_mpt_types.adb:86:34: info: index check proved
khepri_mpt_types.adb:87:30: info: overflow check proved
khepri_mpt_types.adb:110:33: info: loop invariant initialization proved
khepri_mpt_types.adb:110:33: info: loop invariant preservation proved
khepri_mpt_types.adb:111:33: info: loop invariant initialization proved
khepri_mpt_types.adb:111:33: info: loop invariant preservation proved
khepri_mpt_types.adb:112:33: info: loop invariant initialization proved
khepri_mpt_types.adb:112:33: info: loop invariant preservation proved
khepri_mpt_types.adb:114:26: info: index check proved
khepri_mpt_types.adb:114:42: info: index check proved
khepri_mpt_types.adb:132:48: info: overflow check proved
khepri_mpt_types.adb:132:48: info: range check proved
khepri_mpt_types.adb:139:33: info: loop invariant initialization proved
khepri_mpt_types.adb:139:33: info: loop invariant preservation proved
khepri_mpt_types.adb:140:33: info: loop invariant initialization proved
khepri_mpt_types.adb:140:33: info: loop invariant preservation proved
khepri_mpt_types.adb:141:33: info: loop invariant preservation proved
khepri_mpt_types.adb:141:33: info: loop invariant initialization proved
khepri_mpt_types.adb:141:40: info: overflow check proved
khepri_mpt_types.adb:142:33: info: loop invariant initialization proved
khepri_mpt_types.adb:142:33: info: loop invariant preservation proved
khepri_mpt_types.adb:142:40: info: overflow check proved
khepri_mpt_types.adb:144:23: info: index check proved
khepri_mpt_types.adb:144:46: info: overflow check proved
khepri_mpt_types.adb:144:46: info: index check proved
khepri_mpt_types.ads:179:13: info: implicit aspect Always_Terminates on "Bytes_To_Nibbles" has been proved, subprogram will terminate
khepri_mpt_types.ads:186:27: info: range check proved
khepri_mpt_types.ads:189:13: info: implicit aspect Always_Terminates on "Keys_Equal" has been proved, subprogram will terminate
khepri_mpt_types.ads:193:13: info: implicit aspect Always_Terminates on "Common_Prefix_Length" has been proved, subprogram will terminate
khepri_mpt_types.ads:197:13: info: implicit aspect Always_Terminates on "Is_Prefix" has been proved, subprogram will terminate
khepri_mpt_types.ads:201:13: info: implicit aspect Always_Terminates on "Remove_Prefix" has been proved, subprogram will terminate
khepri_mpt_types.ads:209:13: info: implicit aspect Always_Terminates on "Hash_Equal" has been proved, subprogram will terminate
