khepri_registry.adb:31:13: info: implicit aspect Always_Terminates on "Find_Entry" has been proved, subprogram will terminate
khepri_registry.adb:32:20: info: postcondition proved
khepri_registry.adb:46:13: info: implicit aspect Always_Terminates on "Find_Empty_Slot" has been proved, subprogram will terminate
khepri_registry.adb:47:20: info: postcondition proved
khepri_registry.adb:59:13: info: implicit aspect Always_Terminates on "Level_To_Discount" has been proved, subprogram will terminate
khepri_registry.adb:60:20: info: postcondition proved
khepri_registry.adb:83:07: info: initialization of "Slot" proved
khepri_registry.adb:102:29: info: range check proved
khepri_registry.adb:126:37: info: overflow check proved
khepri_registry.adb:140:07: info: initialization of "Idx" proved
khepri_registry.adb:141:07: info: initialization of "Caller_Is_Certifier" proved
khepri_registry.adb:161:32: info: range check proved
khepri_registry.adb:168:32: info: range check proved
khepri_registry.adb:175:29: info: range check proved
khepri_registry.adb:176:29: info: range check proved
khepri_registry.adb:177:29: info: range check proved
khepri_registry.adb:178:29: info: range check proved
khepri_registry.adb:191:07: info: initialization of "Idx" proved
khepri_registry.adb:192:07: info: initialization of "Aud_Idx" proved
khepri_registry.adb:205:32: info: range check proved
khepri_registry.adb:211:40: info: range check proved
khepri_registry.adb:218:29: info: range check proved
khepri_registry.adb:218:45: info: index check proved
khepri_registry.adb:224:29: info: range check proved
khepri_registry.adb:224:60: info: overflow check proved
khepri_registry.adb:225:29: info: range check proved
khepri_registry.adb:237:07: info: initialization of "Idx" proved
khepri_registry.adb:238:07: info: initialization of "Caller_Is_Certifier" proved
khepri_registry.adb:258:32: info: range check proved
khepri_registry.adb:264:29: info: range check proved
khepri_registry.adb:265:29: info: range check proved
khepri_registry.adb:266:29: info: range check proved
khepri_registry.adb:267:29: info: range check proved
khepri_registry.adb:287:32: info: range check proved
khepri_registry.adb:290:36: info: range check proved
khepri_registry.adb:304:45: info: range check proved
khepri_registry.adb:315:36: info: range check proved
khepri_registry.adb:324:36: info: range check proved
khepri_registry.adb:342:07: info: initialization of "Savings" proved
khepri_registry.adb:344:07: info: initialization of "Result" proved

khepri_registry.adb:351:57: warning: "High" is set by "Mul" but not used after the call
  351 |      Mul (Gas_Amount, From_Word64 (Word64 (Discount)), High, Savings);
      |                                                        ^~~~
khepri_registry.adb:352:18: info: precondition proved
khepri_registry.adb:365:07: info: initialization of "Temp" proved

khepri_registry.adb:366:07: warning: unused variable "High"
  366 |      High : U256;
      |      ^~~~
khepri_registry.adb:367:07: info: initialization of "Oflow" proved
khepri_registry.adb:374:34: info: range check proved
khepri_registry.adb:376:32: info: range check proved
khepri_registry.adb:380:34: info: range check proved
khepri_registry.adb:382:32: info: range check proved
khepri_registry.adb:399:36: info: range check proved
khepri_registry.adb:407:07: info: initialization of "Aud_Count" proved
khepri_registry.adb:413:42: info: range check proved
khepri_registry.adb:422:35: info: range check proved
khepri_registry.adb:422:51: info: index check proved
khepri_registry.adb:423:35: info: range check proved
khepri_registry.adb:423:51: info: index check proved
khepri_registry.adb:460:31: info: overflow check proved
khepri_registry.adb:469:07: info: initialization of "Temp" proved
khepri_registry.adb:470:07: info: initialization of "Oflow" proved
khepri_registry.adb:527:36: info: range check proved
khepri_registry.adb:528:42: info: overflow check proved
khepri_registry.ads:29:04: info: flow dependencies proved
khepri_registry.ads:147:07: info: initialization of "Success" proved
khepri_registry.ads:148:07: info: initialization of "Error" proved
khepri_registry.ads:150:07: info: data dependencies proved
khepri_registry.ads:159:07: info: initialization of "Success" proved
khepri_registry.ads:160:07: info: initialization of "Error" proved
khepri_registry.ads:162:07: info: data dependencies proved

khepri_registry.ads:170:07: warning: unused variable "Caller"
  170 |      Caller        : in     Contract_Address;
      |      ^~~~~~
khepri_registry.ads:171:07: info: initialization of "Success" proved
khepri_registry.ads:172:07: info: initialization of "Error" proved
khepri_registry.ads:174:07: info: data dependencies proved
khepri_registry.ads:181:07: info: initialization of "Success" proved
khepri_registry.ads:182:07: info: initialization of "Error" proved
khepri_registry.ads:184:07: info: data dependencies proved
khepri_registry.ads:191:13: info: implicit aspect Always_Terminates on "Is_Registered" has been proved, subprogram will terminate
khepri_registry.ads:192:07: info: data dependencies proved
khepri_registry.ads:196:13: info: implicit aspect Always_Terminates on "Get_Level" has been proved, subprogram will terminate
khepri_registry.ads:197:07: info: data dependencies proved
khepri_registry.ads:203:07: info: initialization of "Reg_Entry" proved
khepri_registry.ads:204:07: info: initialization of "Found" proved
khepri_registry.ads:206:07: info: data dependencies proved
khepri_registry.ads:209:13: info: implicit aspect Always_Terminates on "Is_Revoked" has been proved, subprogram will terminate
khepri_registry.ads:210:07: info: data dependencies proved
khepri_registry.ads:214:13: info: implicit aspect Always_Terminates on "Get_WCET_Bound" has been proved, subprogram will terminate
khepri_registry.ads:215:07: info: data dependencies proved
khepri_registry.ads:223:13: info: implicit aspect Always_Terminates on "Get_Gas_Discount" has been proved, subprogram will terminate
khepri_registry.ads:224:07: info: data dependencies proved
khepri_registry.ads:226:17: info: postcondition proved
khepri_registry.ads:229:13: info: implicit aspect Always_Terminates on "Apply_Discount" has been proved, subprogram will terminate
khepri_registry.ads:233:07: info: data dependencies proved

khepri_registry.ads:239:07: warning: unused variable "Gas_Used"
  239 |      Gas_Used      : in U256;
      |      ^~~~~~~~
khepri_registry.ads:242:07: info: data dependencies proved
khepri_registry.ads:249:13: info: implicit aspect Always_Terminates on "Verify_Proof" has been proved, subprogram will terminate
khepri_registry.ads:253:07: info: data dependencies proved
khepri_registry.ads:257:13: info: implicit aspect Always_Terminates on "Verify_Auditor" has been proved, subprogram will terminate
khepri_registry.ads:261:07: info: data dependencies proved
khepri_registry.ads:265:13: info: implicit aspect Always_Terminates on "Meets_Level" has been proved, subprogram will terminate
khepri_registry.ads:269:07: info: data dependencies proved
khepri_registry.ads:277:13: info: implicit aspect Always_Terminates on "Total_Registered" has been proved, subprogram will terminate
khepri_registry.ads:278:07: info: data dependencies proved
khepri_registry.ads:282:13: info: implicit aspect Always_Terminates on "Count_By_Level" has been proved, subprogram will terminate
khepri_registry.ads:283:07: info: data dependencies proved
khepri_registry.ads:287:13: info: implicit aspect Always_Terminates on "Total_Gas_Saved" has been proved, subprogram will terminate
khepri_registry.ads:288:07: info: data dependencies proved
khepri_registry.ads:296:14: info: initialization of "Certifier_Count" constituent of "Registry_State" proved
khepri_registry.ads:296:14: info: initialization of "Admin_Addr" constituent of "Registry_State" proved
khepri_registry.ads:296:14: info: initialization of "Entries" constituent of "Registry_State" proved
khepri_registry.ads:296:14: info: initialization of "Entry_Count" constituent of "Registry_State" proved
khepri_registry.ads:296:14: info: initialization of "Certifiers" constituent of "Registry_State" proved
khepri_registry.ads:297:07: info: data dependencies proved
khepri_registry.ads:300:13: info: implicit aspect Always_Terminates on "Is_Certifier" has been proved, subprogram will terminate
khepri_registry.ads:301:07: info: data dependencies proved
khepri_registry.ads:308:07: info: initialization of "Success" proved
khepri_registry.ads:310:07: info: data dependencies proved
khepri_registry.ads:316:07: info: initialization of "Success" proved
khepri_registry.ads:318:07: info: data dependencies proved
